#
# A fatal error has been detected by the Java Runtime Environment:
#
#  EXCEPTION_ACCESS_VIOLATION (0xc0000005) at pc=0x00007ffa9fbec36d, pid=31412, tid=33268
#
# JRE version: OpenJDK Runtime Environment Corretto-21.0.2.13.1 (21.0.2+13) (build 21.0.2+13-LTS)
# Java VM: OpenJDK 64-Bit Server VM Corretto-21.0.2.13.1 (21.0.2+13-LTS, mixed mode, sharing, tiered, compressed oops, compressed class ptrs, g1 gc, windows-amd64)
# Problematic frame:
# C  [ntdll.dll+0x3c36d]
#
# No core dump will be written. Minidumps are not enabled by default on client versions of Windows
#
# If you would like to submit a bug report, please visit:
#   https://github.com/corretto/corretto-21/issues/
# The crash happened outside the Java Virtual Machine in native code.
# See problematic frame for where to report the bug.
#

---------------  S U M M A R Y ------------

Command Line: -agentlib:jdwp=transport=dt_socket,address=127.0.0.1:54219,suspend=y,server=n -javaagent:C:/Users/jraynor/.gradle/caches/modules-2/files-2.1/org.jetbrains.kotlinx/kotlinx-coroutines-core-jvm/1.8.1/bb0e192bd7c2b6b8217440d36e9758e377e450/kotlinx-coroutines-core-jvm-1.8.1.jar -javaagent:C:\Users\jraynor\AppData\Local\JetBrains\IntelliJIdea2024.2\captureAgent\debugger-agent.jar=file:/C:/Users/jraynor/AppData/Local/Temp/capture1.props -Dkotlinx.coroutines.debug.enable.creation.stack.trace=false -Ddebugger.agent.enable.coroutines=true -Dfile.encoding=UTF-8 -Dsun.stdout.encoding=UTF-8 -Dsun.stderr.encoding=UTF-8 bpm.client.render.markdown.MarkdownTestRunnerKt

Host: 13th Gen Intel(R) Core(TM) i9-13900K, 32 cores, 31G,  Windows 11 , 64 bit Build 22621 (10.0.22621.3958)
Time: Sun Sep 29 15:37:04 2024 Eastern Daylight Time elapsed time: 49.659598 seconds (0d 0h 0m 49s)

---------------  T H R E A D  ---------------

Current thread (0x0000023eaab41bc0):  JavaThread "main"             [_thread_in_native, id=33268, stack(0x000000b069700000,0x000000b069800000) (1024K)]

Stack: [0x000000b069700000,0x000000b069800000],  sp=0x000000b0697fec70,  free space=1019k
Native frames: (J=compiled Java code, j=interpreted, Vv=VM code, C=native code)
C  [ntdll.dll+0x3c36d]
C  [ntdll.dll+0x3aff1]
C  [msvcrt.dll+0x1cadc]
C  [imgui-java64.dll+0xd6f7a]

Java frames: (J=compiled Java code, j=interpreted, Vv=VM code)
j  imgui.ImGui.destroyContext()V+0
j  imgui.app.Window.disposeImGui()V+0
j  imgui.app.Window.dispose()V+15
j  bpm.client.render.markdown.MarkdownTestRunnerKt$main$1.dispose()V+1
j  imgui.app.Application.launch(Limgui/app/Application;)V+17
j  bpm.client.render.markdown.MarkdownTestRunnerKt.main([Ljava/lang/String;)V+16
v  ~StubRoutines::call_stub 0x0000023eba60100d

siginfo: EXCEPTION_ACCESS_VIOLATION (0xc0000005), reading address 0x00000006214ae57f


Registers:
RAX=0x0000023f12de7f60, RBX=0x0000023ea8b30000, RCX=0x0000023ea8b30000, RDX=0x00000006214ae580
RSP=0x000000b0697fec70, RBP=0x00000006214ae570, RSI=0x00000006214ae580, RDI=0x0000000000000000
R8 =0x0000000000000000, R9 =0x0000000000000000, R10=0x0000023eba6106e7, R11=0x00000006056ef928
R12=0x0000000000000000, R13=0x0000023ea8b30000, R14=0x000000b0697feef0, R15=0x0000000000000000
RIP=0x00007ffa9fbec36d, EFLAGS=0x0000000000010246


Register to memory mapping:

RAX=0x0000023f12de7f60 points into unknown readable memory: 0x0000023ea8b30101 | 01 01 b3 a8 3e 02 00 00
RBX=0x0000023ea8b30000 points into unknown readable memory: 0x0000000000000000 | 00 00 00 00 00 00 00 00
RCX=0x0000023ea8b30000 points into unknown readable memory: 0x0000000000000000 | 00 00 00 00 00 00 00 00
RDX=0x00000006214ae580 is an unallocated location in the heap
RSP=0x000000b0697fec70 is pointing into the stack for thread: 0x0000023eaab41bc0
RBP=0x00000006214ae570 is an unallocated location in the heap
RSI=0x00000006214ae580 is an unallocated location in the heap
RDI=0x0 is null
R8 =0x0 is null
R9 =0x0 is null
R10=0x0000023eba6106e7 is at code_begin+1927 in an Interpreter codelet
native method entry point (kind = native)  [0x0000023eba60ff60, 0x0000023eba611198]  4664 bytes
R11=0x00000006056ef928 is an oop: java.lang.Class 
{0x00000006056ef928} - klass: 'java/lang/Class'
 - ---- fields (total size 24 words):
 - private volatile transient 'classRedefinedCount' 'I' @12  0 (0x00000000)
 - injected 'klass' 'J' @16  2468834606480 (0x0000023ed2027d90)
 - injected 'array_klass' 'J' @24  0 (0x0000000000000000)
 - injected 'oop_size' 'I' @32  24 (0x00000018)
 - injected 'static_oop_field_count' 'I' @36  19 (0x00000013)
 - private volatile transient 'cachedConstructor' 'Ljava/lang/reflect/Constructor;' @40  null (0x00000000)
 - private transient 'name' 'Ljava/lang/String;' @44  "imgui.ImGui"{0x00000006056efc38} (0xc0addf87)
 - private transient 'module' 'Ljava/lang/Module;' @48  a 'java/lang/Module'{0x00000006053ba440} (0xc0a77488)
 - private final 'classLoader' 'Ljava/lang/ClassLoader;' @52  a 'jdk/internal/loader/ClassLoaders$AppClassLoader'{0x000000060536b458} (0xc0a6d68b)
 - private transient 'classData' 'Ljava/lang/Object;' @56  null (0x00000000)
 - private transient 'packageName' 'Ljava/lang/String;' @60  "imgui"{0x00000006053b96f0} (0xc0a772de)
 - private final 'componentType' 'Ljava/lang/Class;' @64  null (0x00000000)
 - private volatile transient 'reflectionData' 'Ljava/lang/ref/SoftReference;' @68  null (0x00000000)
 - private volatile transient 'genericInfo' 'Lsun/reflect/generics/repository/ClassRepository;' @72  null (0x00000000)
 - private volatile transient 'enumConstants' '[Ljava/lang/Object;' @76  null (0x00000000)
 - private volatile transient 'enumConstantDirectory' 'Ljava/util/Map;' @80  null (0x00000000)
 - private volatile transient 'annotationData' 'Ljava/lang/Class$AnnotationData;' @84  null (0x00000000)
 - private volatile transient 'annotationType' 'Lsun/reflect/annotation/AnnotationType;' @88  null (0x00000000)
 - transient 'classValueMap' 'Ljava/lang/ClassValue$ClassValueMap;' @92  null (0x00000000)
 - injected 'protection_domain' 'Ljava/lang/Object;' @96  a 'java/security/ProtectionDomain'{0x00000006053b02c0} (0xc0a76058)
 - injected 'signers_name' 'Ljava/lang/Object;' @100  null (0x00000000)
 - injected 'source_file' 'Ljava/lang/Object;' @104  null (0x00000000)
 - signature: Limgui/ImGui;
 - ---- static fields (19):
 - private static final 'LIB_PATH_PROP' 'Ljava/lang/String;' @112  "imgui.library.path"{0x00000006056efbf8} (0xc0addf7f)
 - private static final 'LIB_NAME_PROP' 'Ljava/lang/String;' @116  "imgui.library.name"{0x00000006056efbb8} (0xc0addf77)
 - private static final 'LIB_NAME_DEFAULT' 'Ljava/lang/String;' @120  "imgui-java64"{0x00000006056efb80} (0xc0addf70)
 - private static final 'LIB_TMP_DIR_PREFIX' 'Ljava/lang/String;' @124  "imgui-java-natives"{0x00000006056efb40} (0xc0addf68)
 - private static final 'IMGUI_CONTEXT' 'Limgui/internal/ImGuiContext;' @128  a 'imgui/internal/ImGuiContext'{0x00000006056efb28} (0xc0addf65)
 - private static final 'IMGUI_IO' 'Limgui/ImGuiIO;' @132  a 'imgui/ImGuiIO'{0x0000000605401538} (0xc0a802a7)
 - private static final 'WINDOW_DRAW_LIST' 'Limgui/ImDrawList;' @136  a 'imgui/ImDrawList'{0x0000000605401058} (0xc0a8020b)
 - private static final 'BACKGROUND_DRAW_LIST' 'Limgui/ImDrawList;' @140  a 'imgui/ImDrawList'{0x00000006056efb10} (0xc0addf62)
 - private static final 'FOREGROUND_DRAW_LIST' 'Limgui/ImDrawList;' @144  a 'imgui/ImDrawList'{0x00000006056efaf8} (0xc0addf5f)
 - private static final 'IMGUI_STORAGE' 'Limgui/ImGuiStorage;' @148  a 'imgui/ImGuiStorage'{0x00000006056efae0} (0xc0addf5c)
 - private static final 'WINDOW_VIEWPORT' 'Limgui/ImGuiViewport;' @152  a 'imgui/ImGuiViewport'{0x00000006056efac8} (0xc0addf59)
 - private static final 'FIND_VIEWPORT' 'Limgui/ImGuiViewport;' @156  a 'imgui/ImGuiViewport'{0x00000006056efab0} (0xc0addf56)
 - private static final 'DRAW_DATA' 'Limgui/ImDrawData;' @160  a 'imgui/ImDrawData'{0x00000006056efa98} (0xc0addf53)
 - private static final 'FONT' 'Limgui/ImFont;' @164  a 'imgui/ImFont'{0x00000006056efa48} (0xc0addf49)
 - private static final 'STYLE' 'Limgui/ImGuiStyle;' @168  a 'imgui/ImGuiStyle'{0x00000006056efa30} (0xc0addf46)
 - private static final 'MAIN_VIEWPORT' 'Limgui/ImGuiViewport;' @172  a 'imgui/ImGuiViewport'{0x00000006056efa18} (0xc0addf43)
 - private static final 'PLATFORM_IO' 'Limgui/ImGuiPlatformIO;' @176  a 'imgui/ImGuiPlatformIO'{0x00000006056efa00} (0xc0addf40)
 - private static 'payloadRef' 'Ljava/lang/ref/WeakReference;' @180  null (0x00000000)
 - private static final 'PAYLOAD_PLACEHOLDER_DATA' '[B' @184  [B{0x00000006056ef9e8} (0xc0addf3d)
R12=0x0 is null
R13=0x0000023ea8b30000 points into unknown readable memory: 0x0000000000000000 | 00 00 00 00 00 00 00 00
R14=0x000000b0697feef0 is pointing into the stack for thread: 0x0000023eaab41bc0
R15=0x0 is null

Top of Stack: (sp=0x000000b0697fec70)
0x000000b0697fec70:   0000000001000000 00007ffa5be78bba
0x000000b0697fec80:   0000023eaab41bc0 0000000000000006
0x000000b0697fec90:   0000023eaab41bc0 fffffffe00000000
0x000000b0697feca0:   0000000000000000 0000000000000000
0x000000b0697fecb0:   0000023eaab41bc0 000000b0697fef50
0x000000b0697fecc0:   000000b0697fef50 00007ffa5be82ca1
0x000000b0697fecd0:   0000602b82f4fbb6 00000000000000b8
0x000000b0697fece0:   0000023eaab41bc0 0000023ea87082d0
0x000000b0697fecf0:   00007ff979084170 00007ffa5bea54f0
0x000000b0697fed00:   0000023eaab41bc0 000000b0697feef0
0x000000b0697fed10:   00007ffa9dd9e740 00007ffa9dd9e740
0x000000b0697fed20:   00000006214ae580 00007ffa9fbeaff1
0x000000b0697fed30:   00000006214ae570 0000023ea8b30000
0x000000b0697fed40:   00007ffa9dd9e740 0000000000000000
0x000000b0697fed50:   0000000000000000 00007ffa5be76cdc
0x000000b0697fed60:   0000000000000000 00007ffa9dd8cadc
0x000000b0697fed70:   0000000000000000 0000023f12dec0e0
0x000000b0697fed80:   0000000000000006 00007ffa5be78a6c
0x000000b0697fed90:   0000000000000000 00007ff9790c6f7a
0x000000b0697feda0:   0000023ecd6ffbfa 00007ffa5be87c49
0x000000b0697fedb0:   0000602b82f4fd16 00007ffa5be87b8b
0x000000b0697fedc0:   0000023f12dec0e0 0000023ecd6ffbfa
0x000000b0697fedd0:   0000023eba60919a 000000b0697feed8
0x000000b0697fede0:   0000023f12de7f60 0000023f12dec0e0
0x000000b0697fedf0:   000000b0697feef0 00007ff9790cacb6
0x000000b0697fee00:   000000000000001d 0000023ecd6ffbfa
0x000000b0697fee10:   0000023eaab41bc0 0000023eaab41bc0
0x000000b0697fee20:   0000023f136427e0 00007ff9790658a5
0x000000b0697fee30:   0000023eba60919a 0000023eba610419
0x000000b0697fee40:   0000023f136427e0 0000023f136427e0
0x000000b0697fee50:   0000023eba60919a 0000000000000000
0x000000b0697fee60:   0000023f136427e0 0000023eba610716 

Instructions: (pc=0x00007ffa9fbec36d)
0x00007ffa9fbec26d:   bd 01 00 00 00 e8 19 ee ff ff 85 c0 0f 85 0c 08
0x00007ffa9fbec27d:   07 00 b9 80 03 fe 7f 40 38 39 0f 84 d2 fc ff ff
0x00007ffa9fbec28d:   e9 15 08 07 00 bd 02 00 00 00 e9 1b f9 ff ff 83
0x00007ffa9fbec29d:   cd 01 e9 38 f9 ff ff f7 41 74 00 00 00 01 75 63
0x00007ffa9fbec2ad:   f6 41 78 01 0f 85 94 08 07 00 40 f6 c6 0f 0f 84
0x00007ffa9fbec2bd:   9c 00 00 00 45 33 c9 48 89 7c 24 28 4c 8b c6 48
0x00007ffa9fbec2cd:   89 7c 24 20 49 8b d5 41 8d 49 09 e8 c3 5a 0e 00
0x00007ffa9fbec2dd:   48 89 bc 24 c0 00 00 00 48 85 ed 0f 84 90 09 07
0x00007ffa9fbec2ed:   00 80 7e ff 05 48 8d 5d 0f 48 89 5c 24 30 41 ba
0x00007ffa9fbec2fd:   03 00 00 00 0f 84 59 08 07 00 40 38 3b 0f 8c f3
0x00007ffa9fbec30d:   09 07 00 41 8b d7 4c 8b ce 83 ca 02 4c 8b c5 49
0x00007ffa9fbec31d:   8b cd e8 cc d2 ff ff 0f b6 d8 84 c0 0f 84 62 fc
0x00007ffa9fbec32d:   ff ff 48 8b 84 24 e0 00 00 00 48 85 c0 74 03 66
0x00007ffa9fbec33d:   89 38 4d 85 e4 74 04 49 89 3c 24 49 8b cd e8 10
0x00007ffa9fbec34d:   ed ff ff 85 c0 0f 84 39 fc ff ff e9 c5 0e 07 00
0x00007ffa9fbec35d:   48 8d 6a f0 48 89 ac 24 c0 00 00 00 0f 0d 4d 00
0x00007ffa9fbec36d:   80 7d 0f 05 75 13 0f b6 45 0e 48 c1 e0 04 48 2b
0x00007ffa9fbec37d:   e8 48 89 ac 24 c0 00 00 00 f6 45 0f 3f 0f 85 55
0x00007ffa9fbec38d:   ff ff ff 45 33 c9 48 89 7c 24 28 4c 8b c5 48 89
0x00007ffa9fbec39d:   7c 24 20 49 8b d5 41 8d 49 08 e8 f4 59 0e 00 48
0x00007ffa9fbec3ad:   8b ef e9 29 ff ff ff 83 39 00 0f 84 94 fb ff ff
0x00007ffa9fbec3bd:   65 48 8b 04 25 60 00 00 00 48 8b 88 90 00 00 00
0x00007ffa9fbec3cd:   48 81 c1 26 02 00 00 e9 7d fb ff ff 4c 8d 8c 24
0x00007ffa9fbec3dd:   c0 00 00 00 44 8b c5 48 8b d6 49 8b cd e8 ad b9
0x00007ffa9fbec3ed:   04 00 4c 8b c0 e9 eb f9 ff ff cc cc cc cc cc cc
0x00007ffa9fbec3fd:   cc cc cc 44 89 4c 24 20 48 89 4c 24 08 53 55 56
0x00007ffa9fbec40d:   57 41 54 41 55 41 56 41 57 48 83 ec 48 4d 8b d8
0x00007ffa9fbec41d:   45 33 ff 8b da 48 8b f2 c1 eb 0c 48 8b e9 33 5a
0x00007ffa9fbec42d:   28 45 8b ef 33 1d 11 ab 14 00 48 8d 15 52 08 10
0x00007ffa9fbec43d:   00 44 8b c3 45 8d 67 03 41 c1 e8 10 4d 85 db 0f
0x00007ffa9fbec44d:   84 1b 01 00 00 44 0f b7 cb 41 8d 49 0f 48 c1 e9
0x00007ffa9fbec45d:   04 0f b6 04 11 41 8b d3 41 2b d0 2b d6 48 8b 8c 


Stack slot to memory mapping:

stack at sp + 0 slots: 0x0000000001000000 is an unknown value
stack at sp + 1 slots: 0x00007ffa5be78bba jvm.dll
stack at sp + 2 slots: 0x0000023eaab41bc0 is a thread
stack at sp + 3 slots: 0x0000000000000006 is an unknown value
stack at sp + 4 slots: 0x0000023eaab41bc0 is a thread
stack at sp + 5 slots: 0xfffffffe00000000 is an unknown value
stack at sp + 6 slots: 0x0 is null
stack at sp + 7 slots: 0x0 is null


---------------  P R O C E S S  ---------------

Threads class SMR info:
_java_thread_list=0x0000023f1fcea350, length=17, elements={
0x0000023eaab41bc0, 0x0000023f12086520, 0x0000023ecd70df80, 0x0000023f12087310,
0x0000023f1208d8e0, 0x0000023f1208f320, 0x0000023f1208d250, 0x0000023f1209ccb0,
0x0000023f120a0c50, 0x0000023f1208c530, 0x0000023f12353590, 0x0000023f12354240,
0x0000023f1239cdd0, 0x0000023f1208df70, 0x0000023f1208e600, 0x0000023f1208f9b0,
0x0000023f1fd65b70
}

Java Threads: ( => current thread )
=>0x0000023eaab41bc0 JavaThread "main"                              [_thread_in_native, id=33268, stack(0x000000b069700000,0x000000b069800000) (1024K)]
  0x0000023f12086520 JavaThread "Reference Handler"          daemon [_thread_blocked, id=8152, stack(0x000000b069f00000,0x000000b06a000000) (1024K)]
  0x0000023ecd70df80 JavaThread "Finalizer"                  daemon [_thread_blocked, id=31880, stack(0x000000b06a000000,0x000000b06a100000) (1024K)]
  0x0000023f12087310 JavaThread "Signal Dispatcher"          daemon [_thread_blocked, id=32312, stack(0x000000b06a100000,0x000000b06a200000) (1024K)]
  0x0000023f1208d8e0 JavaThread "Attach Listener"            daemon [_thread_blocked, id=33816, stack(0x000000b06a200000,0x000000b06a300000) (1024K)]
  0x0000023f1208f320 JavaThread "Service Thread"             daemon [_thread_blocked, id=33108, stack(0x000000b06a300000,0x000000b06a400000) (1024K)]
  0x0000023f1208d250 JavaThread "Monitor Deflation Thread"   daemon [_thread_blocked, id=19756, stack(0x000000b06a400000,0x000000b06a500000) (1024K)]
  0x0000023f1209ccb0 JavaThread "C2 CompilerThread0"         daemon [_thread_blocked, id=32824, stack(0x000000b06a500000,0x000000b06a600000) (1024K)]
  0x0000023f120a0c50 JavaThread "C1 CompilerThread0"         daemon [_thread_blocked, id=32820, stack(0x000000b06a600000,0x000000b06a700000) (1024K)]
  0x0000023f1208c530 JavaThread "Common-Cleaner"             daemon [_thread_blocked, id=34420, stack(0x000000b06a800000,0x000000b06a900000) (1024K)]
  0x0000023f12353590 JavaThread "JDWP Transport Listener: dt_socket" daemon [_thread_blocked, id=4672, stack(0x000000b06a900000,0x000000b06aa00000) (1024K)]
  0x0000023f12354240 JavaThread "JDWP Event Helper Thread"   daemon [_thread_blocked, id=33920, stack(0x000000b06aa00000,0x000000b06ab00000) (1024K)]
  0x0000023f1239cdd0 JavaThread "JDWP Command Reader"        daemon [_thread_in_native, id=33420, stack(0x000000b06ab00000,0x000000b06ac00000) (1024K)]
  0x0000023f1208df70 JavaThread "Coroutines Debugger Cleaner" daemon [_thread_blocked, id=29756, stack(0x000000b06b000000,0x000000b06b100000) (1024K)]
  0x0000023f1208e600 JavaThread "Notification Thread"        daemon [_thread_blocked, id=34492, stack(0x000000b06b100000,0x000000b06b200000) (1024K)]
  0x0000023f1208f9b0 JavaThread "JGit-FileStoreAttributeReader-1" daemon [_thread_blocked, id=27652, stack(0x000000b06d400000,0x000000b06d500000) (1024K)]
  0x0000023f1fd65b70 JavaThread "JGit-WorkQueue"             daemon [_thread_blocked, id=33300, stack(0x000000b06d900000,0x000000b06da00000) (1024K)]
Total: 17

Other Threads:
  0x0000023ecd6f5b10 VMThread "VM Thread"                           [id=2720, stack(0x000000b069e00000,0x000000b069f00000) (1024K)]
  0x0000023f12080af0 WatcherThread "VM Periodic Task Thread"        [id=34456, stack(0x000000b069d00000,0x000000b069e00000) (1024K)]
  0x0000023ecd5508c0 WorkerThread "GC Thread#0"                     [id=25676, stack(0x000000b069800000,0x000000b069900000) (1024K)]
  0x0000023f12c8e4e0 WorkerThread "GC Thread#1"                     [id=16344, stack(0x000000b06b200000,0x000000b06b300000) (1024K)]
  0x0000023f12c8ec90 WorkerThread "GC Thread#2"                     [id=15928, stack(0x000000b06b300000,0x000000b06b400000) (1024K)]
  0x0000023f12cbbc00 WorkerThread "GC Thread#3"                     [id=33872, stack(0x000000b06b400000,0x000000b06b500000) (1024K)]
  0x0000023f12cbc7b0 WorkerThread "GC Thread#4"                     [id=25624, stack(0x000000b06b500000,0x000000b06b600000) (1024K)]
  0x0000023f12cb0280 WorkerThread "GC Thread#5"                     [id=25644, stack(0x000000b06b600000,0x000000b06b700000) (1024K)]
  0x0000023f12cb0e30 WorkerThread "GC Thread#6"                     [id=22724, stack(0x000000b06b700000,0x000000b06b800000) (1024K)]
  0x0000023f12cb11d0 WorkerThread "GC Thread#7"                     [id=14320, stack(0x000000b06b800000,0x000000b06b900000) (1024K)]
  0x0000023f12cb1570 WorkerThread "GC Thread#8"                     [id=7628, stack(0x000000b06b900000,0x000000b06ba00000) (1024K)]
  0x0000023f12cdcd40 WorkerThread "GC Thread#9"                     [id=10680, stack(0x000000b06ba00000,0x000000b06bb00000) (1024K)]
  0x0000023f12cdd0e0 WorkerThread "GC Thread#10"                    [id=33016, stack(0x000000b06bb00000,0x000000b06bc00000) (1024K)]
  0x0000023f12cdd480 WorkerThread "GC Thread#11"                    [id=18796, stack(0x000000b06bc00000,0x000000b06bd00000) (1024K)]
  0x0000023f12cdc600 WorkerThread "GC Thread#12"                    [id=34372, stack(0x000000b06c400000,0x000000b06c500000) (1024K)]
  0x0000023f12cdc260 WorkerThread "GC Thread#13"                    [id=2784, stack(0x000000b06c500000,0x000000b06c600000) (1024K)]
  0x0000023f12cdc9a0 WorkerThread "GC Thread#14"                    [id=33916, stack(0x000000b06c600000,0x000000b06c700000) (1024K)]
  0x0000023f17cee2f0 WorkerThread "GC Thread#15"                    [id=5008, stack(0x000000b06c700000,0x000000b06c800000) (1024K)]
  0x0000023f17ceb3d0 WorkerThread "GC Thread#16"                    [id=31796, stack(0x000000b06c800000,0x000000b06c900000) (1024K)]
  0x0000023f17cee690 WorkerThread "GC Thread#17"                    [id=31256, stack(0x000000b06c900000,0x000000b06ca00000) (1024K)]
  0x0000023f17cec250 WorkerThread "GC Thread#18"                    [id=21996, stack(0x000000b06ae00000,0x000000b06af00000) (1024K)]
  0x0000023f17cedf50 WorkerThread "GC Thread#19"                    [id=33384, stack(0x000000b06af00000,0x000000b06b000000) (1024K)]
  0x0000023f17cec5f0 WorkerThread "GC Thread#20"                    [id=27300, stack(0x000000b06cb00000,0x000000b06cc00000) (1024K)]
  0x0000023f17ced0d0 WorkerThread "GC Thread#21"                    [id=32268, stack(0x000000b06cc00000,0x000000b06cd00000) (1024K)]
  0x0000023f17cec990 WorkerThread "GC Thread#22"                    [id=18960, stack(0x000000b06cd00000,0x000000b06ce00000) (1024K)]
  0x0000023eaabbfd60 ConcurrentGCThread "G1 Main Marker"            [id=33668, stack(0x000000b069900000,0x000000b069a00000) (1024K)]
  0x0000023eaabc0770 WorkerThread "G1 Conc#0"                       [id=31732, stack(0x000000b069a00000,0x000000b069b00000) (1024K)]
  0x0000023f17cecd30 WorkerThread "G1 Conc#1"                       [id=31324, stack(0x000000b06cf00000,0x000000b06d000000) (1024K)]
  0x0000023f17ced470 WorkerThread "G1 Conc#2"                       [id=34760, stack(0x000000b06d000000,0x000000b06d100000) (1024K)]
  0x0000023f3b2296b0 WorkerThread "G1 Conc#3"                       [id=6552, stack(0x000000b06d100000,0x000000b06d200000) (1024K)]
  0x0000023f3b22a530 WorkerThread "G1 Conc#4"                       [id=33824, stack(0x000000b06d200000,0x000000b06d300000) (1024K)]
  0x0000023f3b228bd0 WorkerThread "G1 Conc#5"                       [id=31448, stack(0x000000b06d300000,0x000000b06d400000) (1024K)]
  0x0000023ecd633000 ConcurrentGCThread "G1 Refine#0"               [id=32776, stack(0x000000b069b00000,0x000000b069c00000) (1024K)]
  0x0000023ecd633a80 ConcurrentGCThread "G1 Service"                [id=32036, stack(0x000000b069c00000,0x000000b069d00000) (1024K)]
Total: 34

Threads with active compile tasks:
Total: 0

VM state: not at safepoint (normal execution)

VM Mutex/Monitor currently owned by a thread: None

Heap address: 0x0000000604800000, size: 8120 MB, Compressed Oops mode: Zero based, Oop shift amount: 3

CDS archive(s) mapped at: [0x0000023ed1000000-0x0000023ed1c90000-0x0000023ed1c90000), size 13172736, SharedBaseAddress: 0x0000023ed1000000, ArchiveRelocationMode: 1.
Compressed class space mapped at: 0x0000023ed2000000-0x0000023f12000000, reserved size: 1073741824
Narrow klass base: 0x0000023ed1000000, Narrow klass shift: 0, Narrow klass range: 0x100000000

GC Precious Log:
 CardTable entry size: 512
 Card Set container configuration: InlinePtr #cards 4 size 8 Array Of Cards #cards 32 size 80 Howl #buckets 8 coarsen threshold 7372 Howl Bitmap #cards 1024 size 144 coarsen threshold 921 Card regions per heap region 1 cards per card region 8192
 CPUs: 32 total, 32 available
 Memory: 32475M
 Large Page Support: Disabled
 NUMA Support: Disabled
 Compressed Oops: Enabled (Zero based)
 Heap Region Size: 4M
 Heap Min Capacity: 8M
 Heap Initial Capacity: 508M
 Heap Max Capacity: 8120M
 Pre-touch: Disabled
 Parallel Workers: 23
 Concurrent Workers: 6
 Concurrent Refinement Workers: 23
 Periodic GC: Disabled

Heap:
 garbage-first heap   total 114688K, used 28689K [0x0000000604800000, 0x0000000800000000)
  region size 4096K, 3 young (12288K), 1 survivors (4096K)
 Metaspace       used 31059K, committed 31488K, reserved 1114112K
  class space    used 3060K, committed 3264K, reserved 1048576K

Heap Regions: E=young(eden), S=young(survivor), O=old, HS=humongous(starts), HC=humongous(continues), CS=collection set, F=free, TAMS=top-at-mark-start, PB=parsable bottom
|   0|0x0000000604800000, 0x0000000604800000, 0x0000000604c00000|  0%| F|  |TAMS 0x0000000604800000| PB 0x0000000604800000| Untracked 
|   1|0x0000000604c00000, 0x0000000605000000, 0x0000000605000000|100%| O|  |TAMS 0x0000000604c00000| PB 0x0000000604c00000| Untracked 
|   2|0x0000000605000000, 0x0000000605400000, 0x0000000605400000|100%| O|  |TAMS 0x0000000605000000| PB 0x0000000605000000| Untracked 
|   3|0x0000000605400000, 0x0000000605800000, 0x0000000605800000|100%| O|  |TAMS 0x0000000605400000| PB 0x0000000605400000| Untracked 
|   4|0x0000000605800000, 0x0000000605c00000, 0x0000000605c00000|100%| O|  |TAMS 0x0000000605800000| PB 0x0000000605800000| Untracked 
|   5|0x0000000605c00000, 0x0000000606000000, 0x0000000606000000|100%| O|  |TAMS 0x0000000605c00000| PB 0x0000000605c00000| Untracked 
|   6|0x0000000606000000, 0x00000006063fd8d8, 0x0000000606400000| 99%| O|  |TAMS 0x0000000606000000| PB 0x0000000606000000| Untracked 
|   7|0x0000000606400000, 0x0000000606400000, 0x0000000606800000|  0%| F|  |TAMS 0x0000000606400000| PB 0x0000000606400000| Untracked 
|   8|0x0000000606800000, 0x0000000606800000, 0x0000000606c00000|  0%| F|  |TAMS 0x0000000606800000| PB 0x0000000606800000| Untracked 
|   9|0x0000000606c00000, 0x0000000606c00000, 0x0000000607000000|  0%| F|  |TAMS 0x0000000606c00000| PB 0x0000000606c00000| Untracked 
|  10|0x0000000607000000, 0x0000000607000000, 0x0000000607400000|  0%| F|  |TAMS 0x0000000607000000| PB 0x0000000607000000| Untracked 
|  11|0x0000000607400000, 0x0000000607406d60, 0x0000000607800000|  0%| S|CS|TAMS 0x0000000607400000| PB 0x0000000607400000| Complete 
|  12|0x0000000607800000, 0x0000000607800000, 0x0000000607c00000|  0%| F|  |TAMS 0x0000000607800000| PB 0x0000000607800000| Untracked 
|  13|0x0000000607c00000, 0x0000000607c00000, 0x0000000608000000|  0%| F|  |TAMS 0x0000000607c00000| PB 0x0000000607c00000| Untracked 
|  14|0x0000000608000000, 0x0000000608000000, 0x0000000608400000|  0%| F|  |TAMS 0x0000000608000000| PB 0x0000000608000000| Untracked 
|  15|0x0000000608400000, 0x0000000608400000, 0x0000000608800000|  0%| F|  |TAMS 0x0000000608400000| PB 0x0000000608400000| Untracked 
|  16|0x0000000608800000, 0x0000000608800000, 0x0000000608c00000|  0%| F|  |TAMS 0x0000000608800000| PB 0x0000000608800000| Untracked 
|  17|0x0000000608c00000, 0x0000000608c00000, 0x0000000609000000|  0%| F|  |TAMS 0x0000000608c00000| PB 0x0000000608c00000| Untracked 
|  18|0x0000000609000000, 0x0000000609000000, 0x0000000609400000|  0%| F|  |TAMS 0x0000000609000000| PB 0x0000000609000000| Untracked 
|  19|0x0000000609400000, 0x0000000609400000, 0x0000000609800000|  0%| F|  |TAMS 0x0000000609400000| PB 0x0000000609400000| Untracked 
|  20|0x0000000609800000, 0x0000000609800000, 0x0000000609c00000|  0%| F|  |TAMS 0x0000000609800000| PB 0x0000000609800000| Untracked 
|  21|0x0000000609c00000, 0x0000000609c00000, 0x000000060a000000|  0%| F|  |TAMS 0x0000000609c00000| PB 0x0000000609c00000| Untracked 
|  22|0x000000060a000000, 0x000000060a000000, 0x000000060a400000|  0%| F|  |TAMS 0x000000060a000000| PB 0x000000060a000000| Untracked 
|  23|0x000000060a400000, 0x000000060a400000, 0x000000060a800000|  0%| F|  |TAMS 0x000000060a400000| PB 0x000000060a400000| Untracked 
| 120|0x0000000622800000, 0x0000000622800000, 0x0000000622c00000|  0%| F|  |TAMS 0x0000000622800000| PB 0x0000000622800000| Untracked 
| 121|0x0000000622c00000, 0x0000000622c00000, 0x0000000623000000|  0%| F|  |TAMS 0x0000000622c00000| PB 0x0000000622c00000| Untracked 
| 122|0x0000000623000000, 0x0000000623400000, 0x0000000623400000|100%| E|  |TAMS 0x0000000623000000| PB 0x0000000623000000| Complete 
| 126|0x0000000624000000, 0x0000000624400000, 0x0000000624400000|100%| E|CS|TAMS 0x0000000624000000| PB 0x0000000624000000| Complete 

Card table byte_map: [0x0000023ec4500000,0x0000023ec54e0000] _byte_map_base: 0x0000023ec14dc000

Marking Bits: (CMBitMap*) 0x0000023eaabaf510
 Bits: [0x0000023ec54e0000, 0x0000023ecd3c0000)

Polling page: 0x0000023ea8a40000

Metaspace:

Usage:
  Non-class:     27.34 MB used.
      Class:      2.99 MB used.
       Both:     30.33 MB used.

Virtual space:
  Non-class space:       64.00 MB reserved,      27.56 MB ( 43%) committed,  1 nodes.
      Class space:        1.00 GB reserved,       3.19 MB ( <1%) committed,  1 nodes.
             Both:        1.06 GB reserved,      30.75 MB (  3%) committed. 

Chunk freelists:
   Non-Class:  4.02 MB
       Class:  12.83 MB
        Both:  16.84 MB

MaxMetaspaceSize: unlimited
CompressedClassSpaceSize: 1.00 GB
Initial GC threshold: 21.00 MB
Current GC threshold: 35.31 MB
CDS: on
 - commit_granule_bytes: 65536.
 - commit_granule_words: 8192.
 - virtual_space_node_default_size: 8388608.
 - enlarge_chunks_in_place: 1.
 - use_allocation_guard: 0.


Internal statistics:

num_allocs_failed_limit: 3.
num_arena_births: 466.
num_arena_deaths: 0.
num_vsnodes_births: 2.
num_vsnodes_deaths: 0.
num_space_committed: 490.
num_space_uncommitted: 0.
num_chunks_returned_to_freelist: 3.
num_chunks_taken_from_freelist: 1208.
num_chunk_merges: 3.
num_chunk_splits: 800.
num_chunks_enlarged: 562.
num_inconsistent_stats: 0.

CodeHeap 'non-profiled nmethods': size=118848Kb used=3870Kb max_used=3870Kb free=114977Kb
 bounds [0x0000023ebade0000, 0x0000023ebb1b0000, 0x0000023ec21f0000]
CodeHeap 'profiled nmethods': size=118848Kb used=10759Kb max_used=10759Kb free=108088Kb
 bounds [0x0000023eb31f0000, 0x0000023eb3c80000, 0x0000023eba600000]
CodeHeap 'non-nmethods': size=8064Kb used=2667Kb max_used=4969Kb free=5396Kb
 bounds [0x0000023eba600000, 0x0000023ebab40000, 0x0000023ebade0000]
 total_blobs=6846 nmethods=5376 adapters=1374
 compilation: enabled
              stopped_count=0, restarted_count=0
 full_count=0

Compilation events (20 events):
Event: 36.133 Thread 0x0000023f1209ccb0 nmethod 5368 0x0000023ebb195090 code [0x0000023ebb195320, 0x0000023ebb1961b0]
Event: 38.259 Thread 0x0000023f1209ccb0 5369       4       org.jsoup.parser.Token$EOF::reset (7 bytes)
Event: 38.259 Thread 0x0000023f1209ccb0 nmethod 5369 0x0000023ebb196a90 code [0x0000023ebb196c20, 0x0000023ebb196cb8]
Event: 44.309 Thread 0x0000023f1209ccb0 5370       4       imgui.app.Window::runFrame (21 bytes)
Event: 44.337 Thread 0x0000023f1209ccb0 nmethod 5370 0x0000023ebb196d90 code [0x0000023ebb197800, 0x0000023ebb19abf0]
Event: 44.337 Thread 0x0000023f1209ccb0 5371       4       bpm.client.render.markdown.MarkdownBrowser::render (51 bytes)
Event: 44.354 Thread 0x0000023f1209ccb0 nmethod 5371 0x0000023ebb19e210 code [0x0000023ebb19ea00, 0x0000023ebb1a0aa8]
Event: 48.826 Thread 0x0000023f1209ccb0 5372       4       org.jsoup.parser.Token$EndTag::<init> (9 bytes)
Event: 48.829 Thread 0x0000023f1209ccb0 nmethod 5372 0x0000023ebb1a2b90 code [0x0000023ebb1a2d60, 0x0000023ebb1a3530]
Event: 48.943 Thread 0x0000023f1209ccb0 5373       4       org.jsoup.internal.StringUtil::isBlank (46 bytes)
Event: 48.944 Thread 0x0000023f1209ccb0 nmethod 5373 0x0000023ebb1a3710 code [0x0000023ebb1a38c0, 0x0000023ebb1a3b20]
Event: 48.944 Thread 0x0000023f1209ccb0 5375       4       org.jsoup.parser.HtmlTreeBuilder::onStackNot (70 bytes)
Event: 48.947 Thread 0x0000023f1209ccb0 nmethod 5375 0x0000023ebb1a3e10 code [0x0000023ebb1a3fe0, 0x0000023ebb1a4870]
Event: 48.947 Thread 0x0000023f1209ccb0 5374       4       org.jsoup.parser.HtmlTreeBuilder::templateModeSize (8 bytes)
Event: 48.947 Thread 0x0000023f1209ccb0 nmethod 5374 0x0000023ebb1a4d10 code [0x0000023ebb1a4ea0, 0x0000023ebb1a4f48]
Event: 48.993 Thread 0x0000023f1209ccb0 5376       4       org.jsoup.nodes.Element::doSetBaseUri (13 bytes)
Event: 48.996 Thread 0x0000023f1209ccb0 nmethod 5376 0x0000023ebb1a5010 code [0x0000023ebb1a5200, 0x0000023ebb1a5a98]
Event: 49.010 Thread 0x0000023f1209ccb0 5377       4       bpm.client.render.markdown.MarkdownRenderer::renderImage (59 bytes)
Event: 49.015 Thread 0x0000023f1209ccb0 nmethod 5377 0x0000023ebb1a5e90 code [0x0000023ebb1a60c0, 0x0000023ebb1a6870]
Event: 49.657 Thread 0x0000023f1209ccb0 5378       4       java.util.concurrent.ConcurrentHashMap$ValueIterator::next (34 bytes)

GC Heap History (20 events):
Event: 26.742 GC heap before
{Heap before GC invocations=37 (full 0):
 garbage-first heap   total 114688K, used 86031K [0x0000000604800000, 0x0000000800000000)
  region size 4096K, 16 young (65536K), 1 survivors (4096K)
 Metaspace       used 31056K, committed 31488K, reserved 1114112K
  class space    used 3060K, committed 3264K, reserved 1048576K
}
Event: 26.742 GC heap after
{Heap after GC invocations=38 (full 0):
 garbage-first heap   total 114688K, used 24590K [0x0000000604800000, 0x0000000800000000)
  region size 4096K, 1 young (4096K), 1 survivors (4096K)
 Metaspace       used 31056K, committed 31488K, reserved 1114112K
  class space    used 3060K, committed 3264K, reserved 1048576K
}
Event: 29.242 GC heap before
{Heap before GC invocations=38 (full 0):
 garbage-first heap   total 114688K, used 86030K [0x0000000604800000, 0x0000000800000000)
  region size 4096K, 16 young (65536K), 1 survivors (4096K)
 Metaspace       used 31056K, committed 31488K, reserved 1114112K
  class space    used 3060K, committed 3264K, reserved 1048576K
}
Event: 29.242 GC heap after
{Heap after GC invocations=39 (full 0):
 garbage-first heap   total 114688K, used 24593K [0x0000000604800000, 0x0000000800000000)
  region size 4096K, 1 young (4096K), 1 survivors (4096K)
 Metaspace       used 31056K, committed 31488K, reserved 1114112K
  class space    used 3060K, committed 3264K, reserved 1048576K
}
Event: 31.742 GC heap before
{Heap before GC invocations=39 (full 0):
 garbage-first heap   total 114688K, used 86033K [0x0000000604800000, 0x0000000800000000)
  region size 4096K, 16 young (65536K), 1 survivors (4096K)
 Metaspace       used 31056K, committed 31488K, reserved 1114112K
  class space    used 3060K, committed 3264K, reserved 1048576K
}
Event: 31.743 GC heap after
{Heap after GC invocations=40 (full 0):
 garbage-first heap   total 114688K, used 24593K [0x0000000604800000, 0x0000000800000000)
  region size 4096K, 1 young (4096K), 1 survivors (4096K)
 Metaspace       used 31056K, committed 31488K, reserved 1114112K
  class space    used 3060K, committed 3264K, reserved 1048576K
}
Event: 34.242 GC heap before
{Heap before GC invocations=40 (full 0):
 garbage-first heap   total 114688K, used 86033K [0x0000000604800000, 0x0000000800000000)
  region size 4096K, 16 young (65536K), 1 survivors (4096K)
 Metaspace       used 31056K, committed 31488K, reserved 1114112K
  class space    used 3060K, committed 3264K, reserved 1048576K
}
Event: 34.243 GC heap after
{Heap after GC invocations=41 (full 0):
 garbage-first heap   total 114688K, used 24592K [0x0000000604800000, 0x0000000800000000)
  region size 4096K, 1 young (4096K), 1 survivors (4096K)
 Metaspace       used 31056K, committed 31488K, reserved 1114112K
  class space    used 3060K, committed 3264K, reserved 1048576K
}
Event: 36.743 GC heap before
{Heap before GC invocations=41 (full 0):
 garbage-first heap   total 114688K, used 86032K [0x0000000604800000, 0x0000000800000000)
  region size 4096K, 16 young (65536K), 1 survivors (4096K)
 Metaspace       used 31056K, committed 31488K, reserved 1114112K
  class space    used 3060K, committed 3264K, reserved 1048576K
}
Event: 36.743 GC heap after
{Heap after GC invocations=42 (full 0):
 garbage-first heap   total 114688K, used 24593K [0x0000000604800000, 0x0000000800000000)
  region size 4096K, 1 young (4096K), 1 survivors (4096K)
 Metaspace       used 31056K, committed 31488K, reserved 1114112K
  class space    used 3060K, committed 3264K, reserved 1048576K
}
Event: 39.243 GC heap before
{Heap before GC invocations=42 (full 0):
 garbage-first heap   total 114688K, used 86033K [0x0000000604800000, 0x0000000800000000)
  region size 4096K, 16 young (65536K), 1 survivors (4096K)
 Metaspace       used 31056K, committed 31488K, reserved 1114112K
  class space    used 3060K, committed 3264K, reserved 1048576K
}
Event: 39.243 GC heap after
{Heap after GC invocations=43 (full 0):
 garbage-first heap   total 114688K, used 24593K [0x0000000604800000, 0x0000000800000000)
  region size 4096K, 1 young (4096K), 1 survivors (4096K)
 Metaspace       used 31056K, committed 31488K, reserved 1114112K
  class space    used 3060K, committed 3264K, reserved 1048576K
}
Event: 41.743 GC heap before
{Heap before GC invocations=43 (full 0):
 garbage-first heap   total 114688K, used 86033K [0x0000000604800000, 0x0000000800000000)
  region size 4096K, 16 young (65536K), 1 survivors (4096K)
 Metaspace       used 31056K, committed 31488K, reserved 1114112K
  class space    used 3060K, committed 3264K, reserved 1048576K
}
Event: 41.743 GC heap after
{Heap after GC invocations=44 (full 0):
 garbage-first heap   total 114688K, used 24593K [0x0000000604800000, 0x0000000800000000)
  region size 4096K, 1 young (4096K), 1 survivors (4096K)
 Metaspace       used 31056K, committed 31488K, reserved 1114112K
  class space    used 3060K, committed 3264K, reserved 1048576K
}
Event: 44.243 GC heap before
{Heap before GC invocations=44 (full 0):
 garbage-first heap   total 114688K, used 86033K [0x0000000604800000, 0x0000000800000000)
  region size 4096K, 16 young (65536K), 1 survivors (4096K)
 Metaspace       used 31056K, committed 31488K, reserved 1114112K
  class space    used 3060K, committed 3264K, reserved 1048576K
}
Event: 44.243 GC heap after
{Heap after GC invocations=45 (full 0):
 garbage-first heap   total 114688K, used 24594K [0x0000000604800000, 0x0000000800000000)
  region size 4096K, 1 young (4096K), 1 survivors (4096K)
 Metaspace       used 31056K, committed 31488K, reserved 1114112K
  class space    used 3060K, committed 3264K, reserved 1048576K
}
Event: 46.746 GC heap before
{Heap before GC invocations=45 (full 0):
 garbage-first heap   total 114688K, used 86034K [0x0000000604800000, 0x0000000800000000)
  region size 4096K, 16 young (65536K), 1 survivors (4096K)
 Metaspace       used 31056K, committed 31488K, reserved 1114112K
  class space    used 3060K, committed 3264K, reserved 1048576K
}
Event: 46.746 GC heap after
{Heap after GC invocations=46 (full 0):
 garbage-first heap   total 114688K, used 24593K [0x0000000604800000, 0x0000000800000000)
  region size 4096K, 1 young (4096K), 1 survivors (4096K)
 Metaspace       used 31056K, committed 31488K, reserved 1114112K
  class space    used 3060K, committed 3264K, reserved 1048576K
}
Event: 49.244 GC heap before
{Heap before GC invocations=46 (full 0):
 garbage-first heap   total 114688K, used 86033K [0x0000000604800000, 0x0000000800000000)
  region size 4096K, 16 young (65536K), 1 survivors (4096K)
 Metaspace       used 31056K, committed 31488K, reserved 1114112K
  class space    used 3060K, committed 3264K, reserved 1048576K
}
Event: 49.244 GC heap after
{Heap after GC invocations=47 (full 0):
 garbage-first heap   total 114688K, used 24593K [0x0000000604800000, 0x0000000800000000)
  region size 4096K, 1 young (4096K), 1 survivors (4096K)
 Metaspace       used 31056K, committed 31488K, reserved 1114112K
  class space    used 3060K, committed 3264K, reserved 1048576K
}

Dll operation events (16 events):
Event: 0.004 Loaded shared library C:\Users\jraynor\.jdks\corretto-21.0.2\bin\java.dll
Event: 0.004 Loaded shared library C:\Users\jraynor\.jdks\corretto-21.0.2\bin\zip.dll
Event: 0.019 Loaded shared library C:\Users\jraynor\.jdks\corretto-21.0.2\bin\jsvml.dll
Event: 0.075 Loaded shared library C:\Users\jraynor\.jdks\corretto-21.0.2\bin\instrument.dll
Event: 0.077 Loaded shared library C:\Users\jraynor\.jdks\corretto-21.0.2\bin\net.dll
Event: 0.078 Loaded shared library C:\Users\jraynor\.jdks\corretto-21.0.2\bin\nio.dll
Event: 0.082 Loaded shared library C:\Users\jraynor\.jdks\corretto-21.0.2\bin\zip.dll
Event: 0.145 Loaded shared library C:\Users\jraynor\.jdks\corretto-21.0.2\bin\jimage.dll
Event: 0.219 Loaded shared library C:\Users\jraynor\AppData\Local\Temp\lwjgl_jraynor\3.3.4+7\x64\lwjgl.dll
Event: 0.424 Loaded shared library C:\Users\jraynor\AppData\Local\Temp\lwjgl_jraynor\3.3.4+7\x64\lwjgl_opengl.dll
Event: 0.646 Loaded shared library C:\Users\jraynor\AppData\Local\Temp\imgui-java-natives\1.86.12\imgui-java64.dll
Event: 0.738 Loaded shared library C:\Users\jraynor\.jdks\corretto-21.0.2\bin\management.dll
Event: 0.738 Loaded shared library C:\Users\jraynor\.jdks\corretto-21.0.2\bin\management_ext.dll
Event: 2.463 Loaded shared library C:\Users\jraynor\.jdks\corretto-21.0.2\bin\sunmscapi.dll
Event: 2.535 Loaded shared library C:\Users\jraynor\.jdks\corretto-21.0.2\bin\extnet.dll
Event: 4.980 Loaded shared library C:\Users\jraynor\AppData\Local\Temp\lwjgl_jraynor\3.3.4+7\x64\lwjgl_stb.dll

Deoptimization events (20 events):
Event: 9.988 Thread 0x0000023f1fd68960 Uncommon trap: trap_request=0xffffff45 fr.pc=0x0000023ebaf86d5c relative=0x00000000000000bc
Event: 9.988 Thread 0x0000023f1fd68960 Uncommon trap: reason=unstable_if action=reinterpret pc=0x0000023ebaf86d5c method=java.lang.Integer.stringSize(I)I @ 3 c2
Event: 9.988 Thread 0x0000023f1fd68960 DEOPT PACKING pc=0x0000023ebaf86d5c sp=0x000000b06ceff170
Event: 9.988 Thread 0x0000023f1fd68960 DEOPT UNPACKING pc=0x0000023eba6546a2 sp=0x000000b06ceff0f8 mode 2
Event: 14.049 Thread 0x0000023eaab41bc0 Uncommon trap: trap_request=0xfffffff4 fr.pc=0x0000023ebb0e0f60 relative=0x0000000000005d20
Event: 14.049 Thread 0x0000023eaab41bc0 Uncommon trap: reason=null_check action=make_not_entrant pc=0x0000023ebb0e0f60 method=org.jsoup.nodes.Element.childElementsList()Ljava/util/List; @ 25 c2
Event: 14.049 Thread 0x0000023eaab41bc0 DEOPT PACKING pc=0x0000023ebb0e0f60 sp=0x000000b0697fe7f0
Event: 14.049 Thread 0x0000023eaab41bc0 DEOPT UNPACKING pc=0x0000023eba6546a2 sp=0x000000b0697fe740 mode 2
Event: 15.157 Thread 0x0000023eaab41bc0 Uncommon trap: trap_request=0xfffffff4 fr.pc=0x0000023ebb0e6edc relative=0x000000000000117c
Event: 15.157 Thread 0x0000023eaab41bc0 Uncommon trap: reason=null_check action=make_not_entrant pc=0x0000023ebb0e6edc method=org.jsoup.nodes.Element.childElementsList()Ljava/util/List; @ 25 c2
Event: 15.157 Thread 0x0000023eaab41bc0 DEOPT PACKING pc=0x0000023ebb0e6edc sp=0x000000b0697fe700
Event: 15.157 Thread 0x0000023eaab41bc0 DEOPT UNPACKING pc=0x0000023eba6546a2 sp=0x000000b0697fe738 mode 2
Event: 21.574 Thread 0x0000023eaab41bc0 Uncommon trap: trap_request=0xffffff45 fr.pc=0x0000023ebb137ac8 relative=0x0000000000000548
Event: 21.574 Thread 0x0000023eaab41bc0 Uncommon trap: reason=unstable_if action=reinterpret pc=0x0000023ebb137ac8 method=imgui.glfw.ImGuiImplGlfw.updateMousePosAndButtons()V @ 127 c2
Event: 21.574 Thread 0x0000023eaab41bc0 DEOPT PACKING pc=0x0000023ebb137ac8 sp=0x000000b0697fedf0
Event: 21.574 Thread 0x0000023eaab41bc0 DEOPT UNPACKING pc=0x0000023eba6546a2 sp=0x000000b0697fed68 mode 2
Event: 49.657 Thread 0x0000023eaab41bc0 Uncommon trap: trap_request=0xffffff45 fr.pc=0x0000023ebb177830 relative=0x0000000000000090
Event: 49.657 Thread 0x0000023eaab41bc0 Uncommon trap: reason=unstable_if action=reinterpret pc=0x0000023ebb177830 method=org.lwjgl.glfw.GLFW.glfwWindowShouldClose(J)Z @ 20 c2
Event: 49.657 Thread 0x0000023eaab41bc0 DEOPT PACKING pc=0x0000023ebb177830 sp=0x000000b0697fef70
Event: 49.657 Thread 0x0000023eaab41bc0 DEOPT UNPACKING pc=0x0000023eba6546a2 sp=0x000000b0697fef00 mode 2

Classes loaded (20 events):
Event: 4.992 Loading class kotlin/text/RegexKt
Event: 4.992 Loading class kotlin/text/RegexKt done
Event: 4.993 Loading class kotlin/text/MatcherMatchResult
Event: 4.993 Loading class kotlin/text/MatcherMatchResult done
Event: 4.993 Loading class kotlin/text/MatchResult
Event: 4.993 Loading class kotlin/text/MatchResult done
Event: 4.993 Loading class kotlin/text/MatcherMatchResult$groups$1
Event: 4.993 Loading class kotlin/text/MatcherMatchResult$groups$1 done
Event: 4.993 Loading class kotlin/text/MatchNamedGroupCollection
Event: 4.993 Loading class kotlin/text/MatchNamedGroupCollection done
Event: 4.993 Loading class kotlin/text/MatchGroupCollection
Event: 4.993 Loading class kotlin/text/MatchGroupCollection done
Event: 4.996 Loading class kotlin/collections/EmptyIterator
Event: 4.996 Loading class kotlin/collections/EmptyIterator done
Event: 5.066 Loading class bpm/client/render/markdown/MarkdownRenderer$ImageAlignment
Event: 5.066 Loading class bpm/client/render/markdown/MarkdownRenderer$ImageAlignment done
Event: 5.067 Loading class bpm/client/render/markdown/MarkdownRenderer$WhenMappings
Event: 5.067 Loading class bpm/client/render/markdown/MarkdownRenderer$WhenMappings done
Event: 7.023 Loading class org/jsoup/parser/Token$1
Event: 7.023 Loading class org/jsoup/parser/Token$1 done

Classes unloaded (0 events):
No events

Classes redefined (0 events):
No events

Internal exceptions (20 events):
Event: 2.818 Thread 0x0000023f1fd65b70 Exception <a 'sun/nio/fs/WindowsException'{0x0000000607a51e98}> (0x0000000607a51e98) 
thrown [s\src\hotspot\share\prims\jni.cpp, line 520]
Event: 2.819 Thread 0x0000023f1fd65b70 Exception <a 'sun/nio/fs/WindowsException'{0x0000000607a52bc0}> (0x0000000607a52bc0) 
thrown [s\src\hotspot\share\prims\jni.cpp, line 520]
Event: 2.819 Thread 0x0000023f1fd65b70 Exception <a 'sun/nio/fs/WindowsException'{0x0000000607a54f18}> (0x0000000607a54f18) 
thrown [s\src\hotspot\share\prims\jni.cpp, line 520]
Event: 2.820 Thread 0x0000023f1fd65b70 Exception <a 'sun/nio/fs/WindowsException'{0x0000000607a55c40}> (0x0000000607a55c40) 
thrown [s\src\hotspot\share\prims\jni.cpp, line 520]
Event: 2.827 Thread 0x0000023eaab41bc0 Exception <a 'sun/nio/fs/WindowsException'{0x0000000607b720a0}> (0x0000000607b720a0) 
thrown [s\src\hotspot\share\prims\jni.cpp, line 520]
Event: 2.828 Thread 0x0000023eaab41bc0 Exception <a 'sun/nio/fs/WindowsException'{0x0000000607b72dc8}> (0x0000000607b72dc8) 
thrown [s\src\hotspot\share\prims\jni.cpp, line 520]
Event: 2.828 Thread 0x0000023eaab41bc0 Exception <a 'sun/nio/fs/WindowsException'{0x0000000607b7abd8}> (0x0000000607b7abd8) 
thrown [s\src\hotspot\share\prims\jni.cpp, line 520]
Event: 2.829 Thread 0x0000023eaab41bc0 Exception <a 'sun/nio/fs/WindowsException'{0x0000000607b7dbe0}> (0x0000000607b7dbe0) 
thrown [s\src\hotspot\share\prims\jni.cpp, line 520]
Event: 2.829 Thread 0x0000023eaab41bc0 Exception <a 'sun/nio/fs/WindowsException'{0x0000000607b7e908}> (0x0000000607b7e908) 
thrown [s\src\hotspot\share\prims\jni.cpp, line 520]
Event: 2.829 Thread 0x0000023eaab41bc0 Exception <a 'sun/nio/fs/WindowsException'{0x0000000607b8cbf8}> (0x0000000607b8cbf8) 
thrown [s\src\hotspot\share\prims\jni.cpp, line 520]
Event: 4.843 Thread 0x0000023eaab41bc0 Exception <a 'java/lang/NoSuchMethodError'{0x00000006071a6280}: 'void java.lang.invoke.DirectMethodHandle$Holder.invokeStaticInit(java.lang.Object, java.lang.Object)'> (0x00000006071a6280) 
thrown [s\src\hotspot\share\interpreter\linkResolver.cpp, line 773]
Event: 4.844 Thread 0x0000023eaab41bc0 Exception <a 'java/lang/NoSuchMethodError'{0x00000006071ba918}: 'void java.lang.invoke.DirectMethodHandle$Holder.invokeStaticInit(java.lang.Object, java.lang.Object, java.lang.Object)'> (0x00000006071ba918) 
thrown [s\src\hotspot\share\interpreter\linkResolver.cpp, line 773]
Event: 4.976 Thread 0x0000023eaab41bc0 Exception <a 'java/lang/NoSuchMethodError'{0x000000060686cbd8}: 'void java.lang.System.load(java.lang.String, java.lang.Class)'> (0x000000060686cbd8) 
thrown [s\src\hotspot\share\interpreter\linkResolver.cpp, line 773]
Event: 4.976 Thread 0x0000023eaab41bc0 Implicit null exception at 0x0000023ebaf21d33 to 0x0000023ebaf2202c
Event: 4.976 Thread 0x0000023eaab41bc0 Exception <a 'java/lang/NoSuchMethodError'{0x000000060686f828}: 'void java.lang.System.loadLibrary(java.lang.String, java.lang.Class)'> (0x000000060686f828) 
thrown [s\src\hotspot\share\interpreter\linkResolver.cpp, line 773]
Event: 4.979 Thread 0x0000023eaab41bc0 Exception <a 'sun/nio/fs/WindowsException'{0x000000060687f3a0}> (0x000000060687f3a0) 
thrown [s\src\hotspot\share\prims\jni.cpp, line 520]
Event: 4.979 Thread 0x0000023eaab41bc0 Exception <a 'sun/nio/fs/WindowsException'{0x000000060687f730}> (0x000000060687f730) 
thrown [s\src\hotspot\share\prims\jni.cpp, line 520]
Event: 4.988 Thread 0x0000023eaab41bc0 Exception <a 'java/lang/NoSuchMethodError'{0x000000060692acd8}: 'int java.lang.invoke.DirectMethodHandle$Holder.invokeSpecial(java.lang.Object, java.lang.Object, java.lang.Object, java.lang.Object)'> (0x000000060692acd8) 
thrown [s\src\hotspot\share\interpreter\linkResolver.cpp, line 773]
Event: 14.049 Thread 0x0000023eaab41bc0 Implicit null exception at 0x0000023ebb0db59c to 0x0000023ebb0e0f24
Event: 15.157 Thread 0x0000023eaab41bc0 Implicit null exception at 0x0000023ebb0e5f6a to 0x0000023ebb0e6ecc

ZGC Phase Switch (0 events):
No events

VM Operations (20 events):
Event: 26.742 Executing VM operation: G1CollectForAllocation (G1 Evacuation Pause)
Event: 26.742 Executing VM operation: G1CollectForAllocation (G1 Evacuation Pause) done
Event: 29.242 Executing VM operation: G1CollectForAllocation (G1 Evacuation Pause)
Event: 29.242 Executing VM operation: G1CollectForAllocation (G1 Evacuation Pause) done
Event: 31.742 Executing VM operation: G1CollectForAllocation (G1 Evacuation Pause)
Event: 31.743 Executing VM operation: G1CollectForAllocation (G1 Evacuation Pause) done
Event: 34.242 Executing VM operation: G1CollectForAllocation (G1 Evacuation Pause)
Event: 34.243 Executing VM operation: G1CollectForAllocation (G1 Evacuation Pause) done
Event: 36.743 Executing VM operation: G1CollectForAllocation (G1 Evacuation Pause)
Event: 36.743 Executing VM operation: G1CollectForAllocation (G1 Evacuation Pause) done
Event: 39.243 Executing VM operation: G1CollectForAllocation (G1 Evacuation Pause)
Event: 39.243 Executing VM operation: G1CollectForAllocation (G1 Evacuation Pause) done
Event: 41.743 Executing VM operation: G1CollectForAllocation (G1 Evacuation Pause)
Event: 41.743 Executing VM operation: G1CollectForAllocation (G1 Evacuation Pause) done
Event: 44.243 Executing VM operation: G1CollectForAllocation (G1 Evacuation Pause)
Event: 44.244 Executing VM operation: G1CollectForAllocation (G1 Evacuation Pause) done
Event: 46.746 Executing VM operation: G1CollectForAllocation (G1 Evacuation Pause)
Event: 46.747 Executing VM operation: G1CollectForAllocation (G1 Evacuation Pause) done
Event: 49.244 Executing VM operation: G1CollectForAllocation (G1 Evacuation Pause)
Event: 49.244 Executing VM operation: G1CollectForAllocation (G1 Evacuation Pause) done

Events (20 events):
Event: 2.811 Thread 0x0000023f1fd65b70 Thread added: 0x0000023f1fd65b70
Event: 2.975 Thread 0x0000023f17de0f00 Thread exited: 0x0000023f17de0f00
Event: 2.975 Thread 0x0000023f17de0160 Thread exited: 0x0000023f17de0160
Event: 2.978 Thread 0x0000023f17de1ca0 Thread exited: 0x0000023f17de1ca0
Event: 2.993 Thread 0x0000023f1f127870 Thread exited: 0x0000023f1f127870
Event: 2.993 Thread 0x0000023f17c99b40 Thread exited: 0x0000023f17c99b40
Event: 4.847 Thread 0x0000023f17de2370 Thread added: 0x0000023f17de2370
Event: 4.919 Thread 0x0000023f17de1ca0 Thread added: 0x0000023f17de1ca0
Event: 4.942 Thread 0x0000023f1fd682d0 Thread added: 0x0000023f1fd682d0
Event: 4.942 Thread 0x0000023f1fd682d0 Thread exited: 0x0000023f1fd682d0
Event: 4.974 Thread 0x0000023f1fd68960 Thread added: 0x0000023f1fd68960
Event: 5.078 Thread 0x0000023f17de0160 Thread added: 0x0000023f17de0160
Event: 5.978 Thread 0x0000023f17de0160 Thread exited: 0x0000023f17de0160
Event: 6.319 Thread 0x0000023f17de1ca0 Thread exited: 0x0000023f17de1ca0
Event: 6.652 Thread 0x0000023f17de2370 Thread exited: 0x0000023f17de2370
Event: 7.023 Thread 0x0000023f17de3110 Thread exited: 0x0000023f17de3110
Event: 7.023 Thread 0x0000023f17de15d0 Thread exited: 0x0000023f17de15d0
Event: 7.023 Thread 0x0000023f12b6ed90 Thread exited: 0x0000023f12b6ed90
Event: 7.023 Thread 0x0000023f12161250 Thread exited: 0x0000023f12161250
Event: 14.990 Thread 0x0000023f1fd68960 Thread exited: 0x0000023f1fd68960


Dynamic libraries:
0x00007ff733d50000 - 0x00007ff733d5e000 	C:\Users\jraynor\.jdks\corretto-21.0.2\bin\java.exe
0x00007ffa9fbb0000 - 0x00007ffa9fdc7000 	C:\WINDOWS\SYSTEM32\ntdll.dll
0x00007ffa9ef90000 - 0x00007ffa9f054000 	C:\WINDOWS\System32\KERNEL32.DLL
0x00007ffa9ced0000 - 0x00007ffa9d27d000 	C:\WINDOWS\System32\KERNELBASE.dll
0x00007ffa9d2b0000 - 0x00007ffa9d3c1000 	C:\WINDOWS\System32\ucrtbase.dll
0x00007ffa973a0000 - 0x00007ffa973b8000 	C:\Users\jraynor\.jdks\corretto-21.0.2\bin\jli.dll
0x00007ffa966e0000 - 0x00007ffa966fb000 	C:\Users\jraynor\.jdks\corretto-21.0.2\bin\VCRUNTIME140.dll
0x00007ffa9f350000 - 0x00007ffa9f4fe000 	C:\WINDOWS\System32\USER32.dll
0x00007ffa9d6c0000 - 0x00007ffa9d6e6000 	C:\WINDOWS\System32\win32u.dll
0x00007ffa8e090000 - 0x00007ffa8e323000 	C:\WINDOWS\WinSxS\amd64_microsoft.windows.common-controls_6595b64144ccf1df_6.0.22621.3672_none_2713b9d173822955\COMCTL32.dll
0x00007ffa9eee0000 - 0x00007ffa9ef09000 	C:\WINDOWS\System32\GDI32.dll
0x00007ffa9dd70000 - 0x00007ffa9de17000 	C:\WINDOWS\System32\msvcrt.dll
0x00007ffa9d490000 - 0x00007ffa9d5a9000 	C:\WINDOWS\System32\gdi32full.dll
0x00007ffa9d620000 - 0x00007ffa9d6ba000 	C:\WINDOWS\System32\msvcp_win.dll
0x00007ffa9d8e0000 - 0x00007ffa9d911000 	C:\WINDOWS\System32\IMM32.DLL
0x00007ffa97d00000 - 0x00007ffa97d0c000 	C:\Users\jraynor\.jdks\corretto-21.0.2\bin\vcruntime140_1.dll
0x00007ffa7cd80000 - 0x00007ffa7ce0d000 	C:\Users\jraynor\.jdks\corretto-21.0.2\bin\msvcp140.dll
0x00007ffa5b800000 - 0x00007ffa5c590000 	C:\Users\jraynor\.jdks\corretto-21.0.2\bin\server\jvm.dll
0x00007ffa9de30000 - 0x00007ffa9dee2000 	C:\WINDOWS\System32\ADVAPI32.dll
0x00007ffa9f060000 - 0x00007ffa9f109000 	C:\WINDOWS\System32\sechost.dll
0x00007ffa9d280000 - 0x00007ffa9d2a8000 	C:\WINDOWS\System32\bcrypt.dll
0x00007ffa9def0000 - 0x00007ffa9e004000 	C:\WINDOWS\System32\RPCRT4.dll
0x00007ffa9f110000 - 0x00007ffa9f181000 	C:\WINDOWS\System32\WS2_32.dll
0x00007ffa9bd80000 - 0x00007ffa9bdcd000 	C:\WINDOWS\SYSTEM32\POWRPROF.dll
0x00007ffa92490000 - 0x00007ffa924c4000 	C:\WINDOWS\SYSTEM32\WINMM.dll
0x00007ffa96300000 - 0x00007ffa9630a000 	C:\WINDOWS\SYSTEM32\VERSION.dll
0x00007ffa9bd60000 - 0x00007ffa9bd73000 	C:\WINDOWS\SYSTEM32\UMPDC.dll
0x00007ffa9c010000 - 0x00007ffa9c028000 	C:\WINDOWS\SYSTEM32\kernel.appcore.dll
0x00007ffa97390000 - 0x00007ffa9739a000 	C:\Users\jraynor\.jdks\corretto-21.0.2\bin\jimage.dll
0x00007ffa90da0000 - 0x00007ffa90fd2000 	C:\WINDOWS\SYSTEM32\DBGHELP.DLL
0x00007ffa9d920000 - 0x00007ffa9dcae000 	C:\WINDOWS\System32\combase.dll
0x00007ffa9f500000 - 0x00007ffa9f5d7000 	C:\WINDOWS\System32\OLEAUT32.dll
0x00007ffa77dc0000 - 0x00007ffa77df2000 	C:\WINDOWS\SYSTEM32\dbgcore.DLL
0x00007ffa9d860000 - 0x00007ffa9d8db000 	C:\WINDOWS\System32\bcryptPrimitives.dll
0x00007ffa965e0000 - 0x00007ffa9661c000 	C:\Users\jraynor\.jdks\corretto-21.0.2\bin\jdwp.dll
0x00007ffa96530000 - 0x00007ffa9653e000 	C:\Users\jraynor\.jdks\corretto-21.0.2\bin\instrument.dll
0x00007ffa963f0000 - 0x00007ffa9640f000 	C:\Users\jraynor\.jdks\corretto-21.0.2\bin\java.dll
0x00007ffa8df50000 - 0x00007ffa8df68000 	C:\Users\jraynor\.jdks\corretto-21.0.2\bin\zip.dll
0x00007ffa9e670000 - 0x00007ffa9eed7000 	C:\WINDOWS\System32\SHELL32.dll
0x00007ffa9ae60000 - 0x00007ffa9b75f000 	C:\WINDOWS\SYSTEM32\windows.storage.dll
0x00007ffa9ad20000 - 0x00007ffa9ae5f000 	C:\WINDOWS\SYSTEM32\wintypes.dll
0x00007ffa9f5f0000 - 0x00007ffa9f6e9000 	C:\WINDOWS\System32\SHCORE.dll
0x00007ffa9f190000 - 0x00007ffa9f1ee000 	C:\WINDOWS\System32\shlwapi.dll
0x00007ffa9ce00000 - 0x00007ffa9ce27000 	C:\WINDOWS\SYSTEM32\profapi.dll
0x00007ff9ff2f0000 - 0x00007ff9ff3c7000 	C:\Users\jraynor\.jdks\corretto-21.0.2\bin\jsvml.dll
0x00007ffa96520000 - 0x00007ffa9652c000 	C:\Users\jraynor\.jdks\corretto-21.0.2\bin\dt_socket.dll
0x00007ffa9ba30000 - 0x00007ffa9ba5d000 	C:\WINDOWS\SYSTEM32\IPHLPAPI.DLL
0x00007ffa9c480000 - 0x00007ffa9c4e9000 	C:\WINDOWS\system32\mswsock.dll
0x00007ffa963e0000 - 0x00007ffa963f0000 	C:\Users\jraynor\.jdks\corretto-21.0.2\bin\net.dll
0x00007ffa98e00000 - 0x00007ffa98f36000 	C:\WINDOWS\SYSTEM32\WINHTTP.dll
0x00007ffa8df30000 - 0x00007ffa8df46000 	C:\Users\jraynor\.jdks\corretto-21.0.2\bin\nio.dll
0x00007ffa66a90000 - 0x00007ffa66b0b000 	C:\Users\jraynor\AppData\Local\Temp\lwjgl_jraynor\3.3.4+7\x64\lwjgl.dll
0x00007ff9ab900000 - 0x00007ff9abb71000 	C:\Users\jraynor\AppData\Local\Temp\lwjgl_jraynor\3.3.4+7\x64\jemalloc.dll
0x00007ffa53c30000 - 0x00007ffa53cb5000 	C:\Users\jraynor\AppData\Local\Temp\lwjgl_jraynor\3.3.4+7\x64\glfw.dll
0x00007ffa7d310000 - 0x00007ffa7d356000 	C:\WINDOWS\SYSTEM32\dinput8.dll
0x00007ffa7f2d0000 - 0x00007ffa7f2e1000 	C:\WINDOWS\SYSTEM32\xinput1_4.dll
0x00007ffa9cbe0000 - 0x00007ffa9cc2e000 	C:\WINDOWS\SYSTEM32\cfgmgr32.dll
0x00007ffa9cb90000 - 0x00007ffa9cbbc000 	C:\WINDOWS\SYSTEM32\DEVOBJ.dll
0x00007ffa9a600000 - 0x00007ffa9a62b000 	C:\WINDOWS\SYSTEM32\dwmapi.dll
0x00007ffa8b210000 - 0x00007ffa8b423000 	C:\WINDOWS\SYSTEM32\inputhost.dll
0x00007ffa97a00000 - 0x00007ffa97b33000 	C:\WINDOWS\SYSTEM32\CoreMessaging.dll
0x00007ffa9a370000 - 0x00007ffa9a421000 	C:\WINDOWS\system32\uxtheme.dll
0x00007ffa9c6f0000 - 0x00007ffa9c6fc000 	C:\WINDOWS\SYSTEM32\CRYPTBASE.DLL
0x00007ffa9f1f0000 - 0x00007ffa9f34e000 	C:\WINDOWS\System32\MSCTF.dll
0x00007ff9fecc0000 - 0x00007ff9fedc0000 	C:\WINDOWS\SYSTEM32\opengl32.dll
0x00007ff9fec90000 - 0x00007ff9fecbd000 	C:\WINDOWS\SYSTEM32\GLU32.dll
0x00007ffa9a670000 - 0x00007ffa9a6a7000 	C:\WINDOWS\SYSTEM32\dxcore.dll
0x00007ffa9dcc0000 - 0x00007ffa9dd70000 	C:\WINDOWS\System32\clbcatq.dll
0x00007ff9cc760000 - 0x00007ff9ced45000 	C:\WINDOWS\System32\DriverStore\FileRepository\nvmdi.inf_amd64_e08347d07a4d61e2\nvoglv64.dll
0x00007ffa9e030000 - 0x00007ffa9e4a4000 	C:\WINDOWS\System32\SETUPAPI.dll
0x00007ffa9f6f0000 - 0x00007ffa9f895000 	C:\WINDOWS\System32\ole32.dll
0x00007ffa9bdd0000 - 0x00007ffa9bde4000 	C:\WINDOWS\SYSTEM32\WTSAPI32.dll
0x00007ffa9cb70000 - 0x00007ffa9cb82000 	C:\WINDOWS\SYSTEM32\msasn1.dll
0x00007ffa95530000 - 0x00007ffa95562000 	C:\WINDOWS\SYSTEM32\cryptnet.dll
0x00007ffa9d6f0000 - 0x00007ffa9d856000 	C:\WINDOWS\System32\CRYPT32.dll
0x00007ffa9c780000 - 0x00007ffa9c7c9000 	C:\WINDOWS\SYSTEM32\wldp.dll
0x00007ffa953c0000 - 0x00007ffa95522000 	C:\WINDOWS\SYSTEM32\drvstore.dll
0x00007ffa9d5b0000 - 0x00007ffa9d61b000 	C:\WINDOWS\System32\WINTRUST.dll
0x00007ffa9c120000 - 0x00007ffa9c154000 	C:\WINDOWS\SYSTEM32\ntmarta.dll
0x00007ffa9e010000 - 0x00007ffa9e02f000 	C:\WINDOWS\System32\imagehlp.dll
0x00007ffa9c6d0000 - 0x00007ffa9c6eb000 	C:\WINDOWS\SYSTEM32\CRYPTSP.dll
0x00007ffa9bf70000 - 0x00007ffa9bfa5000 	C:\WINDOWS\system32\rsaenh.dll
0x00007ffa8e570000 - 0x00007ffa9039f000 	C:\WINDOWS\System32\DriverStore\FileRepository\nvmdi.inf_amd64_e08347d07a4d61e2\nvgpucomp64.dll
0x00007ffa9b9b0000 - 0x00007ffa9ba16000 	C:\WINDOWS\SYSTEM32\WINSTA.dll
0x00007ff9ff280000 - 0x00007ff9ff2e1000 	C:\Users\jraynor\AppData\Local\Temp\lwjgl_jraynor\3.3.4+7\x64\lwjgl_opengl.dll
0x00007ffa8d0f0000 - 0x00007ffa8d233000 	C:\WINDOWS\SYSTEM32\textinputframework.dll
0x00007ffa95570000 - 0x00007ffa958dd000 	C:\WINDOWS\SYSTEM32\CoreUIComponents.dll
0x00007ff978ff0000 - 0x00007ff979e17000 	C:\Users\jraynor\AppData\Local\Temp\imgui-java-natives\1.86.12\imgui-java64.dll
0x00007ffa80760000 - 0x00007ffa80769000 	C:\Users\jraynor\.jdks\corretto-21.0.2\bin\management.dll
0x00007ffa7f2c0000 - 0x00007ffa7f2cb000 	C:\Users\jraynor\.jdks\corretto-21.0.2\bin\management_ext.dll
0x00007ffa9f5e0000 - 0x00007ffa9f5e8000 	C:\WINDOWS\System32\PSAPI.DLL
0x00007ffa7ba30000 - 0x00007ffa7ba47000 	C:\WINDOWS\system32\napinsp.dll
0x00007ffa7ba10000 - 0x00007ffa7ba2b000 	C:\WINDOWS\system32\pnrpnsp.dll
0x00007ffa9baa0000 - 0x00007ffa9bb98000 	C:\WINDOWS\SYSTEM32\DNSAPI.dll
0x00007ffa9dcb0000 - 0x00007ffa9dcb9000 	C:\WINDOWS\System32\NSI.dll
0x00007ffa7b8f0000 - 0x00007ffa7b901000 	C:\WINDOWS\System32\winrnr.dll
0x00007ffa986a0000 - 0x00007ffa986b5000 	C:\WINDOWS\system32\wshbth.dll
0x00007ffa78690000 - 0x00007ffa786b7000 	C:\WINDOWS\system32\nlansp_c.dll
0x00007ffa96340000 - 0x00007ffa9634a000 	C:\Windows\System32\rasadhlp.dll
0x00007ffa98280000 - 0x00007ffa98303000 	C:\WINDOWS\System32\fwpuclnt.dll
0x00007ffa7efd0000 - 0x00007ffa7efde000 	C:\Users\jraynor\.jdks\corretto-21.0.2\bin\sunmscapi.dll
0x00007ffa9c870000 - 0x00007ffa9c89e000 	C:\WINDOWS\SYSTEM32\ncrypt.dll
0x00007ffa9c830000 - 0x00007ffa9c867000 	C:\WINDOWS\SYSTEM32\NTASN1.dll
0x00007ffa9c570000 - 0x00007ffa9c598000 	C:\WINDOWS\SYSTEM32\USERENV.dll
0x00007ffa7cd70000 - 0x00007ffa7cd79000 	C:\Users\jraynor\.jdks\corretto-21.0.2\bin\extnet.dll
0x00007ff9e24f0000 - 0x00007ff9e2590000 	C:\Users\jraynor\AppData\Local\Temp\lwjgl_jraynor\3.3.4+7\x64\lwjgl_stb.dll
0x00007ff9abf50000 - 0x00007ff9abf9e000 	C:\ProgramData\obs-studio-hook\graphics-hook64.dll
0x00007ffa96870000 - 0x00007ffa96ac7000 	C:\WINDOWS\system32\d3d11.dll
0x00007ffa9a4f0000 - 0x00007ffa9a5e7000 	C:\WINDOWS\SYSTEM32\dxgi.dll
0x00007ffa95bb0000 - 0x00007ffa95bf9000 	C:\WINDOWS\SYSTEM32\directxdatabasehelper.dll
0x00007ffa90510000 - 0x00007ffa905d1000 	C:\WINDOWS\System32\DriverStore\FileRepository\nvmdi.inf_amd64_e08347d07a4d61e2\nvldumdx.dll
0x00007ffa86030000 - 0x00007ffa89be4000 	C:\WINDOWS\System32\DriverStore\FileRepository\nvmdi.inf_amd64_e08347d07a4d61e2\nvwgf2umx.dll
0x00007ffa905e0000 - 0x00007ffa90cc1000 	C:\WINDOWS\SYSTEM32\nvapi64.dll

dbghelp: loaded successfully - version: 4.0.5 - missing functions: none
symbol engine: initialized successfully - sym options: 0x614 - pdb path: .;C:\Users\jraynor\.jdks\corretto-21.0.2\bin;C:\WINDOWS\SYSTEM32;C:\WINDOWS\WinSxS\amd64_microsoft.windows.common-controls_6595b64144ccf1df_6.0.22621.3672_none_2713b9d173822955;C:\Users\jraynor\.jdks\corretto-21.0.2\bin\server;C:\Users\jraynor\AppData\Local\Temp\lwjgl_jraynor\3.3.4+7\x64;C:\WINDOWS\System32\DriverStore\FileRepository\nvmdi.inf_amd64_e08347d07a4d61e2;C:\Users\jraynor\AppData\Local\Temp\imgui-java-natives\1.86.12;C:\ProgramData\obs-studio-hook

VM Arguments:
jvm_args: -agentlib:jdwp=transport=dt_socket,address=127.0.0.1:54219,suspend=y,server=n -javaagent:C:/Users/jraynor/.gradle/caches/modules-2/files-2.1/org.jetbrains.kotlinx/kotlinx-coroutines-core-jvm/1.8.1/bb0e192bd7c2b6b8217440d36e9758e377e450/kotlinx-coroutines-core-jvm-1.8.1.jar -javaagent:C:\Users\jraynor\AppData\Local\JetBrains\IntelliJIdea2024.2\captureAgent\debugger-agent.jar=file:/C:/Users/jraynor/AppData/Local/Temp/capture1.props -Dkotlinx.coroutines.debug.enable.creation.stack.trace=false -Ddebugger.agent.enable.coroutines=true -Dfile.encoding=UTF-8 -Dsun.stdout.encoding=UTF-8 -Dsun.stderr.encoding=UTF-8 
java_command: bpm.client.render.markdown.MarkdownTestRunnerKt
java_class_path (initial): D:\meng.core\build\classes\kotlin\main;D:\meng.core\build\resources\main;D:\meng.core\.gradle\repositories\ng_dummy_ng\net\neoforged\neoforge\21.1.31\neoforge-21.1.31.jar;C:\Users\jraynor\.gradle\caches\modules-2\files-2.1\thedarkcolour\kotlinforforge-neoforge\5.5.0\82e4e6a5852a852b2f11780f6b52b473d1b8991\kotlinforforge-neoforge-5.5.0-slim.jar;C:\Users\jraynor\.gradle\caches\modules-2\files-2.1\org.jetbrains.kotlin\kotlin-reflect\2.0.10\6b4bbabe20bdb258246f711da4bd87263391a292\kotlin-reflect-2.0.10.jar;C:\Users\jraynor\.gradle\caches\modules-2\files-2.1\com.charleskorn.kaml\kaml-jvm\0.55.0\20d31f99bd647839e01e7354dfe3f0f9b86ed21d\kaml-jvm-0.55.0.jar;C:\Users\jraynor\.gradle\caches\modules-2\files-2.1\org.jetbrains.kotlin\kotlin-stdlib\2.0.10\9120f9dd349d5c67fa6710c4049c3128ef6b51db\kotlin-stdlib-2.0.10.jar;C:\Users\jraynor\.gradle\caches\modules-2\files-2.1\io.github.spair\imgui-java-app\1.86.12\f5d923c8fc719f91abc50bc0266fbd31b19d3cf5\imgui-java-app-1.86.12.jar;C:\Users\jraynor\.gradle\caches\modules-2\files-2.1\io.github.spair\imgui-java-binding\1.86.12\a13fa049c952f68753b7f7a3a38facea59f390be\imgui-java-binding-1.86.12.jar;C:\Users\jraynor\.gradle\caches\modules-2\files-2.1\io.github.spair\imgui-java-lwjgl3\1.86.12\fc17cc082d58b7c0c858afe509f6b955df8b01f9\imgui-java-lwjgl3-1.86.12.jar;C:\Users\jraynor\.gradle\caches\modules-2\files-2.1\io.github.spair\imgui-java-natives-windows\1.86.12\c7844dc67868f5b44c4e60d9438620a80eeac737\imgui-java-natives-windows-1.86.12.jar;C:\Users\jraynor\.gradle\caches\modules-2\files-2.1\io.github.spair\imgui-java-natives-linux\1.86.12\3e6c10055aa1402bf82f97138d4762fd2637d7b9\imgui-java-natives-linux-1.86.12.jar;C:\Users\jraynor\.gradle\caches\modules-2\files-2.1\io.github.spair\imgui-java-natives-macos\1.86.12\326503ce9ddec4f0743ec47eaaba7ceb1865ae26\imgui-java-natives-macos-1.86.12.jar;C:\Users\jraynor\.gradle\caches\modules-2\files-2.1\com.google.code.gson\gson\2.10.1\b3add478d4382b78ea20b1671390a858002feb6c\gson-2.10.1.jar;C:\Users\jraynor\.gradle\caches\modules-2\files-2.1\io.github.classgraph\classgraph\4.8.165\d7237a1fc235030b7b548eb3d671f714da01e50b\classgraph-4.8.165.jar;C:\Users\jraynor\.gradle\caches\modules-2\files-2.1\org.commonmark\commonmark\0.23.0\fef55c86ffcfa0ba482919c23cac3d7cd617f891\commonmark-0.23.0.jar;C:\Users\jraynor\.gradle\caches\modules-2\files-2.1\org.jsoup\jsoup\1.18.1\cb7cd991d47b44101cbe4655dec611cdc01f8a02\jsoup-1.18.1.jar;C:\Users\jraynor\.m2\repository\party\iroiro\luajava\luajit\4.0.3-SNAPSHOT\luajit-4.0.3-SNAPSHOT.jar;C:\Users\jraynor\.m2\repository\party\iroiro\luajava\luajava\4.0.3-SNAPSHOT\luajava-4.0.3-SNAPSHOT.jar;C:\Users\jraynor\.gradle\caches\modules-2\files-2.1\org.eclipse.jgit\org.eclipse.jgit\7.0.0.202409031743-r\e11135ded2f1f78da9a028002ad7837cc970ee8e\org.eclipse.jgit-7.0.0.202409031743-r.jar;C:\Users\jraynor\.gradle\caches\modules-2\files-2.1\net.neoforged.fancymodloader\earlydisplay\4.0.24\c1f79ceaefcb4c79dea89e969563718a2d5157f\earlydisplay-4.0.24.jar;C:\Users\jraynor\.gradle\caches\modules-2\files-2.1\net.neoforged.fancymodloader\loader\4.0.24\8211b356d57387a287aa3fb1d425fdd34db6d638\loader-4.0.24.jar;C:\Users\jraynor\.gradle\caches\modules-2\files-2.1\net.neoforged\coremods\7.0.3\9147e6f638b4272b3bd5fc8f92ad37802512c6c\coremods-7.0.3.jar;C:\Users\jraynor\.gradle\caches\modules-2\files-2.1\cpw.mods\modlauncher\11.0.4\6619d4812a3c092310d521ebc4c9503727563df7\modlauncher-11.0.4.jar;C:\Users\jraynor\.gradle\caches\modules-2\files-2.1\cpw.mods\bootstraplauncher\2.0.2\1a2d076cbc33b0520cbacd591224427b2a20047d\bootstraplauncher-2.0.2.jar;C:\Users\jraynor\.gradle\caches\modules-2\files-2.1\cpw.mods\securejarhandler\3.0.8\c0ef95cecd8699a0449053ac7d9c160748d902cd\securejarhandler-3.0.8.jar;C:\Users\jraynor\.gradle\caches\modules-2\files-2.1\net.neoforged.accesstransformers\at-modlauncher\10.0.1\5aba50202aceead086bc09fbc2751c9f05cb4890\at-modlauncher-10.0.1.jar;C:\Users\jraynor\.gradle\caches\modules-2\files-2.1\net.neoforged\accesstransformers\10.0.1\fd83b5725f76eae9115e9355fa1c456a6a441400\accesstransformers-10.0.1.jar;C:\Users\jraynor\.gradle\caches\modules-2\files-2.1\org.openjdk.nashorn\nashorn-core\15.4\f67f5ffaa5f5130cf6fb9b133da00c7df3b532a5\nashorn-core-15.4.jar;C:\Users\jraynor\.gradle\caches\modules-2\files-2.1\net.neoforged\mergetool\2.0.3\1275202cbbb248f49345cf6787ce299afd9a02fb\mergetool-2.0.3-api.jar;C:\Users\jraynor\.gradle\caches\modules-2\files-2.1\net.neoforged\bus\8.0.1\9df0ed904cec279eb33ca6df420f6f82706ebb4c\bus-8.0.1.jar;C:\Users\jraynor\.gradle\caches\modules-2\files-2.1\com.electronwill.night-config\toml\3.8.0\861dbcf2757dd6701c98b3949198549ccb5f62ff\toml-3.8.0.jar;C:\Users\jraynor\.gradle\caches\modules-2\files-2.1\com.electronwill.night-config\core\3.8.0\2498dd2b3120dd49e963e2feab8fa5d0c5f80e0a\core-3.8.0.jar;C:\Users\jraynor\.gradle\caches\modules-2\files-2.1\net.neoforged\JarJarSelector\0.4.1\fb3cc7a58af22ad2880adb98af6d518128c47dae\JarJarSelector-0.4.1.jar;C:\Users\jraynor\.gradle\caches\modules-2\files-2.1\net.neoforged\JarJarMetadata\0.4.1\f8da03683dc81694556dc3e177c5e3bb77ae6fcb\JarJarMetadata-0.4.1.jar;C:\Users\jraynor\.gradle\caches\modules-2\files-2.1\org.apache.maven\maven-artifact\3.8.5\4433f50c07debefaed0553bd0068f4f48d449313\maven-artifact-3.8.5.jar;C:\Users\jraynor\.gradle\caches\modules-2\files-2.1\net.jodah\typetools\0.6.3\a01aaa6ddaea9ec07ec4f209487b7a46a526283a\typetools-0.6.3.jar;C:\Users\jraynor\.gradle\caches\modules-2\files-2.1\net.minecrell\terminalconsoleappender\1.3.0\b562e9bb61235c9520e26282cdee71f8f802d1fc\terminalconsoleappender-1.3.0.jar;C:\Users\jraynor\.gradle\caches\modules-2\files-2.1\net.fabricmc\sponge-mixin\0.15.2+mixin.0.8.7\2af2f021d8e02a0220dc27a7a72b4666d66d44ca\sponge-mixin-0.15.2+mixin.0.8.7.jar;C:\Users\jraynor\.gradle\caches\modules-2\files-2.1\com.mojang\authlib\6.0.54\de8bc95660e1b2fe8793fd427a7a10dcec5b3ea7\authlib-6.0.54.jar;C:\Users\jraynor\.gradle\caches\modules-2\files-2.1\org.apache.commons\commons-compress\1.26.0\659feffdd12280201c8aacb8f7be94f9a883c824\commons-compress-1.26.0.jar;C:\Users\jraynor\.gradle\caches\modules-2\files-2.1\org.apache.commons\commons-lang3\3.14.0\1ed471194b02f2c6cb734a0cd6f6f107c673afae\commons-lang3-3.14.0.jar;C:\Users\jraynor\.gradle\caches\modules-2\files-2.1\com.mojang\logging\1.2.7\24cb95ffb0e3433fd6e844c04e68009e504ca1c0\logging-1.2.7.jar;C:\Users\jraynor\.gradle\caches\modules-2\files-2.1\org.apache.logging.log4j\log4j-slf4j2-impl\2.22.1\d7e6693c2606cb7e7335047d7bb96dec52db5665\log4j-slf4j2-impl-2.22.1.jar;C:\Users\jraynor\.gradle\caches\modules-2\files-2.1\org.apache.logging.log4j\log4j-core\2.22.1\7183a25510a02ad00cc6a95d3b3d2a7d3c5a8dc4\log4j-core-2.22.1.jar;C:\Users\jraynor\.gradle\caches\modules-2\files-2.1\org.apache.logging.log4j\log4j-api\2.22.1\bea6fede6328fabafd7e68363161a7ea6605abd1\log4j-api-2.22.1.jar;C:\Users\jraynor\.gradle\caches\modules-2\files-2.1\net.neoforged\neoform\1.21.1-20240808.144430\811e2bd86fa2cda2812e5e8e51d718ea8bd6d3f4\neoform-1.21.1-20240808.144430.zip;C:\Users\jraynor\.gradle\caches\modules-2\files-2.1\net.neoforged\JarJarFileSystems\0.4.1\78f59f89defcd032ed788b151ca6a0d40ace796a\JarJarFileSystems-0.4.1.jar;C:\Users\jraynor\.gradle\caches\modules-2\files-2.1\io.github.llamalad7\mixinextras-neoforge\0.4.1\eff97772ecd0dcf8e52cdbafd3b3ccec425f8314\mixinextras-neoforge-0.4.1.jar;C:\Users\jraynor\.gradle\caches\modules-2\files-2.1\com.github.oshi\oshi-core\6.4.10\b1d8ab82d11d92fd639b56d639f8f46f739dd5fa\oshi-core-6.4.10.jar;C:\Users\jraynor\.gradle\caches\modules-2\files-2.1\com.mojang\datafixerupper\8.0.16\67d4de6d7f95d89bcf5862995fb854ebaec02a34\datafixerupper-8.0.16.jar;C:\Users\jraynor\.gradle\caches\modules-2\files-2.1\com.mojang\text2speech\1.17.9\3cad216e3a7f0c19b4b394388bc9ffc446f13b14\text2speech-1.17.9.jar;C:\Users\jraynor\.gradle\caches\modules-2\files-2.1\org.slf4j\slf4j-api\2.0.9\7cf2726fdcfbc8610f9a71fb3ed639871f315340\slf4j-api-2.0.9.jar;C:\Users\jraynor\.gradle\caches\modules-2\files-2.1\com.mojang\patchy\2.2.10\da05971b07cbb379d002cf7eaec6a2048211fefc\patchy-2.2.10.jar;C:\Users\jraynor\.gradle\caches\modules-2\files-2.1\com.google.guava\guava\32.1.2-jre\5e64ec7e056456bef3a4bc4c6fdaef71e8ab6318\guava-32.1.2-jre.jar;C:\Users\jraynor\.gradle\caches\modules-2\files-2.1\com.google.guava\failureaccess\1.0.1\1dcf1de382a0bf95a3d8b0849546c88bac1292c9\failureaccess-1.0.1.jar;C:\Users\jraynor\.gradle\caches\modules-2\files-2.1\com.google.guava\listenablefuture\9999.0-empty-to-avoid-conflict-with-guava\b421526c5f297295adef1c886e5246c39d4ac629\listenablefuture-9999.0-empty-to-avoid-conflict-with-guava.jar;C:\Users\jraynor\.gradle\caches\modules-2\files-2.1\com.google.code.findbugs\jsr305\3.0.2\25ea2e8b0c338a877313bd4672d3fe056ea78f0d\jsr305-3.0.2.jar;C:\Users\jraynor\.gradle\caches\modules-2\files-2.1\org.checkerframework\checker-qual\3.33.0\de2b60b62da487644fc11f734e73c8b0b431238f\checker-qual-3.33.0.jar;C:\Users\jraynor\.gradle\caches\modules-2\files-2.1\com.google.errorprone\error_prone_annotations\2.18.0\89b684257096f548fa39a7df9fdaa409d4d4df91\error_prone_annotations-2.18.0.jar;C:\Users\jraynor\.gradle\caches\modules-2\files-2.1\com.google.j2objc\j2objc-annotations\2.8\c85270e307e7b822f1086b93689124b89768e273\j2objc-annotations-2.8.jar;C:\Users\jraynor\.gradle\caches\modules-2\files-2.1\commons-io\commons-io\2.15.1\f11560da189ab563a5c8e351941415430e9304ea\commons-io-2.15.1.jar;C:\Users\jraynor\.gradle\caches\modules-2\files-2.1\net.sf.jopt-simple\jopt-simple\5.0.4\4fdac2fbe92dfad86aa6e9301736f6b4342a3f5c\jopt-simple-5.0.4.jar;C:\Users\jraynor\.gradle\caches\modules-2\files-2.1\net.minecraftforge\srgutils\0.4.15\ca408b131759478f164e010fae0d73997e125fb5\srgutils-0.4.15.jar;C:\Users\jraynor\.gradle\caches\modules-2\files-2.1\org.antlr\antlr4-runtime\4.13.1\17125bae1d965624e265ef49552f6465a2bfa307\antlr4-runtime-4.13.1.jar;C:\Users\jraynor\.gradle\caches\modules-2\files-2.1\org.jline\jline-reader\3.20.0\8f15415b022a25b473e8e16c28ae913186ffb9c4\jline-reader-3.20.0.jar;C:\Users\jraynor\.gradle\caches\modules-2\files-2.1\org.jline\jline-terminal\3.20.0\d0ddcc708ddf527a3454c941b7b9225cc83a15ff\jline-terminal-3.20.0.jar;C:\Users\jraynor\.gradle\caches\modules-2\files-2.1\org.codehaus.plexus\plexus-utils\3.3.0\cf43b5391de623b36fe066a21127baef82c64022\plexus-utils-3.3.0.jar;C:\Users\jraynor\.gradle\caches\modules-2\files-2.1\com.machinezoo.noexception\noexception\1.7.1\b65330c98e38a1f915fa54a6e5eca496505e3f0a\noexception-1.7.1.jar;D:\meng.core\.gradle\repositories\ng_dummy_ng\net\minecraft\client\1.21.1\client-1.21.1-client-extra.jar;C:\Users\jraynor\.gradle\caches\modules-2\files-2.1\com.ibm.icu\icu4j\73.2\61ad4ef7f9131fcf6d25c34b817f90d6da06c9e9\icu4j-73.2.jar;C:\Users\jraynor\.gradle\caches\modules-2\files-2.1\com.mojang\blocklist\1.0.10\5c685c5ffa94c4cd39496c7184c1d122e515ecef\blocklist-1.0.10.jar;C:\Users\jraynor\.gradle\caches\modules-2\files-2.1\com.mojang\brigadier\1.3.10\d15b53a14cf20fdcaa98f731af5dda654452c010\brigadier-1.3.10.jar;C:\Users\jraynor\.gradle\caches\modules-2\files-2.1\org.apache.httpcomponents\httpclient\4.5.13\e5f6cae5ca7ecaac1ec2827a9e2d65ae2869cada\httpclient-4.5.13.jar;C:\Users\jraynor\.gradle\caches\modules-2\files-2.1\commons-codec\commons-codec\1.17.1\973638b7149d333563584137ebf13a691bb60579\commons-codec-1.17.1.jar;C:\Users\jraynor\.gradle\caches\modules-2\files-2.1\commons-logging\commons-logging\1.2\4bfc12adfe4842bf07b657f0369c4cb522955686\commons-logging-1.2.jar;C:\Users\jraynor\.gradle\caches\modules-2\files-2.1\io.netty\netty-handler\4.1.97.Final\abb86c6906bf512bf2b797a41cd7d2e8d3cd7c36\netty-handler-4.1.97.Final.jar;C:\Users\jraynor\.gradle\caches\modules-2\files-2.1\io.netty\netty-codec\4.1.97.Final\384ba4d75670befbedb45c4d3b497a93639c206d\netty-codec-4.1.97.Final.jar;C:\Users\jraynor\.gradle\caches\modules-2\files-2.1\io.netty\netty-transport-classes-epoll\4.1.97.Final\795da37ded759e862457a82d9d92c4d39ce8ecee\netty-transport-classes-epoll-4.1.97.Final.jar;C:\Users\jraynor\.gradle\caches\modules-2\files-2.1\io.netty\netty-transport-native-unix-common\4.1.97.Final\d469d84265ab70095b01b40886cabdd433b6e664\netty-transport-native-unix-common-4.1.97.Final.jar;C:\Users\jraynor\.gradle\caches\modules-2\files-2.1\io.netty\netty-transport\4.1.97.Final\f37380d23c9bb079bc702910833b2fd532c9abd0\netty-transport-4.1.97.Final.jar;C:\Users\jraynor\.gradle\caches\modules-2\files-2.1\io.netty\netty-buffer\4.1.97.Final\f8f3d8644afa5e6e1a40a3a6aeb9d9aa970ecb4f\netty-buffer-4.1.97.Final.jar;C:\Users\jraynor\.gradle\caches\modules-2\files-2.1\io.netty\netty-resolver\4.1.97.Final\cec8348108dc76c47cf87c669d514be52c922144\netty-resolver-4.1.97.Final.jar;C:\Users\jraynor\.gradle\caches\modules-2\files-2.1\io.netty\netty-common\4.1.97.Final\7cceacaf11df8dc63f23d0fb58e9d4640fc88404\netty-common-4.1.97.Final.jar;C:\Users\jraynor\.gradle\caches\modules-2\files-2.1\it.unimi.dsi\fastutil\8.5.12\c24946d46824bd528054bface3231d2ecb7e95e8\fastutil-8.5.12.jar;C:\Users\jraynor\.gradle\caches\modules-2\files-2.1\net.java.dev.jna\jna-platform\5.14.0\28934d48aed814f11e4c584da55c49fa7032b31b\jna-platform-5.14.0.jar;C:\Users\jraynor\.gradle\caches\modules-2\files-2.1\ca.weblite\java-objc-bridge\1.1\1227f9e0666314f9de41477e3ec277e542ed7f7b\java-objc-bridge-1.1.jar;C:\Users\jraynor\.gradle\caches\modules-2\files-2.1\net.java.dev.jna\jna\5.14.0\67bf3eaea4f0718cb376a181a629e5f88fa1c9dd\jna-5.14.0.jar;C:\Users\jraynor\.gradle\caches\modules-2\files-2.1\org.apache.httpcomponents\httpcore\4.4.16\51cf043c87253c9f58b539c9f7e44c8894223850\httpcore-4.4.16.jar;C:\Users\jraynor\.gradle\caches\modules-2\files-2.1\org.jcraft\jorbis\0.0.17\8872d22b293e8f5d7d56ff92be966e6dc28ebdc6\jorbis-0.0.17.jar;C:\Users\jraynor\.gradle\caches\modules-2\files-2.1\org.joml\joml\1.10.5\22566d58af70ad3d72308bab63b8339906deb649\joml-1.10.5.jar;C:\Users\jraynor\.gradle\caches\modules-2\files-2.1\org.lwjgl\lwjgl-freetype\3.3.4\23f7bf165068ef2ca80ae1b79fd905af20498600\lwjgl-freetype-3.3.4.jar;C:\Users\jraynor\.gradle\caches\modules-2\files-2.1\org.lwjgl\lwjgl-freetype\3.3.4\fe3f8d6b8ef3a31c7ea6fd0f37a8720c3d4418f4\lwjgl-freetype-3.3.4-natives-windows.jar;C:\Users\jraynor\.gradle\caches\modules-2\files-2.1\org.lwjgl\lwjgl-freetype\3.3.4\5d1721df3dc001b716b541b7f74c996ba2dce643\lwjgl-freetype-3.3.4-natives-windows-arm64.jar;C:\Users\jraynor\.gradle\caches\modules-2\files-2.1\org.lwjgl\lwjgl-freetype\3.3.4\7fe2a9f29a91d5467c4e63a059b389195b39a5b5\lwjgl-freetype-3.3.4-natives-windows-x86.jar;C:\Users\jraynor\.gradle\caches\modules-2\files-2.1\org.lwjgl\lwjgl-glfw\3.3.4\7e46ecdec85db8738053cfde1414352cd62dab74\lwjgl-glfw-3.3.4.jar;C:\Users\jraynor\.gradle\caches\modules-2\files-2.1\org.lwjgl\lwjgl-glfw\3.3.4\91e3d4b56d6d1369ef107b9d7801c9f38125c590\lwjgl-glfw-3.3.4-natives-linux.jar;C:\Users\jraynor\.gradle\caches\modules-2\files-2.1\org.lwjgl\lwjgl-glfw\3.3.4\753fa860987242ceefa990a6062a18dff4908a33\lwjgl-glfw-3.3.4-natives-macos.jar;C:\Users\jraynor\.gradle\caches\modules-2\files-2.1\org.lwjgl\lwjgl-glfw\3.3.4\4c358e983516fb6318b76c892ac35b79e8f2f8d9\lwjgl-glfw-3.3.4-natives-macos-arm64.jar;C:\Users\jraynor\.gradle\caches\modules-2\files-2.1\org.lwjgl\lwjgl-glfw\3.3.4\370ef92d15819a123c643dd2b0fc3a2d40bb263c\lwjgl-glfw-3.3.4-natives-windows.jar;C:\Users\jraynor\.gradle\caches\modules-2\files-2.1\org.lwjgl\lwjgl-glfw\3.3.4\2515ef0622345f43bef2de2cd32b7dd6d7951e97\lwjgl-glfw-3.3.4-natives-windows-arm64.jar;C:\Users\jraynor\.gradle\caches\modules-2\files-2.1\org.lwjgl\lwjgl-glfw\3.3.4\3dbc102949a66255b95a31c2471f4c6a22b22737\lwjgl-glfw-3.3.4-natives-windows-x86.jar;C:\Users\jraynor\.gradle\caches\modules-2\files-2.1\org.lwjgl\lwjgl-jemalloc\3.3.4\e3f5dcb8e13f3a5ed3f740fd30a114cee2a80bc4\lwjgl-jemalloc-3.3.4.jar;C:\Users\jraynor\.gradle\caches\modules-2\files-2.1\org.lwjgl\lwjgl-jemalloc\3.3.4\4fa19a3d8262e2d73d9632b70b753a2b67552951\lwjgl-jemalloc-3.3.4-natives-windows.jar;C:\Users\jraynor\.gradle\caches\modules-2\files-2.1\org.lwjgl\lwjgl-jemalloc\3.3.4\2b0fbe6d19ef7e3e0134dd08b28a08ed331d7213\lwjgl-jemalloc-3.3.4-natives-windows-arm64.jar;C:\Users\jraynor\.gradle\caches\modules-2\files-2.1\org.lwjgl\lwjgl-jemalloc\3.3.4\54087cafb7c5e0d5dc440d1aa61fae9a7b384785\lwjgl-jemalloc-3.3.4-natives-windows-x86.jar;C:\Users\jraynor\.gradle\caches\modules-2\files-2.1\org.lwjgl\lwjgl-openal\3.3.4\9b74d3ea380c83353d42af43ad9659e04dabe84a\lwjgl-openal-3.3.4.jar;C:\Users\jraynor\.gradle\caches\modules-2\files-2.1\org.lwjgl\lwjgl-openal\3.3.4\c4de8af803aacda71044418095a71cd63b569a15\lwjgl-openal-3.3.4-natives-windows.jar;C:\Users\jraynor\.gradle\caches\modules-2\files-2.1\org.lwjgl\lwjgl-openal\3.3.4\f20045cf3d2efbe2d34b48d348ca8b4578159f38\lwjgl-openal-3.3.4-natives-windows-arm64.jar;C:\Users\jraynor\.gradle\caches\modules-2\files-2.1\org.lwjgl\lwjgl-openal\3.3.4\35ccf6e634931b2f980bd232def11f81e66484a6\lwjgl-openal-3.3.4-natives-windows-x86.jar;C:\Users\jraynor\.gradle\caches\modules-2\files-2.1\org.lwjgl\lwjgl-opengl\3.3.4\2852ac7d9f6fc71349f1ce28e2708ff1977f18af\lwjgl-opengl-3.3.4.jar;C:\Users\jraynor\.gradle\caches\modules-2\files-2.1\org.lwjgl\lwjgl-opengl\3.3.4\789df76d2e3da55349d858dfb81442149af7c7f4\lwjgl-opengl-3.3.4-natives-linux.jar;C:\Users\jraynor\.gradle\caches\modules-2\files-2.1\org.lwjgl\lwjgl-opengl\3.3.4\ae0dd9d292744114f54d268a98cf1cd748b9994d\lwjgl-opengl-3.3.4-natives-macos.jar;C:\Users\jraynor\.gradle\caches\modules-2\files-2.1\org.lwjgl\lwjgl-opengl\3.3.4\832e7deef981577ee7aeb3b9e1c74bc0e5d26cce\lwjgl-opengl-3.3.4-natives-macos-arm64.jar;C:\Users\jraynor\.gradle\caches\modules-2\files-2.1\org.lwjgl\lwjgl-opengl\3.3.4\f7ca4e75573a9ce83075bd86bc8a3e49ff106696\lwjgl-opengl-3.3.4-natives-windows.jar;C:\Users\jraynor\.gradle\caches\modules-2\files-2.1\org.lwjgl\lwjgl-opengl\3.3.4\37f11e183244b924e4125f17c73fc0ae437b1da0\lwjgl-opengl-3.3.4-natives-windows-arm64.jar;C:\Users\jraynor\.gradle\caches\modules-2\files-2.1\org.lwjgl\lwjgl-opengl\3.3.4\b6d5c724826bac85640a6049f0a1ddf431181126\lwjgl-opengl-3.3.4-natives-windows-x86.jar;C:\Users\jraynor\.gradle\caches\modules-2\files-2.1\org.lwjgl\lwjgl-stb\3.3.4\5821735d5ef23f6da8542887344e57eb181b7cac\lwjgl-stb-3.3.4.jar;C:\Users\jraynor\.gradle\caches\modules-2\files-2.1\org.lwjgl\lwjgl-stb\3.3.4\8310e565463ec8d369528e8b26a9b1518d079a01\lwjgl-stb-3.3.4-natives-windows.jar;C:\Users\jraynor\.gradle\caches\modules-2\files-2.1\org.lwjgl\lwjgl-stb\3.3.4\e089eb15fa7ac8e2c0c86f8a09c1c0c81f40aa0b\lwjgl-stb-3.3.4-natives-windows-arm64.jar;C:\Users\jraynor\.gradle\caches\modules-2\files-2.1\org.lwjgl\lwjgl-stb\3.3.4\d09beab94b973d0d919b1ceb3e057508c1f203f8\lwjgl-stb-3.3.4-natives-windows-x86.jar;C:\Users\jraynor\.gradle\caches\modules-2\files-2.1\org.lwjgl\lwjgl-tinyfd\3.3.4\2d73789ffd8962b38d9d599cc38b2383ce818c7a\lwjgl-tinyfd-3.3.4.jar;C:\Users\jraynor\.gradle\caches\modules-2\files-2.1\org.lwjgl\lwjgl-tinyfd\3.3.4\edb114fba87b0bb02866f18fbd0e98e999c48676\lwjgl-tinyfd-3.3.4-natives-windows.jar;C:\Users\jraynor\.gradle\caches\modules-2\files-2.1\org.lwjgl\lwjgl-tinyfd\3.3.4\5b38a0f069a6e529a038779d5a32d801375c3895\lwjgl-tinyfd-3.3.4-natives-windows-arm64.jar;C:\Users\jraynor\.gradle\caches\modules-2\files-2.1\org.lwjgl\lwjgl-tinyfd\3.3.4\f4b1684b7aea11547699a87317f0c8e3a089d0ac\lwjgl-tinyfd-3.3.4-natives-windows-x86.jar;C:\Users\jraynor\.gradle\caches\modules-2\files-2.1\org.lwjgl\lwjgl\3.3.4\b86c3e4832426e8a6b466013b7cb34b40e9ce956\lwjgl-3.3.4.jar;C:\Users\jraynor\.gradle\caches\modules-2\files-2.1\org.lwjgl\lwjgl\3.3.4\a7ccba1d3f2fef214943e74335a80cc65d04e49\lwjgl-3.3.4-natives-linux.jar;C:\Users\jraynor\.gradle\caches\modules-2\files-2.1\org.lwjgl\lwjgl\3.3.4\f952bb0894c946445942431de2e311feee635c00\lwjgl-3.3.4-natives-macos.jar;C:\Users\jraynor\.gradle\caches\modules-2\files-2.1\org.lwjgl\lwjgl\3.3.4\d12785da7cdca4921603b5dd83f712f5cdba3fc4\lwjgl-3.3.4-natives-macos-arm64.jar;C:\Users\jraynor\.gradle\caches\modules-2\files-2.1\org.lwjgl\lwjgl\3.3.4\dd0927c1348cdcd9573fa24b7278ec1ac2bb0a76\lwjgl-3.3.4-natives-windows.jar;C:\Users\jraynor\.gradle\caches\modules-2\files-2.1\org.lwjgl\lwjgl\3.3.4\53cd90561967ab85b25e5216f7557dd027537b46\lwjgl-3.3.4-natives-windows-arm64.jar;C:\Users\jraynor\.gradle\caches\modules-2\files-2.1\org.lwjgl\lwjgl\3.3.4\4da2cf3d17e4f8c654f71b0ce003712e540c1a9f\lwjgl-3.3.4-natives-windows-x86.jar;C:\Users\jraynor\.gradle\caches\modules-2\files-2.1\org.lz4\lz4-java\1.8.0\4b986a99445e49ea5fbf5d149c4b63f6ed6c6780\lz4-java-1.8.0.jar;C:\Users\jraynor\.gradle\caches\modules-2\files-2.1\org.jetbrains\annotations\24.1.0\7af6a669488450c4a07c2c3254e2151df42d7d04\annotations-24.1.0.jar;C:\Users\jraynor\.gradle\caches\modules-2\files-2.1\thedarkcolour\kfflang-neoforge\5.5.0\6aa1754c54c7da2caddcb26eb90315172259284d\kfflang-neoforge-5.5.0.jar;C:\Users\jraynor\.gradle\caches\modules-2\files-2.1\thedarkcolour\kfflib-neoforge\5.5.0\79719ddfca0443dd6db8a3b663f128dd1f5a7ed4\kfflib-neoforge-5.5.0.jar;C:\Users\jraynor\.gradle\caches\modules-2\files-2.1\thedarkcolour\kffmod-neoforge\5.5.0\9fc6838c2aef23cc38bc650b951c4dd18bf10c4\kffmod-neoforge-5.5.0.jar;C:\Users\jraynor\.gradle\caches\modules-2\files-2.1\org.jetbrains.kotlinx\kotlinx-coroutines-core-jvm\1.8.1\bb0e192bd7c2b6b8217440d36e9758e377e450\kotlinx-coroutines-core-jvm-1.8.1.jar;C:\Users\jraynor\.gradle\caches\modules-2\files-2.1\org.jetbrains.kotlinx\kotlinx-serialization-json-jvm\1.7.2\6701e8c68d9e82387ce72ee96e8ddf058208d58f\kotlinx-serialization-json-jvm-1.7.2.jar;C:\Users\jraynor\.gradle\caches\modules-2\files-2.1\org.jetbrains.kotlinx\kotlinx-serialization-core-jvm\1.7.2\a8259bd311fb07aae6d757a980b662fb24551a4b\kotlinx-serialization-core-jvm-1.7.2.jar;C:\Users\jraynor\.gradle\caches\modules-2\files-2.1\com.googlecode.javaewah\JavaEWAH\1.2.3\13a27c856e0c8808cee9a64032c58eee11c3adc9\JavaEWAH-1.2.3.jar;C:\Users\jraynor\.gradle\caches\modules-2\files-2.1\org.jetbrains.kotlinx\kotlinx-coroutines-jdk8\1.8.1\a9c5828df815ab41dd9063fda549715c41e8bfab\kotlinx-coroutines-jdk8-1.8.1.jar;C:\Users\jraynor\.gradle\caches\modules-2\files-2.1\org.jetbrains.kotlin\kotlin-stdlib-jdk8\2.0.10\c534f832a521e51e0f7394a760faf307477c2b97\kotlin-stdlib-jdk8-2.0.10.jar;C:\Users\jraynor\.gradle\caches\modules-2\files-2.1\org.jetbrains.kotlin\kotlin-stdlib-jdk7\2.0.10\60653f9d72ff3febc3d4e64daa412edc090d0157\kotlin-stdlib-jdk7-2.0.10.jar;C:\Users\jraynor\.gradle\caches\modules-2\files-2.1\org.snakeyaml\snakeyaml-engine\2.6\235a7e571b33eda1a81e0f73a3173ef95dd020e5\snakeyaml-engine-2.6.jar;C:\Users\jraynor\.gradle\caches\modules-2\files-2.1\org.ow2.asm\asm-commons\9.6\f1a9e5508eff490744144565c47326c8648be309\asm-commons-9.6.jar;C:\Users\jraynor\.gradle\caches\modules-2\files-2.1\org.ow2.asm\asm-util\9.6\f77caf84eb93786a749b2baa40865b9613e3eaee\asm-util-9.6.jar;C:\Users\jraynor\.gradle\caches\modules-2\files-2.1\org.ow2.asm\asm-analysis\9.6\9ce6c7b174bd997fc2552dff47964546bd7a5ec3\asm-analysis-9.6.jar;C:\Users\jraynor\.gradle\caches\modules-2\files-2.1\org.ow2.asm\asm-tree\9.6\c0cdda9d211e965d2a4448aa3fd86110f2f8c2de\asm-tree-9.6.jar;C:\Users\jraynor\.gradle\caches\modules-2\files-2.1\org.ow2.asm\asm\9.6\aa205cf0a06dbd8e04ece91c0b37c3f5d567546a\asm-9.6.jar;C:\Users\jraynor\.gradle\caches\modules-2\files-2.1\com.badlogicgames.gdx\gdx-jnigen-loader\2.5.2\f35e90affe07c46b4f5e5958a1a4c1820c4890e2\gdx-jnigen-loader-2.5.2.jar;C:\Users\jraynor\AppData\Local\Programs\IntelliJ IDEA Ultimate\lib\idea_rt.jar
Launcher Type: SUN_STANDARD

[Global flags]
     intx CICompilerCount                          = 15                                        {product} {ergonomic}
     uint ConcGCThreads                            = 6                                         {product} {ergonomic}
     uint G1ConcRefinementThreads                  = 23                                        {product} {ergonomic}
   size_t G1HeapRegionSize                         = 4194304                                   {product} {ergonomic}
    uintx GCDrainStackTargetSize                   = 64                                        {product} {ergonomic}
   size_t InitialHeapSize                          = 532676608                                 {product} {ergonomic}
   size_t MarkStackSize                            = 4194304                                   {product} {ergonomic}
   size_t MaxHeapSize                              = 8514437120                                {product} {ergonomic}
   size_t MaxNewSize                               = 5108662272                                {product} {ergonomic}
   size_t MinHeapDeltaBytes                        = 4194304                                   {product} {ergonomic}
   size_t MinHeapSize                              = 8388608                                   {product} {ergonomic}
    uintx NonNMethodCodeHeapSize                   = 8192380                                {pd product} {ergonomic}
    uintx NonProfiledCodeHeapSize                  = 121732930                              {pd product} {ergonomic}
    uintx ProfiledCodeHeapSize                     = 121732930                              {pd product} {ergonomic}
    uintx ReservedCodeCacheSize                    = 251658240                              {pd product} {ergonomic}
     bool SegmentedCodeCache                       = true                                      {product} {ergonomic}
   size_t SoftMaxHeapSize                          = 8514437120                             {manageable} {ergonomic}
     bool UseCompressedOops                        = true                           {product lp64_product} {ergonomic}
     bool UseG1GC                                  = true                                      {product} {ergonomic}
     bool UseLargePagesIndividualAllocation        = false                                  {pd product} {ergonomic}

Logging:
Log output configuration:
 #0: stdout all=warning uptime,level,tags foldmultilines=false
 #1: stderr all=off uptime,level,tags foldmultilines=false

Environment Variables:
JAVA_HOME=C:\Program Files\Java\jdk-17
PATH=C:\Program Files\Common Files\Oracle\Java\javapath;C:\Users\jraynor\AppData\Local\Programs\Python\Python312\Scripts\;C:\Users\jraynor\AppData\Local\Programs\Python\Python312\;C:\WINDOWS\system32;C:\WINDOWS;C:\WINDOWS\System32\Wbem;C:\WINDOWS\System32\WindowsPowerShell\v1.0\;C:\WINDOWS\System32\OpenSSH\;C:\Program Files\Git\cmd;C:\Program Files (x86)\Windows Kits\10\Windows Performance Toolkit\;C:\ProgramData\chocolatey\bin;C:\Program Files\CMake\bin;C:\Program Files\dotnet\;C:\Program Files\nodejs\;C:\Program Files\Java\jdk-17\bin;C:\Program Files\GitHub CLI\;C:\Users\jraynor\AppData\Local\Programs\Python\Launcher\;C:\Users\jraynor\AppData\Local\Microsoft\WindowsApps;C:\Users\jraynor\AppData\Local\GitHubDesktop\bin;C:\Users\jraynor\AppData\Local\JetBrains\Toolbox\scripts;C:\Users\jraynor\AppData\Local\Microsoft\WinGet\Links;C:\Users\jraynor\AppData\Roaming\npm;C:\Users\jraynor\AppData\Local\Programs\Microsoft VS Code\bin
USERNAME=jraynor
OS=Windows_NT
PROCESSOR_IDENTIFIER=Intel64 Family 6 Model 183 Stepping 1, GenuineIntel
TMP=C:\Users\jraynor\AppData\Local\Temp
TEMP=C:\Users\jraynor\AppData\Local\Temp




Periodic native trim disabled

---------------  S Y S T E M  ---------------

OS:
 Windows 11 , 64 bit Build 22621 (10.0.22621.3958)
OS uptime: 0 days 6:58 hours

CPU: total 32 (initial active 32) (16 cores per cpu, 2 threads per core) family 6 model 183 stepping 1 microcode 0x125, cx8, cmov, fxsr, ht, mmx, 3dnowpref, sse, sse2, sse3, ssse3, sse4.1, sse4.2, popcnt, lzcnt, tsc, tscinvbit, avx, avx2, aes, erms, clmul, bmi1, bmi2, adx, sha, fma, vzeroupper, clflush, clflushopt, clwb, serialize, rdtscp, rdpid, fsrm, f16c, pku, cet_ibt, cet_ss
Processor Information for all 32 processors :
  Max Mhz: 3000, Current Mhz: 3000, Mhz Limit: 3000

Memory: 4k page, system-wide physical 32475M (7155M free)
TotalPageFile size 44763M (AvailPageFile size 8592M)
current process WorkingSet (physical memory assigned to process): 643M, peak: 666M
current process commit charge ("private bytes"): 938M, peak: 1369M

vm_info: OpenJDK 64-Bit Server VM (21.0.2+13-LTS) for windows-amd64 JRE (21.0.2+13-LTS), built on 2024-01-10T23:18:03Z by "Administrator" with MS VC++ 16.10 / 16.11 (VS2019)

END.
