#
# A fatal error has been detected by the Java Runtime Environment:
#
#  EXCEPTION_ACCESS_VIOLATION (0xc0000005) at pc=0x00007ffa9fbec36d, pid=32252, tid=33456
#
# JRE version: OpenJDK Runtime Environment Corretto-21.0.2.13.1 (21.0.2+13) (build 21.0.2+13-LTS)
# Java VM: OpenJDK 64-Bit Server VM Corretto-21.0.2.13.1 (21.0.2+13-LTS, mixed mode, sharing, tiered, compressed oops, compressed class ptrs, g1 gc, windows-amd64)
# Problematic frame:
# C  [ntdll.dll+0x3c36d]
#
# No core dump will be written. Minidumps are not enabled by default on client versions of Windows
#
# If you would like to submit a bug report, please visit:
#   https://github.com/corretto/corretto-21/issues/
# The crash happened outside the Java Virtual Machine in native code.
# See problematic frame for where to report the bug.
#

---------------  S U M M A R Y ------------

Command Line: -agentlib:jdwp=transport=dt_socket,address=127.0.0.1:55422,suspend=y,server=n -javaagent:C:/Users/jraynor/.gradle/caches/modules-2/files-2.1/org.jetbrains.kotlinx/kotlinx-coroutines-core-jvm/1.8.1/bb0e192bd7c2b6b8217440d36e9758e377e450/kotlinx-coroutines-core-jvm-1.8.1.jar -javaagent:C:\Users\jraynor\AppData\Local\JetBrains\IntelliJIdea2024.2\captureAgent\debugger-agent.jar=file:/C:/Users/jraynor/AppData/Local/Temp/capture1.props -Dkotlinx.coroutines.debug.enable.creation.stack.trace=false -Ddebugger.agent.enable.coroutines=true -Dfile.encoding=UTF-8 -Dsun.stdout.encoding=UTF-8 -Dsun.stderr.encoding=UTF-8 bpm.client.render.markdown.MarkdownTestRunnerKt

Host: 13th Gen Intel(R) Core(TM) i9-13900K, 32 cores, 31G,  Windows 11 , 64 bit Build 22621 (10.0.22621.3958)
Time: Sun Sep 29 15:58:19 2024 Eastern Daylight Time elapsed time: 10.570879 seconds (0d 0h 0m 10s)

---------------  T H R E A D  ---------------

Current thread (0x0000019023fe69e0):  JavaThread "main"             [_thread_in_native, id=33456, stack(0x0000008fc9800000,0x0000008fc9900000) (1024K)]

Stack: [0x0000008fc9800000,0x0000008fc9900000],  sp=0x0000008fc98ff380,  free space=1020k
Native frames: (J=compiled Java code, j=interpreted, Vv=VM code, C=native code)
C  [ntdll.dll+0x3c36d]
C  [ntdll.dll+0x3aff1]
C  [msvcrt.dll+0x1cadc]
C  [imgui-java64.dll+0xd6f7a]

Java frames: (J=compiled Java code, j=interpreted, Vv=VM code)
j  imgui.ImGui.destroyContext()V+0
j  imgui.app.Window.disposeImGui()V+0
j  imgui.app.Window.dispose()V+15
j  bpm.client.render.markdown.MarkdownTestRunnerKt$main$1.dispose()V+1
j  imgui.app.Application.launch(Limgui/app/Application;)V+17
j  bpm.client.render.markdown.MarkdownTestRunnerKt.main([Ljava/lang/String;)V+16
v  ~StubRoutines::call_stub 0x0000019033aa100d

siginfo: EXCEPTION_ACCESS_VIOLATION (0xc0000005), reading address 0x00000006214dfc2f


Registers:
RAX=0x0000019091fe7f60, RBX=0x0000019021fd0000, RCX=0x0000019021fd0000, RDX=0x00000006214dfc30
RSP=0x0000008fc98ff380, RBP=0x00000006214dfc20, RSI=0x00000006214dfc30, RDI=0x0000000000000000
R8 =0x0000000000000000, R9 =0x0000000000000000, R10=0x0000019033ab06e7, R11=0x0000000605b4d890
R12=0x0000000000000000, R13=0x0000019021fd0000, R14=0x0000008fc98ff600, R15=0x0000000000000000
RIP=0x00007ffa9fbec36d, EFLAGS=0x0000000000010246


Register to memory mapping:

RAX=0x0000019091fe7f60 points into unknown readable memory: 0x0000019021fd0101 | 01 01 fd 21 90 01 00 00
RBX=0x0000019021fd0000 points into unknown readable memory: 0x0000000000000000 | 00 00 00 00 00 00 00 00
RCX=0x0000019021fd0000 points into unknown readable memory: 0x0000000000000000 | 00 00 00 00 00 00 00 00
RDX=0x00000006214dfc30 is an unallocated location in the heap
RSP=0x0000008fc98ff380 is pointing into the stack for thread: 0x0000019023fe69e0
RBP=0x00000006214dfc20 is an unallocated location in the heap
RSI=0x00000006214dfc30 is an unallocated location in the heap
RDI=0x0 is null
R8 =0x0 is null
R9 =0x0 is null
R10=0x0000019033ab06e7 is at code_begin+1927 in an Interpreter codelet
native method entry point (kind = native)  [0x0000019033aaff60, 0x0000019033ab1198]  4664 bytes
R11=0x0000000605b4d890 is an oop: java.lang.Class 
{0x0000000605b4d890} - klass: 'java/lang/Class'
 - ---- fields (total size 24 words):
 - private volatile transient 'classRedefinedCount' 'I' @12  0 (0x00000000)
 - injected 'klass' 'J' @16  1719262150032 (0x000001904c027d90)
 - injected 'array_klass' 'J' @24  0 (0x0000000000000000)
 - injected 'oop_size' 'I' @32  24 (0x00000018)
 - injected 'static_oop_field_count' 'I' @36  19 (0x00000013)
 - private volatile transient 'cachedConstructor' 'Ljava/lang/reflect/Constructor;' @40  null (0x00000000)
 - private transient 'name' 'Ljava/lang/String;' @44  "imgui.ImGui"{0x0000000605b4dbb8} (0xc0b69b77)
 - private transient 'module' 'Ljava/lang/Module;' @48  a 'java/lang/Module'{0x00000006053ca048} (0xc0a79409)
 - private final 'classLoader' 'Ljava/lang/ClassLoader;' @52  a 'jdk/internal/loader/ClassLoaders$AppClassLoader'{0x00000006053c9da8} (0xc0a793b5)
 - private transient 'classData' 'Ljava/lang/Object;' @56  null (0x00000000)
 - private transient 'packageName' 'Ljava/lang/String;' @60  "imgui"{0x0000000605681978} (0xc0ad032f)
 - private final 'componentType' 'Ljava/lang/Class;' @64  null (0x00000000)
 - private volatile transient 'reflectionData' 'Ljava/lang/ref/SoftReference;' @68  null (0x00000000)
 - private volatile transient 'genericInfo' 'Lsun/reflect/generics/repository/ClassRepository;' @72  null (0x00000000)
 - private volatile transient 'enumConstants' '[Ljava/lang/Object;' @76  null (0x00000000)
 - private volatile transient 'enumConstantDirectory' 'Ljava/util/Map;' @80  null (0x00000000)
 - private volatile transient 'annotationData' 'Ljava/lang/Class$AnnotationData;' @84  null (0x00000000)
 - private volatile transient 'annotationType' 'Lsun/reflect/annotation/AnnotationType;' @88  null (0x00000000)
 - transient 'classValueMap' 'Ljava/lang/ClassValue$ClassValueMap;' @92  null (0x00000000)
 - injected 'protection_domain' 'Ljava/lang/Object;' @96  a 'java/security/ProtectionDomain'{0x0000000604b9ff38} (0xc0973fe7)
 - injected 'signers_name' 'Ljava/lang/Object;' @100  null (0x00000000)
 - injected 'source_file' 'Ljava/lang/Object;' @104  null (0x00000000)
 - signature: Limgui/ImGui;
 - ---- static fields (19):
 - private static final 'LIB_PATH_PROP' 'Ljava/lang/String;' @112  "imgui.library.path"{0x0000000605b4db78} (0xc0b69b6f)
 - private static final 'LIB_NAME_PROP' 'Ljava/lang/String;' @116  "imgui.library.name"{0x0000000605b4db38} (0xc0b69b67)
 - private static final 'LIB_NAME_DEFAULT' 'Ljava/lang/String;' @120  "imgui-java64"{0x0000000605b4db00} (0xc0b69b60)
 - private static final 'LIB_TMP_DIR_PREFIX' 'Ljava/lang/String;' @124  "imgui-java-natives"{0x0000000605b4dac0} (0xc0b69b58)
 - private static final 'IMGUI_CONTEXT' 'Limgui/internal/ImGuiContext;' @128  a 'imgui/internal/ImGuiContext'{0x0000000605b4daa8} (0xc0b69b55)
 - private static final 'IMGUI_IO' 'Limgui/ImGuiIO;' @132  a 'imgui/ImGuiIO'{0x0000000605409a48} (0xc0a81349)
 - private static final 'WINDOW_DRAW_LIST' 'Limgui/ImDrawList;' @136  a 'imgui/ImDrawList'{0x0000000605b4da90} (0xc0b69b52)
 - private static final 'BACKGROUND_DRAW_LIST' 'Limgui/ImDrawList;' @140  a 'imgui/ImDrawList'{0x0000000605b4da78} (0xc0b69b4f)
 - private static final 'FOREGROUND_DRAW_LIST' 'Limgui/ImDrawList;' @144  a 'imgui/ImDrawList'{0x0000000605b4da60} (0xc0b69b4c)
 - private static final 'IMGUI_STORAGE' 'Limgui/ImGuiStorage;' @148  a 'imgui/ImGuiStorage'{0x0000000605b4da48} (0xc0b69b49)
 - private static final 'WINDOW_VIEWPORT' 'Limgui/ImGuiViewport;' @152  a 'imgui/ImGuiViewport'{0x0000000605b4da30} (0xc0b69b46)
 - private static final 'FIND_VIEWPORT' 'Limgui/ImGuiViewport;' @156  a 'imgui/ImGuiViewport'{0x0000000605b4da18} (0xc0b69b43)
 - private static final 'DRAW_DATA' 'Limgui/ImDrawData;' @160  a 'imgui/ImDrawData'{0x0000000605b4da00} (0xc0b69b40)
 - private static final 'FONT' 'Limgui/ImFont;' @164  a 'imgui/ImFont'{0x0000000605b4d9b0} (0xc0b69b36)
 - private static final 'STYLE' 'Limgui/ImGuiStyle;' @168  a 'imgui/ImGuiStyle'{0x0000000605b4d998} (0xc0b69b33)
 - private static final 'MAIN_VIEWPORT' 'Limgui/ImGuiViewport;' @172  a 'imgui/ImGuiViewport'{0x0000000605b4d980} (0xc0b69b30)
 - private static final 'PLATFORM_IO' 'Limgui/ImGuiPlatformIO;' @176  a 'imgui/ImGuiPlatformIO'{0x0000000605b4d968} (0xc0b69b2d)
 - private static 'payloadRef' 'Ljava/lang/ref/WeakReference;' @180  null (0x00000000)
 - private static final 'PAYLOAD_PLACEHOLDER_DATA' '[B' @184  [B{0x0000000605b4d950} (0xc0b69b2a)
R12=0x0 is null
R13=0x0000019021fd0000 points into unknown readable memory: 0x0000000000000000 | 00 00 00 00 00 00 00 00
R14=0x0000008fc98ff600 is pointing into the stack for thread: 0x0000019023fe69e0
R15=0x0 is null

Top of Stack: (sp=0x0000008fc98ff380)
0x0000008fc98ff380:   0000000001000000 00007ffa5be78bba
0x0000008fc98ff390:   0000019023fe69e0 0000000000000006
0x0000008fc98ff3a0:   0000019023fe69e0 fffffffe00000000
0x0000008fc98ff3b0:   0000000000000000 0000000000000000
0x0000008fc98ff3c0:   0000019023fe69e0 0000008fc98ff660
0x0000008fc98ff3d0:   0000008fc98ff660 00007ffa5be82ca1
0x0000008fc98ff3e0:   0000bf028fa67b5f 00000000000000b8
0x0000008fc98ff3f0:   0000019023fe69e0 0000019021d99b00
0x0000008fc98ff400:   00007ff979084170 00007ffa5bea54f0
0x0000008fc98ff410:   0000019023fe69e0 0000008fc98ff600
0x0000008fc98ff420:   00007ffa9dd9e740 00007ffa9dd9e740
0x0000008fc98ff430:   00000006214dfc30 00007ffa9fbeaff1
0x0000008fc98ff440:   00000006214dfc20 0000019021fd0000
0x0000008fc98ff450:   00007ffa9dd9e740 0000000000000000
0x0000008fc98ff460:   0000000000000000 00007ffa5be76cdc
0x0000008fc98ff470:   0000000000000000 00007ffa9dd8cadc
0x0000008fc98ff480:   0000000000000000 0000019091fec0e0
0x0000008fc98ff490:   0000000000000006 00007ffa5be78a6c
0x0000008fc98ff4a0:   0000000000000000 00007ff9790c6f7a
0x0000008fc98ff4b0:   0000019046b9edfa 00007ffa5be87c49
0x0000008fc98ff4c0:   0000bf028fa67dff 00007ffa5be87b8b
0x0000008fc98ff4d0:   0000019091fec0e0 0000019046b9edfa
0x0000008fc98ff4e0:   0000019033aa919a 0000008fc98ff5e8
0x0000008fc98ff4f0:   0000019091fe7f60 0000019091fec0e0
0x0000008fc98ff500:   0000008fc98ff600 00007ff9790cacb6
0x0000008fc98ff510:   000000000000001d 0000019046b9edfa
0x0000008fc98ff520:   0000019023fe69e0 0000019023fe69e0
0x0000008fc98ff530:   000001908c6427e0 00007ff9790658a5
0x0000008fc98ff540:   0000019033aa919a 0000019033ab0419
0x0000008fc98ff550:   000001908c6427e0 000001908c6427e0
0x0000008fc98ff560:   0000019033aa919a 0000000000000000
0x0000008fc98ff570:   000001908c6427e0 0000019033ab0716 

Instructions: (pc=0x00007ffa9fbec36d)
0x00007ffa9fbec26d:   bd 01 00 00 00 e8 19 ee ff ff 85 c0 0f 85 0c 08
0x00007ffa9fbec27d:   07 00 b9 80 03 fe 7f 40 38 39 0f 84 d2 fc ff ff
0x00007ffa9fbec28d:   e9 15 08 07 00 bd 02 00 00 00 e9 1b f9 ff ff 83
0x00007ffa9fbec29d:   cd 01 e9 38 f9 ff ff f7 41 74 00 00 00 01 75 63
0x00007ffa9fbec2ad:   f6 41 78 01 0f 85 94 08 07 00 40 f6 c6 0f 0f 84
0x00007ffa9fbec2bd:   9c 00 00 00 45 33 c9 48 89 7c 24 28 4c 8b c6 48
0x00007ffa9fbec2cd:   89 7c 24 20 49 8b d5 41 8d 49 09 e8 c3 5a 0e 00
0x00007ffa9fbec2dd:   48 89 bc 24 c0 00 00 00 48 85 ed 0f 84 90 09 07
0x00007ffa9fbec2ed:   00 80 7e ff 05 48 8d 5d 0f 48 89 5c 24 30 41 ba
0x00007ffa9fbec2fd:   03 00 00 00 0f 84 59 08 07 00 40 38 3b 0f 8c f3
0x00007ffa9fbec30d:   09 07 00 41 8b d7 4c 8b ce 83 ca 02 4c 8b c5 49
0x00007ffa9fbec31d:   8b cd e8 cc d2 ff ff 0f b6 d8 84 c0 0f 84 62 fc
0x00007ffa9fbec32d:   ff ff 48 8b 84 24 e0 00 00 00 48 85 c0 74 03 66
0x00007ffa9fbec33d:   89 38 4d 85 e4 74 04 49 89 3c 24 49 8b cd e8 10
0x00007ffa9fbec34d:   ed ff ff 85 c0 0f 84 39 fc ff ff e9 c5 0e 07 00
0x00007ffa9fbec35d:   48 8d 6a f0 48 89 ac 24 c0 00 00 00 0f 0d 4d 00
0x00007ffa9fbec36d:   80 7d 0f 05 75 13 0f b6 45 0e 48 c1 e0 04 48 2b
0x00007ffa9fbec37d:   e8 48 89 ac 24 c0 00 00 00 f6 45 0f 3f 0f 85 55
0x00007ffa9fbec38d:   ff ff ff 45 33 c9 48 89 7c 24 28 4c 8b c5 48 89
0x00007ffa9fbec39d:   7c 24 20 49 8b d5 41 8d 49 08 e8 f4 59 0e 00 48
0x00007ffa9fbec3ad:   8b ef e9 29 ff ff ff 83 39 00 0f 84 94 fb ff ff
0x00007ffa9fbec3bd:   65 48 8b 04 25 60 00 00 00 48 8b 88 90 00 00 00
0x00007ffa9fbec3cd:   48 81 c1 26 02 00 00 e9 7d fb ff ff 4c 8d 8c 24
0x00007ffa9fbec3dd:   c0 00 00 00 44 8b c5 48 8b d6 49 8b cd e8 ad b9
0x00007ffa9fbec3ed:   04 00 4c 8b c0 e9 eb f9 ff ff cc cc cc cc cc cc
0x00007ffa9fbec3fd:   cc cc cc 44 89 4c 24 20 48 89 4c 24 08 53 55 56
0x00007ffa9fbec40d:   57 41 54 41 55 41 56 41 57 48 83 ec 48 4d 8b d8
0x00007ffa9fbec41d:   45 33 ff 8b da 48 8b f2 c1 eb 0c 48 8b e9 33 5a
0x00007ffa9fbec42d:   28 45 8b ef 33 1d 11 ab 14 00 48 8d 15 52 08 10
0x00007ffa9fbec43d:   00 44 8b c3 45 8d 67 03 41 c1 e8 10 4d 85 db 0f
0x00007ffa9fbec44d:   84 1b 01 00 00 44 0f b7 cb 41 8d 49 0f 48 c1 e9
0x00007ffa9fbec45d:   04 0f b6 04 11 41 8b d3 41 2b d0 2b d6 48 8b 8c 


Stack slot to memory mapping:

stack at sp + 0 slots: 0x0000000001000000 is an unknown value
stack at sp + 1 slots: 0x00007ffa5be78bba jvm.dll
stack at sp + 2 slots: 0x0000019023fe69e0 is a thread
stack at sp + 3 slots: 0x0000000000000006 is an unknown value
stack at sp + 4 slots: 0x0000019023fe69e0 is a thread
stack at sp + 5 slots: 0xfffffffe00000000 is an unknown value
stack at sp + 6 slots: 0x0 is null
stack at sp + 7 slots: 0x0 is null


---------------  P R O C E S S  ---------------

Threads class SMR info:
_java_thread_list=0x00000190b4f433f0, length=18, elements={
0x0000019023fe69e0, 0x000001904a4a6480, 0x0000019046bac300, 0x0000019046bae100,
0x000001904a4a9170, 0x000001904a4abbe0, 0x000001904a4adf20, 0x000001904a4b15d0,
0x000001904a4b8970, 0x000001904a613c90, 0x000001904a7b2910, 0x000001904a7f7790,
0x000001904a7e0b50, 0x00000190907052b0, 0x000001909076fc80, 0x0000019098f51110,
0x00000190b4f23760, 0x00000190b4c8b760
}

Java Threads: ( => current thread )
=>0x0000019023fe69e0 JavaThread "main"                              [_thread_in_native, id=33456, stack(0x0000008fc9800000,0x0000008fc9900000) (1024K)]
  0x000001904a4a6480 JavaThread "Reference Handler"          daemon [_thread_blocked, id=6980, stack(0x0000008fca000000,0x0000008fca100000) (1024K)]
  0x0000019046bac300 JavaThread "Finalizer"                  daemon [_thread_blocked, id=32452, stack(0x0000008fca100000,0x0000008fca200000) (1024K)]
  0x0000019046bae100 JavaThread "Signal Dispatcher"          daemon [_thread_blocked, id=33316, stack(0x0000008fca200000,0x0000008fca300000) (1024K)]
  0x000001904a4a9170 JavaThread "Attach Listener"            daemon [_thread_blocked, id=15008, stack(0x0000008fca300000,0x0000008fca400000) (1024K)]
  0x000001904a4abbe0 JavaThread "Service Thread"             daemon [_thread_blocked, id=33216, stack(0x0000008fca400000,0x0000008fca500000) (1024K)]
  0x000001904a4adf20 JavaThread "Monitor Deflation Thread"   daemon [_thread_blocked, id=31756, stack(0x0000008fca500000,0x0000008fca600000) (1024K)]
  0x000001904a4b15d0 JavaThread "C2 CompilerThread0"         daemon [_thread_blocked, id=17004, stack(0x0000008fca600000,0x0000008fca700000) (1024K)]
  0x000001904a4b8970 JavaThread "C1 CompilerThread0"         daemon [_thread_blocked, id=15172, stack(0x0000008fca700000,0x0000008fca800000) (1024K)]
  0x000001904a613c90 JavaThread "Common-Cleaner"             daemon [_thread_blocked, id=7588, stack(0x0000008fca900000,0x0000008fcaa00000) (1024K)]
  0x000001904a7b2910 JavaThread "JDWP Transport Listener: dt_socket" daemon [_thread_blocked, id=33884, stack(0x0000008fcac00000,0x0000008fcad00000) (1024K)]
  0x000001904a7f7790 JavaThread "JDWP Event Helper Thread"   daemon [_thread_blocked, id=33900, stack(0x0000008fcad00000,0x0000008fcae00000) (1024K)]
  0x000001904a7e0b50 JavaThread "JDWP Command Reader"        daemon [_thread_in_native, id=9232, stack(0x0000008fcae00000,0x0000008fcaf00000) (1024K)]
  0x00000190907052b0 JavaThread "Coroutines Debugger Cleaner" daemon [_thread_blocked, id=34740, stack(0x0000008fcb100000,0x0000008fcb200000) (1024K)]
  0x000001909076fc80 JavaThread "Notification Thread"        daemon [_thread_blocked, id=8068, stack(0x0000008fcb200000,0x0000008fcb300000) (1024K)]
  0x0000019098f51110 JavaThread "JGit-FileStoreAttributeReader-1" daemon [_thread_blocked, id=34532, stack(0x0000008fcd800000,0x0000008fcd900000) (1024K)]
  0x00000190b4f23760 JavaThread "JGit-WorkQueue"             daemon [_thread_blocked, id=33844, stack(0x0000008fcda00000,0x0000008fcdb00000) (1024K)]
  0x00000190b4c8b760 JavaThread "Keep-Alive-Timer"           daemon [_thread_blocked, id=32980, stack(0x0000008fccb00000,0x0000008fccc00000) (1024K)]
Total: 18

Other Threads:
  0x0000019046b92960 VMThread "VM Thread"                           [id=22724, stack(0x0000008fc9f00000,0x0000008fca000000) (1024K)]
  0x0000019046b7a860 WatcherThread "VM Periodic Task Thread"        [id=33576, stack(0x0000008fc9e00000,0x0000008fc9f00000) (1024K)]
  0x00000190469f08c0 WorkerThread "GC Thread#0"                     [id=25048, stack(0x0000008fc9900000,0x0000008fc9a00000) (1024K)]
  0x00000190907c6040 WorkerThread "GC Thread#1"                     [id=24160, stack(0x0000008fcb300000,0x0000008fcb400000) (1024K)]
  0x00000190907a3710 WorkerThread "GC Thread#2"                     [id=32560, stack(0x0000008fcb400000,0x0000008fcb500000) (1024K)]
  0x00000190907a3ab0 WorkerThread "GC Thread#3"                     [id=31408, stack(0x0000008fcb500000,0x0000008fcb600000) (1024K)]
  0x00000190907a3e50 WorkerThread "GC Thread#4"                     [id=33988, stack(0x0000008fcb600000,0x0000008fcb700000) (1024K)]
  0x0000019090786030 WorkerThread "GC Thread#5"                     [id=13888, stack(0x0000008fcb700000,0x0000008fcb800000) (1024K)]
  0x00000190907863d0 WorkerThread "GC Thread#6"                     [id=32608, stack(0x0000008fcb800000,0x0000008fcb900000) (1024K)]
  0x0000019090786b80 WorkerThread "GC Thread#7"                     [id=7812, stack(0x0000008fcb900000,0x0000008fcba00000) (1024K)]
  0x0000019090786f20 WorkerThread "GC Thread#8"                     [id=512, stack(0x0000008fcba00000,0x0000008fcbb00000) (1024K)]
  0x00000190907ea9a0 WorkerThread "GC Thread#9"                     [id=32648, stack(0x0000008fcbb00000,0x0000008fcbc00000) (1024K)]
  0x00000190907ea600 WorkerThread "GC Thread#10"                    [id=33072, stack(0x0000008fcbc00000,0x0000008fcbd00000) (1024K)]
  0x00000190907e9780 WorkerThread "GC Thread#11"                    [id=32748, stack(0x0000008fcbd00000,0x0000008fcbe00000) (1024K)]
  0x00000190907e9b20 WorkerThread "GC Thread#12"                    [id=33228, stack(0x0000008fcbe00000,0x0000008fcbf00000) (1024K)]
  0x00000190907e9ec0 WorkerThread "GC Thread#13"                    [id=30184, stack(0x0000008fcc600000,0x0000008fcc700000) (1024K)]
  0x00000190907ea260 WorkerThread "GC Thread#14"                    [id=2720, stack(0x0000008fcc700000,0x0000008fcc800000) (1024K)]
  0x00000190916b6e10 WorkerThread "GC Thread#15"                    [id=33744, stack(0x0000008fcc800000,0x0000008fcc900000) (1024K)]
  0x00000190916b9d30 WorkerThread "GC Thread#16"                    [id=1324, stack(0x0000008fcc900000,0x0000008fcca00000) (1024K)]
  0x00000190916b6a70 WorkerThread "GC Thread#17"                    [id=33104, stack(0x0000008fcca00000,0x0000008fccb00000) (1024K)]
  0x00000190916b7550 WorkerThread "GC Thread#18"                    [id=24072, stack(0x0000008fcce00000,0x0000008fccf00000) (1024K)]
  0x00000190916b8eb0 WorkerThread "GC Thread#19"                    [id=31164, stack(0x0000008fccf00000,0x0000008fcd000000) (1024K)]
  0x00000190916b8b10 WorkerThread "GC Thread#20"                    [id=22696, stack(0x0000008fcd000000,0x0000008fcd100000) (1024K)]
  0x00000190916b83d0 WorkerThread "GC Thread#21"                    [id=34244, stack(0x0000008fcd100000,0x0000008fcd200000) (1024K)]
  0x00000190916b8770 WorkerThread "GC Thread#22"                    [id=33160, stack(0x0000008fcd200000,0x0000008fcd300000) (1024K)]
  0x0000019024065650 ConcurrentGCThread "G1 Main Marker"            [id=25448, stack(0x0000008fc9a00000,0x0000008fc9b00000) (1024K)]
  0x0000019021deb9c0 WorkerThread "G1 Conc#0"                       [id=8180, stack(0x0000008fc9b00000,0x0000008fc9c00000) (1024K)]
  0x00000190916b78f0 WorkerThread "G1 Conc#1"                       [id=15032, stack(0x0000008fcd300000,0x0000008fcd400000) (1024K)]
  0x00000190916b9990 WorkerThread "G1 Conc#2"                       [id=2692, stack(0x0000008fcd400000,0x0000008fcd500000) (1024K)]
  0x0000019098876660 WorkerThread "G1 Conc#3"                       [id=4428, stack(0x0000008fcd500000,0x0000008fcd600000) (1024K)]
  0x0000019098879580 WorkerThread "G1 Conc#4"                       [id=30832, stack(0x0000008fcd600000,0x0000008fcd700000) (1024K)]
  0x0000019098878e40 WorkerThread "G1 Conc#5"                       [id=33700, stack(0x0000008fcd700000,0x0000008fcd800000) (1024K)]
  0x0000019046acf090 ConcurrentGCThread "G1 Refine#0"               [id=26880, stack(0x0000008fc9c00000,0x0000008fc9d00000) (1024K)]
  0x0000019046acf9b0 ConcurrentGCThread "G1 Service"                [id=34056, stack(0x0000008fc9d00000,0x0000008fc9e00000) (1024K)]
Total: 34

Threads with active compile tasks:
Total: 0

VM state: not at safepoint (normal execution)

VM Mutex/Monitor currently owned by a thread: None

Heap address: 0x0000000604800000, size: 8120 MB, Compressed Oops mode: Zero based, Oop shift amount: 3

CDS archive(s) mapped at: [0x000001904b000000-0x000001904bc90000-0x000001904bc90000), size 13172736, SharedBaseAddress: 0x000001904b000000, ArchiveRelocationMode: 1.
Compressed class space mapped at: 0x000001904c000000-0x000001908c000000, reserved size: 1073741824
Narrow klass base: 0x000001904b000000, Narrow klass shift: 0, Narrow klass range: 0x100000000

GC Precious Log:
 CardTable entry size: 512
 Card Set container configuration: InlinePtr #cards 4 size 8 Array Of Cards #cards 32 size 80 Howl #buckets 8 coarsen threshold 7372 Howl Bitmap #cards 1024 size 144 coarsen threshold 921 Card regions per heap region 1 cards per card region 8192
 CPUs: 32 total, 32 available
 Memory: 32475M
 Large Page Support: Disabled
 NUMA Support: Disabled
 Compressed Oops: Enabled (Zero based)
 Heap Region Size: 4M
 Heap Min Capacity: 8M
 Heap Initial Capacity: 508M
 Heap Max Capacity: 8120M
 Pre-touch: Disabled
 Parallel Workers: 23
 Concurrent Workers: 6
 Concurrent Refinement Workers: 23
 Periodic GC: Disabled

Heap:
 garbage-first heap   total 114688K, used 49020K [0x0000000604800000, 0x0000000800000000)
  region size 4096K, 8 young (32768K), 1 survivors (4096K)
 Metaspace       used 31094K, committed 31552K, reserved 1114112K
  class space    used 3059K, committed 3264K, reserved 1048576K

Heap Regions: E=young(eden), S=young(survivor), O=old, HS=humongous(starts), HC=humongous(continues), CS=collection set, F=free, TAMS=top-at-mark-start, PB=parsable bottom
|   0|0x0000000604800000, 0x0000000604bd41a0, 0x0000000604c00000| 95%| O|  |TAMS 0x0000000604800000| PB 0x0000000604800000| Untracked 
|   1|0x0000000604c00000, 0x0000000604c00000, 0x0000000605000000|  0%| F|  |TAMS 0x0000000604c00000| PB 0x0000000604c00000| Untracked 
|   2|0x0000000605000000, 0x0000000605400000, 0x0000000605400000|100%| O|  |TAMS 0x0000000605000000| PB 0x0000000605000000| Untracked 
|   3|0x0000000605400000, 0x0000000605800000, 0x0000000605800000|100%| O|  |TAMS 0x0000000605400000| PB 0x0000000605400000| Untracked 
|   4|0x0000000605800000, 0x0000000605c00000, 0x0000000605c00000|100%| O|  |TAMS 0x0000000605800000| PB 0x0000000605800000| Untracked 
|   5|0x0000000605c00000, 0x0000000606000000, 0x0000000606000000|100%| O|  |TAMS 0x0000000605c00000| PB 0x0000000605c00000| Untracked 
|   6|0x0000000606000000, 0x00000006060a1400, 0x0000000606400000| 15%| O|  |TAMS 0x0000000606000000| PB 0x0000000606000000| Untracked 
|   7|0x0000000606400000, 0x0000000606400000, 0x0000000606800000|  0%| F|  |TAMS 0x0000000606400000| PB 0x0000000606400000| Untracked 
|   8|0x0000000606800000, 0x0000000606800000, 0x0000000606c00000|  0%| F|  |TAMS 0x0000000606800000| PB 0x0000000606800000| Untracked 
|   9|0x0000000606c00000, 0x0000000606c00000, 0x0000000607000000|  0%| F|  |TAMS 0x0000000606c00000| PB 0x0000000606c00000| Untracked 
|  10|0x0000000607000000, 0x0000000607000000, 0x0000000607400000|  0%| F|  |TAMS 0x0000000607000000| PB 0x0000000607000000| Untracked 
|  11|0x0000000607400000, 0x0000000607400000, 0x0000000607800000|  0%| F|  |TAMS 0x0000000607400000| PB 0x0000000607400000| Untracked 
|  12|0x0000000607800000, 0x0000000607b69e18, 0x0000000607c00000| 85%| S|CS|TAMS 0x0000000607800000| PB 0x0000000607800000| Complete 
|  13|0x0000000607c00000, 0x0000000607c00000, 0x0000000608000000|  0%| F|  |TAMS 0x0000000607c00000| PB 0x0000000607c00000| Untracked 
|  14|0x0000000608000000, 0x0000000608000000, 0x0000000608400000|  0%| F|  |TAMS 0x0000000608000000| PB 0x0000000608000000| Untracked 
|  15|0x0000000608400000, 0x0000000608400000, 0x0000000608800000|  0%| F|  |TAMS 0x0000000608400000| PB 0x0000000608400000| Untracked 
|  16|0x0000000608800000, 0x0000000608800000, 0x0000000608c00000|  0%| F|  |TAMS 0x0000000608800000| PB 0x0000000608800000| Untracked 
|  17|0x0000000608c00000, 0x0000000608c00000, 0x0000000609000000|  0%| F|  |TAMS 0x0000000608c00000| PB 0x0000000608c00000| Untracked 
|  18|0x0000000609000000, 0x0000000609000000, 0x0000000609400000|  0%| F|  |TAMS 0x0000000609000000| PB 0x0000000609000000| Untracked 
|  19|0x0000000609400000, 0x0000000609400000, 0x0000000609800000|  0%| F|  |TAMS 0x0000000609400000| PB 0x0000000609400000| Untracked 
|  20|0x0000000609800000, 0x0000000609800000, 0x0000000609c00000|  0%| F|  |TAMS 0x0000000609800000| PB 0x0000000609800000| Untracked 
|  21|0x0000000609c00000, 0x0000000609fa7b68, 0x000000060a000000| 91%| E|  |TAMS 0x0000000609c00000| PB 0x0000000609c00000| Complete 
|  22|0x000000060a000000, 0x000000060a400000, 0x000000060a400000|100%| E|CS|TAMS 0x000000060a000000| PB 0x000000060a000000| Complete 
|  23|0x000000060a400000, 0x000000060a800000, 0x000000060a800000|100%| E|CS|TAMS 0x000000060a400000| PB 0x000000060a400000| Complete 
| 120|0x0000000622800000, 0x0000000622c00000, 0x0000000622c00000|100%| E|CS|TAMS 0x0000000622800000| PB 0x0000000622800000| Complete 
| 121|0x0000000622c00000, 0x0000000623000000, 0x0000000623000000|100%| E|CS|TAMS 0x0000000622c00000| PB 0x0000000622c00000| Complete 
| 122|0x0000000623000000, 0x0000000623400000, 0x0000000623400000|100%| E|CS|TAMS 0x0000000623000000| PB 0x0000000623000000| Complete 
| 126|0x0000000624000000, 0x0000000624400000, 0x0000000624400000|100%| E|CS|TAMS 0x0000000624000000| PB 0x0000000624000000| Complete 

Card table byte_map: [0x000001903d9a0000,0x000001903e980000] _byte_map_base: 0x000001903a97c000

Marking Bits: (CMBitMap*) 0x0000019024054d40
 Bits: [0x000001903e980000, 0x0000019046860000)

Polling page: 0x0000019021f30000

Metaspace:

Usage:
  Non-class:     27.38 MB used.
      Class:      2.99 MB used.
       Both:     30.37 MB used.

Virtual space:
  Non-class space:       64.00 MB reserved,      27.62 MB ( 43%) committed,  1 nodes.
      Class space:        1.00 GB reserved,       3.19 MB ( <1%) committed,  1 nodes.
             Both:        1.06 GB reserved,      30.81 MB (  3%) committed. 

Chunk freelists:
   Non-Class:  3.98 MB
       Class:  12.83 MB
        Both:  16.81 MB

MaxMetaspaceSize: unlimited
CompressedClassSpaceSize: 1.00 GB
Initial GC threshold: 21.00 MB
Current GC threshold: 35.12 MB
CDS: on
 - commit_granule_bytes: 65536.
 - commit_granule_words: 8192.
 - virtual_space_node_default_size: 8388608.
 - enlarge_chunks_in_place: 1.
 - use_allocation_guard: 0.


Internal statistics:

num_allocs_failed_limit: 3.
num_arena_births: 466.
num_arena_deaths: 0.
num_vsnodes_births: 2.
num_vsnodes_deaths: 0.
num_space_committed: 491.
num_space_uncommitted: 0.
num_chunks_returned_to_freelist: 3.
num_chunks_taken_from_freelist: 1210.
num_chunk_merges: 3.
num_chunk_splits: 798.
num_chunks_enlarged: 563.
num_inconsistent_stats: 0.

CodeHeap 'non-profiled nmethods': size=118848Kb used=3447Kb max_used=3447Kb free=115400Kb
 bounds [0x0000019034280000, 0x00000190345e0000, 0x000001903b690000]
CodeHeap 'profiled nmethods': size=118848Kb used=10714Kb max_used=10714Kb free=108133Kb
 bounds [0x000001902c690000, 0x000001902d110000, 0x0000019033aa0000]
CodeHeap 'non-nmethods': size=8064Kb used=2667Kb max_used=4969Kb free=5396Kb
 bounds [0x0000019033aa0000, 0x0000019033f90000, 0x0000019034280000]
 total_blobs=6799 nmethods=5329 adapters=1374
 compilation: enabled
              stopped_count=0, restarted_count=0
 full_count=0

Compilation events (20 events):
Event: 8.082 Thread 0x000001904a4b15d0 nmethod 5321 0x00000190345cf310 code [0x00000190345cf4a0, 0x00000190345cf6e0]
Event: 8.296 Thread 0x000001904a4b15d0 5322       4       java.lang.AbstractStringBuilder::inflate (42 bytes)
Event: 8.297 Thread 0x000001904a4b15d0 nmethod 5322 0x00000190345cf890 code [0x00000190345cfa40, 0x00000190345cfd58]
Event: 8.733 Thread 0x000001904a4b15d0 5323       4       org.jsoup.helper.Validate::notNull (15 bytes)
Event: 8.733 Thread 0x000001904a4b15d0 nmethod 5323 0x00000190345cfe90 code [0x00000190345d0020, 0x00000190345d00a0]
Event: 8.806 Thread 0x000001904a4b15d0 5324       4       org.lwjgl.system.MemoryStack::nmalloc (61 bytes)
Event: 8.807 Thread 0x000001904a4b15d0 nmethod 5324 0x00000190345d0190 code [0x00000190345d0320, 0x00000190345d0400]
Event: 9.166 Thread 0x000001904a4b8970 5325       3       sun.security.ssl.TransportContext::isInboundClosed (8 bytes)
Event: 9.166 Thread 0x000001904a4b8970 nmethod 5325 0x000001902d106690 code [0x000001902d106820, 0x000001902d1069d8]
Event: 9.285 Thread 0x000001904a4b15d0 5326   !   4       java.util.regex.Pattern$Neg::match (121 bytes)
Event: 9.286 Thread 0x000001904a4b15d0 nmethod 5326 0x00000190345d0490 code [0x00000190345d0660, 0x00000190345d0b40]
Event: 9.307 Thread 0x000001904a4b15d0 5327       4       imgui.glfw.ImGuiImplGlfw::updateMousePosAndButtons (334 bytes)
Event: 9.309 Thread 0x000001904a4b15d0 nmethod 5327 0x00000190345d0f90 code [0x00000190345d1280, 0x00000190345d1ae0]
Event: 9.743 Thread 0x000001904a4b15d0 5328       4       org.lwjgl.opengl.GL20::glVertexAttribPointer (12 bytes)
Event: 9.744 Thread 0x000001904a4b15d0 nmethod 5328 0x00000190345d2510 code [0x00000190345d26a0, 0x00000190345d2750]
Event: 9.751 Thread 0x000001904a4b15d0 5329       4       imgui.gl3.ImGuiImplGl3::renderDrawData (403 bytes)
Event: 9.826 Thread 0x000001904a4b15d0 nmethod 5329 0x00000190345d2810 code [0x00000190345d3100, 0x00000190345d81b8]
Event: 10.140 Thread 0x000001904a4b15d0 5330       4       imgui.type.ImString::get (49 bytes)
Event: 10.141 Thread 0x000001904a4b15d0 nmethod 5330 0x00000190345dcd90 code [0x00000190345dcf40, 0x00000190345dd240]
Event: 10.569 Thread 0x000001904a4b15d0 5331       4       java.util.concurrent.ConcurrentHashMap$ValueIterator::next (34 bytes)

GC Heap History (20 events):
Event: 5.696 GC heap before
{Heap before GC invocations=8 (full 0):
 garbage-first heap   total 114688K, used 86330K [0x0000000604800000, 0x0000000800000000)
  region size 4096K, 16 young (65536K), 1 survivors (4096K)
 Metaspace       used 31091K, committed 31552K, reserved 1114112K
  class space    used 3059K, committed 3264K, reserved 1048576K
}
Event: 5.698 GC heap after
{Heap after GC invocations=9 (full 0):
 garbage-first heap   total 114688K, used 24596K [0x0000000604800000, 0x0000000800000000)
  region size 4096K, 1 young (4096K), 1 survivors (4096K)
 Metaspace       used 31091K, committed 31552K, reserved 1114112K
  class space    used 3059K, committed 3264K, reserved 1048576K
}
Event: 6.274 GC heap before
{Heap before GC invocations=9 (full 0):
 garbage-first heap   total 114688K, used 86036K [0x0000000604800000, 0x0000000800000000)
  region size 4096K, 16 young (65536K), 1 survivors (4096K)
 Metaspace       used 31091K, committed 31552K, reserved 1114112K
  class space    used 3059K, committed 3264K, reserved 1048576K
}
Event: 6.276 GC heap after
{Heap after GC invocations=10 (full 0):
 garbage-first heap   total 114688K, used 24708K [0x0000000604800000, 0x0000000800000000)
  region size 4096K, 1 young (4096K), 1 survivors (4096K)
 Metaspace       used 31091K, committed 31552K, reserved 1114112K
  class space    used 3059K, committed 3264K, reserved 1048576K
}
Event: 6.770 GC heap before
{Heap before GC invocations=10 (full 0):
 garbage-first heap   total 114688K, used 86148K [0x0000000604800000, 0x0000000800000000)
  region size 4096K, 16 young (65536K), 1 survivors (4096K)
 Metaspace       used 31091K, committed 31552K, reserved 1114112K
  class space    used 3059K, committed 3264K, reserved 1048576K
}
Event: 6.772 GC heap after
{Heap after GC invocations=11 (full 0):
 garbage-first heap   total 114688K, used 24574K [0x0000000604800000, 0x0000000800000000)
  region size 4096K, 1 young (4096K), 1 survivors (4096K)
 Metaspace       used 31091K, committed 31552K, reserved 1114112K
  class space    used 3059K, committed 3264K, reserved 1048576K
}
Event: 7.266 GC heap before
{Heap before GC invocations=11 (full 0):
 garbage-first heap   total 114688K, used 86014K [0x0000000604800000, 0x0000000800000000)
  region size 4096K, 16 young (65536K), 1 survivors (4096K)
 Metaspace       used 31091K, committed 31552K, reserved 1114112K
  class space    used 3059K, committed 3264K, reserved 1048576K
}
Event: 7.268 GC heap after
{Heap after GC invocations=12 (full 0):
 garbage-first heap   total 114688K, used 24478K [0x0000000604800000, 0x0000000800000000)
  region size 4096K, 1 young (4096K), 1 survivors (4096K)
 Metaspace       used 31091K, committed 31552K, reserved 1114112K
  class space    used 3059K, committed 3264K, reserved 1048576K
}
Event: 7.807 GC heap before
{Heap before GC invocations=12 (full 0):
 garbage-first heap   total 114688K, used 85918K [0x0000000604800000, 0x0000000800000000)
  region size 4096K, 16 young (65536K), 1 survivors (4096K)
 Metaspace       used 31091K, committed 31552K, reserved 1114112K
  class space    used 3059K, committed 3264K, reserved 1048576K
}
Event: 7.809 GC heap after
{Heap after GC invocations=13 (full 0):
 garbage-first heap   total 114688K, used 24586K [0x0000000604800000, 0x0000000800000000)
  region size 4096K, 1 young (4096K), 1 survivors (4096K)
 Metaspace       used 31091K, committed 31552K, reserved 1114112K
  class space    used 3059K, committed 3264K, reserved 1048576K
}
Event: 8.303 GC heap before
{Heap before GC invocations=13 (full 0):
 garbage-first heap   total 114688K, used 86026K [0x0000000604800000, 0x0000000800000000)
  region size 4096K, 16 young (65536K), 1 survivors (4096K)
 Metaspace       used 31091K, committed 31552K, reserved 1114112K
  class space    used 3059K, committed 3264K, reserved 1048576K
}
Event: 8.305 GC heap after
{Heap after GC invocations=14 (full 0):
 garbage-first heap   total 114688K, used 24545K [0x0000000604800000, 0x0000000800000000)
  region size 4096K, 1 young (4096K), 1 survivors (4096K)
 Metaspace       used 31091K, committed 31552K, reserved 1114112K
  class space    used 3059K, committed 3264K, reserved 1048576K
}
Event: 8.799 GC heap before
{Heap before GC invocations=14 (full 0):
 garbage-first heap   total 114688K, used 85985K [0x0000000604800000, 0x0000000800000000)
  region size 4096K, 16 young (65536K), 1 survivors (4096K)
 Metaspace       used 31091K, committed 31552K, reserved 1114112K
  class space    used 3059K, committed 3264K, reserved 1048576K
}
Event: 8.801 GC heap after
{Heap after GC invocations=15 (full 0):
 garbage-first heap   total 114688K, used 24651K [0x0000000604800000, 0x0000000800000000)
  region size 4096K, 1 young (4096K), 1 survivors (4096K)
 Metaspace       used 31091K, committed 31552K, reserved 1114112K
  class space    used 3059K, committed 3264K, reserved 1048576K
}
Event: 9.292 GC heap before
{Heap before GC invocations=15 (full 0):
 garbage-first heap   total 114688K, used 86091K [0x0000000604800000, 0x0000000800000000)
  region size 4096K, 16 young (65536K), 1 survivors (4096K)
 Metaspace       used 31092K, committed 31552K, reserved 1114112K
  class space    used 3059K, committed 3264K, reserved 1048576K
}
Event: 9.295 GC heap after
{Heap after GC invocations=16 (full 0):
 garbage-first heap   total 114688K, used 24450K [0x0000000604800000, 0x0000000800000000)
  region size 4096K, 1 young (4096K), 1 survivors (4096K)
 Metaspace       used 31092K, committed 31552K, reserved 1114112K
  class space    used 3059K, committed 3264K, reserved 1048576K
}
Event: 9.789 GC heap before
{Heap before GC invocations=16 (full 0):
 garbage-first heap   total 114688K, used 85890K [0x0000000604800000, 0x0000000800000000)
  region size 4096K, 16 young (65536K), 1 survivors (4096K)
 Metaspace       used 31092K, committed 31552K, reserved 1114112K
  class space    used 3059K, committed 3264K, reserved 1048576K
}
Event: 9.791 GC heap after
{Heap after GC invocations=17 (full 0):
 garbage-first heap   total 114688K, used 24574K [0x0000000604800000, 0x0000000800000000)
  region size 4096K, 1 young (4096K), 1 survivors (4096K)
 Metaspace       used 31092K, committed 31552K, reserved 1114112K
  class space    used 3059K, committed 3264K, reserved 1048576K
}
Event: 10.285 GC heap before
{Heap before GC invocations=17 (full 0):
 garbage-first heap   total 114688K, used 86014K [0x0000000604800000, 0x0000000800000000)
  region size 4096K, 16 young (65536K), 1 survivors (4096K)
 Metaspace       used 31092K, committed 31552K, reserved 1114112K
  class space    used 3059K, committed 3264K, reserved 1048576K
}
Event: 10.287 GC heap after
{Heap after GC invocations=18 (full 0):
 garbage-first heap   total 114688K, used 24444K [0x0000000604800000, 0x0000000800000000)
  region size 4096K, 1 young (4096K), 1 survivors (4096K)
 Metaspace       used 31092K, committed 31552K, reserved 1114112K
  class space    used 3059K, committed 3264K, reserved 1048576K
}

Dll operation events (16 events):
Event: 0.004 Loaded shared library C:\Users\jraynor\.jdks\corretto-21.0.2\bin\java.dll
Event: 0.005 Loaded shared library C:\Users\jraynor\.jdks\corretto-21.0.2\bin\zip.dll
Event: 0.024 Loaded shared library C:\Users\jraynor\.jdks\corretto-21.0.2\bin\jsvml.dll
Event: 0.078 Loaded shared library C:\Users\jraynor\.jdks\corretto-21.0.2\bin\instrument.dll
Event: 0.080 Loaded shared library C:\Users\jraynor\.jdks\corretto-21.0.2\bin\net.dll
Event: 0.080 Loaded shared library C:\Users\jraynor\.jdks\corretto-21.0.2\bin\nio.dll
Event: 0.084 Loaded shared library C:\Users\jraynor\.jdks\corretto-21.0.2\bin\zip.dll
Event: 0.148 Loaded shared library C:\Users\jraynor\.jdks\corretto-21.0.2\bin\jimage.dll
Event: 0.218 Loaded shared library C:\Users\jraynor\AppData\Local\Temp\lwjgl_jraynor\3.3.4+7\x64\lwjgl.dll
Event: 0.427 Loaded shared library C:\Users\jraynor\AppData\Local\Temp\lwjgl_jraynor\3.3.4+7\x64\lwjgl_opengl.dll
Event: 0.650 Loaded shared library C:\Users\jraynor\AppData\Local\Temp\imgui-java-natives\1.86.12\imgui-java64.dll
Event: 0.765 Loaded shared library C:\Users\jraynor\.jdks\corretto-21.0.2\bin\management.dll
Event: 0.766 Loaded shared library C:\Users\jraynor\.jdks\corretto-21.0.2\bin\management_ext.dll
Event: 2.435 Loaded shared library C:\Users\jraynor\.jdks\corretto-21.0.2\bin\sunmscapi.dll
Event: 2.508 Loaded shared library C:\Users\jraynor\.jdks\corretto-21.0.2\bin\extnet.dll
Event: 4.167 Loaded shared library C:\Users\jraynor\AppData\Local\Temp\lwjgl_jraynor\3.3.4+7\x64\lwjgl_stb.dll

Deoptimization events (20 events):
Event: 4.182 Thread 0x0000019023fe69e0 DEOPT PACKING pc=0x000001903449e8f0 sp=0x0000008fc98fed30
Event: 4.182 Thread 0x0000019023fe69e0 DEOPT UNPACKING pc=0x0000019033af46a2 sp=0x0000008fc98fecd8 mode 2
Event: 4.193 Thread 0x0000019023fe69e0 Uncommon trap: trap_request=0xffffff45 fr.pc=0x00000190344a9a54 relative=0x00000000000003f4
Event: 4.193 Thread 0x0000019023fe69e0 Uncommon trap: reason=unstable_if action=reinterpret pc=0x00000190344a9a54 method=kotlin.text.StringsKt__StringsJVMKt.regionMatches(Ljava/lang/String;ILjava/lang/String;IIZ)Z @ 15 c2
Event: 4.193 Thread 0x0000019023fe69e0 DEOPT PACKING pc=0x00000190344a9a54 sp=0x0000008fc98feb30
Event: 4.193 Thread 0x0000019023fe69e0 DEOPT UNPACKING pc=0x0000019033af46a2 sp=0x0000008fc98feb40 mode 2
Event: 4.237 Thread 0x0000019023fe69e0 Uncommon trap: trap_request=0xffffff6e fr.pc=0x00000190344c98e4 relative=0x0000000000000544
Event: 4.237 Thread 0x0000019023fe69e0 Uncommon trap: reason=loop_limit_check action=maybe_recompile pc=0x00000190344c98e4 method=java.util.regex.Pattern$StartS.match(Ljava/util/regex/Matcher;ILjava/lang/CharSequence;)Z @ 34 c2
Event: 4.237 Thread 0x0000019023fe69e0 DEOPT PACKING pc=0x00000190344c98e4 sp=0x0000008fc98fedd0
Event: 4.237 Thread 0x0000019023fe69e0 DEOPT UNPACKING pc=0x0000019033af46a2 sp=0x0000008fc98fed80 mode 2
Event: 4.485 Thread 0x0000019023fe69e0 DEOPT PACKING pc=0x000001902d051f5e sp=0x0000008fc98feac0
Event: 4.485 Thread 0x0000019023fe69e0 DEOPT UNPACKING pc=0x0000019033af4e42 sp=0x0000008fc98fe0e0 mode 0
Event: 5.099 Thread 0x0000019023fe69e0 DEOPT PACKING pc=0x000001902d0bb26c sp=0x0000008fc98ff210
Event: 5.099 Thread 0x0000019023fe69e0 DEOPT UNPACKING pc=0x0000019033af4e42 sp=0x0000008fc98fe6a0 mode 0
Event: 5.633 Thread 0x0000019023fe69e0 DEOPT PACKING pc=0x000001902d0bb767 sp=0x0000008fc98febf0
Event: 5.633 Thread 0x0000019023fe69e0 DEOPT UNPACKING pc=0x0000019033af4e42 sp=0x0000008fc98fe088 mode 0
Event: 9.165 Thread 0x00000190b4c8b760 Uncommon trap: trap_request=0xffffff45 fr.pc=0x0000019034405fdc relative=0x00000000000000bc
Event: 9.165 Thread 0x00000190b4c8b760 Uncommon trap: reason=unstable_if action=reinterpret pc=0x0000019034405fdc method=java.lang.Integer.stringSize(I)I @ 3 c2
Event: 9.165 Thread 0x00000190b4c8b760 DEOPT PACKING pc=0x0000019034405fdc sp=0x0000008fccbff3d0
Event: 9.166 Thread 0x00000190b4c8b760 DEOPT UNPACKING pc=0x0000019033af46a2 sp=0x0000008fccbff358 mode 2

Classes loaded (20 events):
Event: 4.178 Loading class kotlin/text/RegexKt
Event: 4.178 Loading class kotlin/text/RegexKt done
Event: 4.179 Loading class kotlin/text/MatcherMatchResult
Event: 4.179 Loading class kotlin/text/MatcherMatchResult done
Event: 4.179 Loading class kotlin/text/MatchResult
Event: 4.179 Loading class kotlin/text/MatchResult done
Event: 4.179 Loading class kotlin/text/MatcherMatchResult$groups$1
Event: 4.179 Loading class kotlin/text/MatcherMatchResult$groups$1 done
Event: 4.179 Loading class kotlin/text/MatchNamedGroupCollection
Event: 4.179 Loading class kotlin/text/MatchNamedGroupCollection done
Event: 4.179 Loading class kotlin/text/MatchGroupCollection
Event: 4.179 Loading class kotlin/text/MatchGroupCollection done
Event: 4.182 Loading class kotlin/collections/EmptyIterator
Event: 4.182 Loading class kotlin/collections/EmptyIterator done
Event: 4.187 Loading class bpm/client/render/markdown/MarkdownRenderer$ImageAlignment
Event: 4.187 Loading class bpm/client/render/markdown/MarkdownRenderer$ImageAlignment done
Event: 4.188 Loading class bpm/client/render/markdown/MarkdownRenderer$WhenMappings
Event: 4.188 Loading class bpm/client/render/markdown/MarkdownRenderer$WhenMappings done
Event: 6.929 Loading class org/jsoup/parser/Token$1
Event: 6.929 Loading class org/jsoup/parser/Token$1 done

Classes unloaded (0 events):
No events

Classes redefined (0 events):
No events

Internal exceptions (20 events):
Event: 2.775 Thread 0x00000190b4f23760 Exception <a 'sun/nio/fs/WindowsException'{0x0000000607648198}> (0x0000000607648198) 
thrown [s\src\hotspot\share\prims\jni.cpp, line 520]
Event: 2.775 Thread 0x0000019023fe69e0 Exception <a 'sun/nio/fs/WindowsException'{0x00000006074cdab0}> (0x00000006074cdab0) 
thrown [s\src\hotspot\share\prims\jni.cpp, line 520]
Event: 2.776 Thread 0x00000190b4f23760 Exception <a 'sun/nio/fs/WindowsException'{0x0000000607651e98}> (0x0000000607651e98) 
thrown [s\src\hotspot\share\prims\jni.cpp, line 520]
Event: 2.776 Thread 0x00000190b4f23760 Exception <a 'sun/nio/fs/WindowsException'{0x0000000607652bc0}> (0x0000000607652bc0) 
thrown [s\src\hotspot\share\prims\jni.cpp, line 520]
Event: 2.776 Thread 0x00000190b4f23760 Exception <a 'sun/nio/fs/WindowsException'{0x0000000607654f18}> (0x0000000607654f18) 
thrown [s\src\hotspot\share\prims\jni.cpp, line 520]
Event: 2.777 Thread 0x00000190b4f23760 Exception <a 'sun/nio/fs/WindowsException'{0x0000000607655c40}> (0x0000000607655c40) 
thrown [s\src\hotspot\share\prims\jni.cpp, line 520]
Event: 2.783 Thread 0x0000019023fe69e0 Exception <a 'sun/nio/fs/WindowsException'{0x00000006075d4390}> (0x00000006075d4390) 
thrown [s\src\hotspot\share\prims\jni.cpp, line 520]
Event: 2.783 Thread 0x0000019023fe69e0 Exception <a 'sun/nio/fs/WindowsException'{0x00000006075d50b8}> (0x00000006075d50b8) 
thrown [s\src\hotspot\share\prims\jni.cpp, line 520]
Event: 2.784 Thread 0x0000019023fe69e0 Exception <a 'sun/nio/fs/WindowsException'{0x00000006075dcec8}> (0x00000006075dcec8) 
thrown [s\src\hotspot\share\prims\jni.cpp, line 520]
Event: 2.784 Thread 0x0000019023fe69e0 Exception <a 'sun/nio/fs/WindowsException'{0x00000006075dfed0}> (0x00000006075dfed0) 
thrown [s\src\hotspot\share\prims\jni.cpp, line 520]
Event: 2.784 Thread 0x0000019023fe69e0 Exception <a 'sun/nio/fs/WindowsException'{0x00000006075e0bf8}> (0x00000006075e0bf8) 
thrown [s\src\hotspot\share\prims\jni.cpp, line 520]
Event: 2.785 Thread 0x0000019023fe69e0 Exception <a 'sun/nio/fs/WindowsException'{0x00000006075eeee8}> (0x00000006075eeee8) 
thrown [s\src\hotspot\share\prims\jni.cpp, line 520]
Event: 4.027 Thread 0x0000019023fe69e0 Exception <a 'java/lang/NoSuchMethodError'{0x0000000606c7d3e0}: 'void java.lang.invoke.DirectMethodHandle$Holder.invokeStaticInit(java.lang.Object, java.lang.Object)'> (0x0000000606c7d3e0) 
thrown [s\src\hotspot\share\interpreter\linkResolver.cpp, line 773]
Event: 4.028 Thread 0x0000019023fe69e0 Exception <a 'java/lang/NoSuchMethodError'{0x0000000606c91a78}: 'void java.lang.invoke.DirectMethodHandle$Holder.invokeStaticInit(java.lang.Object, java.lang.Object, java.lang.Object)'> (0x0000000606c91a78) 
thrown [s\src\hotspot\share\interpreter\linkResolver.cpp, line 773]
Event: 4.163 Thread 0x0000019023fe69e0 Exception <a 'java/lang/NoSuchMethodError'{0x0000000606b41b50}: 'void java.lang.System.load(java.lang.String, java.lang.Class)'> (0x0000000606b41b50) 
thrown [s\src\hotspot\share\interpreter\linkResolver.cpp, line 773]
Event: 4.163 Thread 0x0000019023fe69e0 Implicit null exception at 0x00000190343c2db3 to 0x00000190343c30ac
Event: 4.163 Thread 0x0000019023fe69e0 Exception <a 'java/lang/NoSuchMethodError'{0x0000000606b447a0}: 'void java.lang.System.loadLibrary(java.lang.String, java.lang.Class)'> (0x0000000606b447a0) 
thrown [s\src\hotspot\share\interpreter\linkResolver.cpp, line 773]
Event: 4.166 Thread 0x0000019023fe69e0 Exception <a 'sun/nio/fs/WindowsException'{0x0000000606b54318}> (0x0000000606b54318) 
thrown [s\src\hotspot\share\prims\jni.cpp, line 520]
Event: 4.166 Thread 0x0000019023fe69e0 Exception <a 'sun/nio/fs/WindowsException'{0x0000000606b546a8}> (0x0000000606b546a8) 
thrown [s\src\hotspot\share\prims\jni.cpp, line 520]
Event: 4.175 Thread 0x0000019023fe69e0 Exception <a 'java/lang/NoSuchMethodError'{0x0000000606bffc50}: 'int java.lang.invoke.DirectMethodHandle$Holder.invokeSpecial(java.lang.Object, java.lang.Object, java.lang.Object, java.lang.Object)'> (0x0000000606bffc50) 
thrown [s\src\hotspot\share\interpreter\linkResolver.cpp, line 773]

ZGC Phase Switch (0 events):
No events

VM Operations (20 events):
Event: 5.696 Executing VM operation: G1CollectForAllocation (G1 Evacuation Pause)
Event: 5.698 Executing VM operation: G1CollectForAllocation (G1 Evacuation Pause) done
Event: 6.274 Executing VM operation: G1CollectForAllocation (G1 Evacuation Pause)
Event: 6.276 Executing VM operation: G1CollectForAllocation (G1 Evacuation Pause) done
Event: 6.770 Executing VM operation: G1CollectForAllocation (G1 Evacuation Pause)
Event: 6.772 Executing VM operation: G1CollectForAllocation (G1 Evacuation Pause) done
Event: 7.266 Executing VM operation: G1CollectForAllocation (G1 Evacuation Pause)
Event: 7.268 Executing VM operation: G1CollectForAllocation (G1 Evacuation Pause) done
Event: 7.807 Executing VM operation: G1CollectForAllocation (G1 Evacuation Pause)
Event: 7.809 Executing VM operation: G1CollectForAllocation (G1 Evacuation Pause) done
Event: 8.303 Executing VM operation: G1CollectForAllocation (G1 Evacuation Pause)
Event: 8.305 Executing VM operation: G1CollectForAllocation (G1 Evacuation Pause) done
Event: 8.799 Executing VM operation: G1CollectForAllocation (G1 Evacuation Pause)
Event: 8.801 Executing VM operation: G1CollectForAllocation (G1 Evacuation Pause) done
Event: 9.292 Executing VM operation: G1CollectForAllocation (G1 Evacuation Pause)
Event: 9.295 Executing VM operation: G1CollectForAllocation (G1 Evacuation Pause) done
Event: 9.789 Executing VM operation: G1CollectForAllocation (G1 Evacuation Pause)
Event: 9.791 Executing VM operation: G1CollectForAllocation (G1 Evacuation Pause) done
Event: 10.285 Executing VM operation: G1CollectForAllocation (G1 Evacuation Pause)
Event: 10.287 Executing VM operation: G1CollectForAllocation (G1 Evacuation Pause) done

Events (20 events):
Event: 2.727 Thread 0x00000190b5672440 Thread exited: 0x00000190b5672440
Event: 2.769 Thread 0x00000190b4f23760 Thread added: 0x00000190b4f23760
Event: 2.925 Thread 0x00000190917a3af0 Thread exited: 0x00000190917a3af0
Event: 2.925 Thread 0x00000190917a6aa0 Thread exited: 0x00000190917a6aa0
Event: 2.925 Thread 0x00000190917a4890 Thread exited: 0x00000190917a4890
Event: 2.925 Thread 0x00000190917a4f60 Thread exited: 0x00000190917a4f60
Event: 2.929 Thread 0x00000190917a41c0 Thread exited: 0x00000190917a41c0
Event: 4.030 Thread 0x00000190917a5d00 Thread added: 0x00000190917a5d00
Event: 4.124 Thread 0x0000019099166260 Thread added: 0x0000019099166260
Event: 4.124 Thread 0x0000019099166260 Thread exited: 0x0000019099166260
Event: 4.161 Thread 0x00000190b4c8b760 Thread added: 0x00000190b4c8b760
Event: 4.183 Thread 0x00000190917a4890 Thread added: 0x00000190917a4890
Event: 4.205 Thread 0x00000190917a3af0 Thread added: 0x00000190917a3af0
Event: 5.073 Thread 0x00000190917a3af0 Thread exited: 0x00000190917a3af0
Event: 5.118 Thread 0x00000190917a4890 Thread exited: 0x00000190917a4890
Event: 5.203 Thread 0x00000190917a5d00 Thread exited: 0x00000190917a5d00
Event: 6.103 Thread 0x00000190907d3df0 Thread exited: 0x00000190907d3df0
Event: 6.103 Thread 0x00000190905d7ae0 Thread exited: 0x00000190905d7ae0
Event: 6.103 Thread 0x000001904a753030 Thread exited: 0x000001904a753030
Event: 6.103 Thread 0x000001904a607fc0 Thread exited: 0x000001904a607fc0


Dynamic libraries:
0x00007ff733d50000 - 0x00007ff733d5e000 	C:\Users\jraynor\.jdks\corretto-21.0.2\bin\java.exe
0x00007ffa9fbb0000 - 0x00007ffa9fdc7000 	C:\WINDOWS\SYSTEM32\ntdll.dll
0x00007ffa9ef90000 - 0x00007ffa9f054000 	C:\WINDOWS\System32\KERNEL32.DLL
0x00007ffa9ced0000 - 0x00007ffa9d27d000 	C:\WINDOWS\System32\KERNELBASE.dll
0x00007ffa9d2b0000 - 0x00007ffa9d3c1000 	C:\WINDOWS\System32\ucrtbase.dll
0x00007ffa973a0000 - 0x00007ffa973b8000 	C:\Users\jraynor\.jdks\corretto-21.0.2\bin\jli.dll
0x00007ffa966e0000 - 0x00007ffa966fb000 	C:\Users\jraynor\.jdks\corretto-21.0.2\bin\VCRUNTIME140.dll
0x00007ffa9f350000 - 0x00007ffa9f4fe000 	C:\WINDOWS\System32\USER32.dll
0x00007ffa8e090000 - 0x00007ffa8e323000 	C:\WINDOWS\WinSxS\amd64_microsoft.windows.common-controls_6595b64144ccf1df_6.0.22621.3672_none_2713b9d173822955\COMCTL32.dll
0x00007ffa9d6c0000 - 0x00007ffa9d6e6000 	C:\WINDOWS\System32\win32u.dll
0x00007ffa9dd70000 - 0x00007ffa9de17000 	C:\WINDOWS\System32\msvcrt.dll
0x00007ffa9eee0000 - 0x00007ffa9ef09000 	C:\WINDOWS\System32\GDI32.dll
0x00007ffa9d490000 - 0x00007ffa9d5a9000 	C:\WINDOWS\System32\gdi32full.dll
0x00007ffa9d620000 - 0x00007ffa9d6ba000 	C:\WINDOWS\System32\msvcp_win.dll
0x00007ffa9d8e0000 - 0x00007ffa9d911000 	C:\WINDOWS\System32\IMM32.DLL
0x00007ffa97d00000 - 0x00007ffa97d0c000 	C:\Users\jraynor\.jdks\corretto-21.0.2\bin\vcruntime140_1.dll
0x00007ffa7cd80000 - 0x00007ffa7ce0d000 	C:\Users\jraynor\.jdks\corretto-21.0.2\bin\msvcp140.dll
0x00007ffa5b800000 - 0x00007ffa5c590000 	C:\Users\jraynor\.jdks\corretto-21.0.2\bin\server\jvm.dll
0x00007ffa9de30000 - 0x00007ffa9dee2000 	C:\WINDOWS\System32\ADVAPI32.dll
0x00007ffa9f060000 - 0x00007ffa9f109000 	C:\WINDOWS\System32\sechost.dll
0x00007ffa9d280000 - 0x00007ffa9d2a8000 	C:\WINDOWS\System32\bcrypt.dll
0x00007ffa9def0000 - 0x00007ffa9e004000 	C:\WINDOWS\System32\RPCRT4.dll
0x00007ffa9f110000 - 0x00007ffa9f181000 	C:\WINDOWS\System32\WS2_32.dll
0x00007ffa9bd80000 - 0x00007ffa9bdcd000 	C:\WINDOWS\SYSTEM32\POWRPROF.dll
0x00007ffa92490000 - 0x00007ffa924c4000 	C:\WINDOWS\SYSTEM32\WINMM.dll
0x00007ffa96300000 - 0x00007ffa9630a000 	C:\WINDOWS\SYSTEM32\VERSION.dll
0x00007ffa9bd60000 - 0x00007ffa9bd73000 	C:\WINDOWS\SYSTEM32\UMPDC.dll
0x00007ffa9c010000 - 0x00007ffa9c028000 	C:\WINDOWS\SYSTEM32\kernel.appcore.dll
0x00007ffa97390000 - 0x00007ffa9739a000 	C:\Users\jraynor\.jdks\corretto-21.0.2\bin\jimage.dll
0x00007ffa90da0000 - 0x00007ffa90fd2000 	C:\WINDOWS\SYSTEM32\DBGHELP.DLL
0x00007ffa9d920000 - 0x00007ffa9dcae000 	C:\WINDOWS\System32\combase.dll
0x00007ffa9f500000 - 0x00007ffa9f5d7000 	C:\WINDOWS\System32\OLEAUT32.dll
0x00007ffa77dc0000 - 0x00007ffa77df2000 	C:\WINDOWS\SYSTEM32\dbgcore.DLL
0x00007ffa9d860000 - 0x00007ffa9d8db000 	C:\WINDOWS\System32\bcryptPrimitives.dll
0x00007ffa965e0000 - 0x00007ffa9661c000 	C:\Users\jraynor\.jdks\corretto-21.0.2\bin\jdwp.dll
0x00007ffa96530000 - 0x00007ffa9653e000 	C:\Users\jraynor\.jdks\corretto-21.0.2\bin\instrument.dll
0x00007ffa963f0000 - 0x00007ffa9640f000 	C:\Users\jraynor\.jdks\corretto-21.0.2\bin\java.dll
0x00007ffa8df50000 - 0x00007ffa8df68000 	C:\Users\jraynor\.jdks\corretto-21.0.2\bin\zip.dll
0x00007ffa9e670000 - 0x00007ffa9eed7000 	C:\WINDOWS\System32\SHELL32.dll
0x00007ffa9ae60000 - 0x00007ffa9b75f000 	C:\WINDOWS\SYSTEM32\windows.storage.dll
0x00007ffa9ad20000 - 0x00007ffa9ae5f000 	C:\WINDOWS\SYSTEM32\wintypes.dll
0x00007ffa9f5f0000 - 0x00007ffa9f6e9000 	C:\WINDOWS\System32\SHCORE.dll
0x00007ffa9f190000 - 0x00007ffa9f1ee000 	C:\WINDOWS\System32\shlwapi.dll
0x00007ffa9ce00000 - 0x00007ffa9ce27000 	C:\WINDOWS\SYSTEM32\profapi.dll
0x00007ff9ff2f0000 - 0x00007ff9ff3c7000 	C:\Users\jraynor\.jdks\corretto-21.0.2\bin\jsvml.dll
0x00007ffa96520000 - 0x00007ffa9652c000 	C:\Users\jraynor\.jdks\corretto-21.0.2\bin\dt_socket.dll
0x00007ffa9ba30000 - 0x00007ffa9ba5d000 	C:\WINDOWS\SYSTEM32\IPHLPAPI.DLL
0x00007ffa9c480000 - 0x00007ffa9c4e9000 	C:\WINDOWS\system32\mswsock.dll
0x00007ffa963e0000 - 0x00007ffa963f0000 	C:\Users\jraynor\.jdks\corretto-21.0.2\bin\net.dll
0x00007ffa98e00000 - 0x00007ffa98f36000 	C:\WINDOWS\SYSTEM32\WINHTTP.dll
0x00007ffa8df30000 - 0x00007ffa8df46000 	C:\Users\jraynor\.jdks\corretto-21.0.2\bin\nio.dll
0x00007ffa66a90000 - 0x00007ffa66b0b000 	C:\Users\jraynor\AppData\Local\Temp\lwjgl_jraynor\3.3.4+7\x64\lwjgl.dll
0x00007ff9ab900000 - 0x00007ff9abb71000 	C:\Users\jraynor\AppData\Local\Temp\lwjgl_jraynor\3.3.4+7\x64\jemalloc.dll
0x00007ffa53c30000 - 0x00007ffa53cb5000 	C:\Users\jraynor\AppData\Local\Temp\lwjgl_jraynor\3.3.4+7\x64\glfw.dll
0x00007ffa7d310000 - 0x00007ffa7d356000 	C:\WINDOWS\SYSTEM32\dinput8.dll
0x00007ffa7f2d0000 - 0x00007ffa7f2e1000 	C:\WINDOWS\SYSTEM32\xinput1_4.dll
0x00007ffa9cbe0000 - 0x00007ffa9cc2e000 	C:\WINDOWS\SYSTEM32\cfgmgr32.dll
0x00007ffa9cb90000 - 0x00007ffa9cbbc000 	C:\WINDOWS\SYSTEM32\DEVOBJ.dll
0x00007ffa9a600000 - 0x00007ffa9a62b000 	C:\WINDOWS\SYSTEM32\dwmapi.dll
0x00007ffa8b210000 - 0x00007ffa8b423000 	C:\WINDOWS\SYSTEM32\inputhost.dll
0x00007ffa97a00000 - 0x00007ffa97b33000 	C:\WINDOWS\SYSTEM32\CoreMessaging.dll
0x00007ffa9a370000 - 0x00007ffa9a421000 	C:\WINDOWS\system32\uxtheme.dll
0x00007ffa9c6f0000 - 0x00007ffa9c6fc000 	C:\WINDOWS\SYSTEM32\CRYPTBASE.DLL
0x00007ffa9f1f0000 - 0x00007ffa9f34e000 	C:\WINDOWS\System32\MSCTF.dll
0x00007ff9fecc0000 - 0x00007ff9fedc0000 	C:\WINDOWS\SYSTEM32\opengl32.dll
0x00007ff9fec90000 - 0x00007ff9fecbd000 	C:\WINDOWS\SYSTEM32\GLU32.dll
0x00007ffa9a670000 - 0x00007ffa9a6a7000 	C:\WINDOWS\SYSTEM32\dxcore.dll
0x00007ffa9dcc0000 - 0x00007ffa9dd70000 	C:\WINDOWS\System32\clbcatq.dll
0x00007ff9cc760000 - 0x00007ff9ced45000 	C:\WINDOWS\System32\DriverStore\FileRepository\nvmdi.inf_amd64_e08347d07a4d61e2\nvoglv64.dll
0x00007ffa9e030000 - 0x00007ffa9e4a4000 	C:\WINDOWS\System32\SETUPAPI.dll
0x00007ffa9f6f0000 - 0x00007ffa9f895000 	C:\WINDOWS\System32\ole32.dll
0x00007ffa9bdd0000 - 0x00007ffa9bde4000 	C:\WINDOWS\SYSTEM32\WTSAPI32.dll
0x00007ffa9cb70000 - 0x00007ffa9cb82000 	C:\WINDOWS\SYSTEM32\msasn1.dll
0x00007ffa95530000 - 0x00007ffa95562000 	C:\WINDOWS\SYSTEM32\cryptnet.dll
0x00007ffa9d6f0000 - 0x00007ffa9d856000 	C:\WINDOWS\System32\CRYPT32.dll
0x00007ffa9c780000 - 0x00007ffa9c7c9000 	C:\WINDOWS\SYSTEM32\wldp.dll
0x00007ffa953c0000 - 0x00007ffa95522000 	C:\WINDOWS\SYSTEM32\drvstore.dll
0x00007ffa9d5b0000 - 0x00007ffa9d61b000 	C:\WINDOWS\System32\WINTRUST.dll
0x00007ffa9c120000 - 0x00007ffa9c154000 	C:\WINDOWS\SYSTEM32\ntmarta.dll
0x00007ffa9e010000 - 0x00007ffa9e02f000 	C:\WINDOWS\System32\imagehlp.dll
0x00007ffa9c6d0000 - 0x00007ffa9c6eb000 	C:\WINDOWS\SYSTEM32\CRYPTSP.dll
0x00007ffa9bf70000 - 0x00007ffa9bfa5000 	C:\WINDOWS\system32\rsaenh.dll
0x00007ffa8e570000 - 0x00007ffa9039f000 	C:\WINDOWS\System32\DriverStore\FileRepository\nvmdi.inf_amd64_e08347d07a4d61e2\nvgpucomp64.dll
0x00007ffa9b9b0000 - 0x00007ffa9ba16000 	C:\WINDOWS\SYSTEM32\WINSTA.dll
0x00007ff9ff280000 - 0x00007ff9ff2e1000 	C:\Users\jraynor\AppData\Local\Temp\lwjgl_jraynor\3.3.4+7\x64\lwjgl_opengl.dll
0x00007ffa8d0f0000 - 0x00007ffa8d233000 	C:\WINDOWS\SYSTEM32\textinputframework.dll
0x00007ffa95570000 - 0x00007ffa958dd000 	C:\WINDOWS\SYSTEM32\CoreUIComponents.dll
0x00007ff978ff0000 - 0x00007ff979e17000 	C:\Users\jraynor\AppData\Local\Temp\imgui-java-natives\1.86.12\imgui-java64.dll
0x00007ffa80760000 - 0x00007ffa80769000 	C:\Users\jraynor\.jdks\corretto-21.0.2\bin\management.dll
0x00007ffa7f2c0000 - 0x00007ffa7f2cb000 	C:\Users\jraynor\.jdks\corretto-21.0.2\bin\management_ext.dll
0x00007ffa9f5e0000 - 0x00007ffa9f5e8000 	C:\WINDOWS\System32\PSAPI.DLL
0x00007ffa7ba30000 - 0x00007ffa7ba47000 	C:\WINDOWS\system32\napinsp.dll
0x00007ffa7ba10000 - 0x00007ffa7ba2b000 	C:\WINDOWS\system32\pnrpnsp.dll
0x00007ffa9baa0000 - 0x00007ffa9bb98000 	C:\WINDOWS\SYSTEM32\DNSAPI.dll
0x00007ffa9dcb0000 - 0x00007ffa9dcb9000 	C:\WINDOWS\System32\NSI.dll
0x00007ffa7b8f0000 - 0x00007ffa7b901000 	C:\WINDOWS\System32\winrnr.dll
0x00007ffa986a0000 - 0x00007ffa986b5000 	C:\WINDOWS\system32\wshbth.dll
0x00007ffa78690000 - 0x00007ffa786b7000 	C:\WINDOWS\system32\nlansp_c.dll
0x00007ffa96340000 - 0x00007ffa9634a000 	C:\Windows\System32\rasadhlp.dll
0x00007ffa98280000 - 0x00007ffa98303000 	C:\WINDOWS\System32\fwpuclnt.dll
0x00007ffa7efd0000 - 0x00007ffa7efde000 	C:\Users\jraynor\.jdks\corretto-21.0.2\bin\sunmscapi.dll
0x00007ffa9c870000 - 0x00007ffa9c89e000 	C:\WINDOWS\SYSTEM32\ncrypt.dll
0x00007ffa9c830000 - 0x00007ffa9c867000 	C:\WINDOWS\SYSTEM32\NTASN1.dll
0x00007ffa9c570000 - 0x00007ffa9c598000 	C:\WINDOWS\SYSTEM32\USERENV.dll
0x00007ffa7cd70000 - 0x00007ffa7cd79000 	C:\Users\jraynor\.jdks\corretto-21.0.2\bin\extnet.dll
0x00007ff9abf00000 - 0x00007ff9abfa0000 	C:\Users\jraynor\AppData\Local\Temp\lwjgl_jraynor\3.3.4+7\x64\lwjgl_stb.dll
0x00007ff9e2540000 - 0x00007ff9e258e000 	C:\ProgramData\obs-studio-hook\graphics-hook64.dll
0x00007ffa96870000 - 0x00007ffa96ac7000 	C:\WINDOWS\system32\d3d11.dll
0x00007ffa9a4f0000 - 0x00007ffa9a5e7000 	C:\WINDOWS\SYSTEM32\dxgi.dll
0x00007ffa95bb0000 - 0x00007ffa95bf9000 	C:\WINDOWS\SYSTEM32\directxdatabasehelper.dll
0x00007ffa90510000 - 0x00007ffa905d1000 	C:\WINDOWS\System32\DriverStore\FileRepository\nvmdi.inf_amd64_e08347d07a4d61e2\nvldumdx.dll
0x00007ffa86030000 - 0x00007ffa89be4000 	C:\WINDOWS\System32\DriverStore\FileRepository\nvmdi.inf_amd64_e08347d07a4d61e2\nvwgf2umx.dll
0x00007ffa905e0000 - 0x00007ffa90cc1000 	C:\WINDOWS\SYSTEM32\nvapi64.dll

dbghelp: loaded successfully - version: 4.0.5 - missing functions: none
symbol engine: initialized successfully - sym options: 0x614 - pdb path: .;C:\Users\jraynor\.jdks\corretto-21.0.2\bin;C:\WINDOWS\SYSTEM32;C:\WINDOWS\WinSxS\amd64_microsoft.windows.common-controls_6595b64144ccf1df_6.0.22621.3672_none_2713b9d173822955;C:\Users\jraynor\.jdks\corretto-21.0.2\bin\server;C:\Users\jraynor\AppData\Local\Temp\lwjgl_jraynor\3.3.4+7\x64;C:\WINDOWS\System32\DriverStore\FileRepository\nvmdi.inf_amd64_e08347d07a4d61e2;C:\Users\jraynor\AppData\Local\Temp\imgui-java-natives\1.86.12;C:\ProgramData\obs-studio-hook

VM Arguments:
jvm_args: -agentlib:jdwp=transport=dt_socket,address=127.0.0.1:55422,suspend=y,server=n -javaagent:C:/Users/jraynor/.gradle/caches/modules-2/files-2.1/org.jetbrains.kotlinx/kotlinx-coroutines-core-jvm/1.8.1/bb0e192bd7c2b6b8217440d36e9758e377e450/kotlinx-coroutines-core-jvm-1.8.1.jar -javaagent:C:\Users\jraynor\AppData\Local\JetBrains\IntelliJIdea2024.2\captureAgent\debugger-agent.jar=file:/C:/Users/jraynor/AppData/Local/Temp/capture1.props -Dkotlinx.coroutines.debug.enable.creation.stack.trace=false -Ddebugger.agent.enable.coroutines=true -Dfile.encoding=UTF-8 -Dsun.stdout.encoding=UTF-8 -Dsun.stderr.encoding=UTF-8 
java_command: bpm.client.render.markdown.MarkdownTestRunnerKt
java_class_path (initial): D:\meng.core\build\classes\kotlin\main;D:\meng.core\build\resources\main;D:\meng.core\.gradle\repositories\ng_dummy_ng\net\neoforged\neoforge\21.1.31\neoforge-21.1.31.jar;C:\Users\jraynor\.gradle\caches\modules-2\files-2.1\thedarkcolour\kotlinforforge-neoforge\5.5.0\82e4e6a5852a852b2f11780f6b52b473d1b8991\kotlinforforge-neoforge-5.5.0-slim.jar;C:\Users\jraynor\.gradle\caches\modules-2\files-2.1\org.jetbrains.kotlin\kotlin-reflect\2.0.10\6b4bbabe20bdb258246f711da4bd87263391a292\kotlin-reflect-2.0.10.jar;C:\Users\jraynor\.gradle\caches\modules-2\files-2.1\com.charleskorn.kaml\kaml-jvm\0.55.0\20d31f99bd647839e01e7354dfe3f0f9b86ed21d\kaml-jvm-0.55.0.jar;C:\Users\jraynor\.gradle\caches\modules-2\files-2.1\org.jetbrains.kotlin\kotlin-stdlib\2.0.10\9120f9dd349d5c67fa6710c4049c3128ef6b51db\kotlin-stdlib-2.0.10.jar;C:\Users\jraynor\.gradle\caches\modules-2\files-2.1\io.github.spair\imgui-java-app\1.86.12\f5d923c8fc719f91abc50bc0266fbd31b19d3cf5\imgui-java-app-1.86.12.jar;C:\Users\jraynor\.gradle\caches\modules-2\files-2.1\io.github.spair\imgui-java-binding\1.86.12\a13fa049c952f68753b7f7a3a38facea59f390be\imgui-java-binding-1.86.12.jar;C:\Users\jraynor\.gradle\caches\modules-2\files-2.1\io.github.spair\imgui-java-lwjgl3\1.86.12\fc17cc082d58b7c0c858afe509f6b955df8b01f9\imgui-java-lwjgl3-1.86.12.jar;C:\Users\jraynor\.gradle\caches\modules-2\files-2.1\io.github.spair\imgui-java-natives-windows\1.86.12\c7844dc67868f5b44c4e60d9438620a80eeac737\imgui-java-natives-windows-1.86.12.jar;C:\Users\jraynor\.gradle\caches\modules-2\files-2.1\io.github.spair\imgui-java-natives-linux\1.86.12\3e6c10055aa1402bf82f97138d4762fd2637d7b9\imgui-java-natives-linux-1.86.12.jar;C:\Users\jraynor\.gradle\caches\modules-2\files-2.1\io.github.spair\imgui-java-natives-macos\1.86.12\326503ce9ddec4f0743ec47eaaba7ceb1865ae26\imgui-java-natives-macos-1.86.12.jar;C:\Users\jraynor\.gradle\caches\modules-2\files-2.1\com.google.code.gson\gson\2.10.1\b3add478d4382b78ea20b1671390a858002feb6c\gson-2.10.1.jar;C:\Users\jraynor\.gradle\caches\modules-2\files-2.1\io.github.classgraph\classgraph\4.8.165\d7237a1fc235030b7b548eb3d671f714da01e50b\classgraph-4.8.165.jar;C:\Users\jraynor\.gradle\caches\modules-2\files-2.1\org.commonmark\commonmark\0.23.0\fef55c86ffcfa0ba482919c23cac3d7cd617f891\commonmark-0.23.0.jar;C:\Users\jraynor\.gradle\caches\modules-2\files-2.1\org.jsoup\jsoup\1.18.1\cb7cd991d47b44101cbe4655dec611cdc01f8a02\jsoup-1.18.1.jar;C:\Users\jraynor\.m2\repository\party\iroiro\luajava\luajit\4.0.3-SNAPSHOT\luajit-4.0.3-SNAPSHOT.jar;C:\Users\jraynor\.m2\repository\party\iroiro\luajava\luajava\4.0.3-SNAPSHOT\luajava-4.0.3-SNAPSHOT.jar;C:\Users\jraynor\.gradle\caches\modules-2\files-2.1\org.eclipse.jgit\org.eclipse.jgit\7.0.0.202409031743-r\e11135ded2f1f78da9a028002ad7837cc970ee8e\org.eclipse.jgit-7.0.0.202409031743-r.jar;C:\Users\jraynor\.gradle\caches\modules-2\files-2.1\net.neoforged.fancymodloader\earlydisplay\4.0.24\c1f79ceaefcb4c79dea89e969563718a2d5157f\earlydisplay-4.0.24.jar;C:\Users\jraynor\.gradle\caches\modules-2\files-2.1\net.neoforged.fancymodloader\loader\4.0.24\8211b356d57387a287aa3fb1d425fdd34db6d638\loader-4.0.24.jar;C:\Users\jraynor\.gradle\caches\modules-2\files-2.1\net.neoforged\coremods\7.0.3\9147e6f638b4272b3bd5fc8f92ad37802512c6c\coremods-7.0.3.jar;C:\Users\jraynor\.gradle\caches\modules-2\files-2.1\cpw.mods\modlauncher\11.0.4\6619d4812a3c092310d521ebc4c9503727563df7\modlauncher-11.0.4.jar;C:\Users\jraynor\.gradle\caches\modules-2\files-2.1\cpw.mods\bootstraplauncher\2.0.2\1a2d076cbc33b0520cbacd591224427b2a20047d\bootstraplauncher-2.0.2.jar;C:\Users\jraynor\.gradle\caches\modules-2\files-2.1\cpw.mods\securejarhandler\3.0.8\c0ef95cecd8699a0449053ac7d9c160748d902cd\securejarhandler-3.0.8.jar;C:\Users\jraynor\.gradle\caches\modules-2\files-2.1\net.neoforged.accesstransformers\at-modlauncher\10.0.1\5aba50202aceead086bc09fbc2751c9f05cb4890\at-modlauncher-10.0.1.jar;C:\Users\jraynor\.gradle\caches\modules-2\files-2.1\net.neoforged\accesstransformers\10.0.1\fd83b5725f76eae9115e9355fa1c456a6a441400\accesstransformers-10.0.1.jar;C:\Users\jraynor\.gradle\caches\modules-2\files-2.1\org.openjdk.nashorn\nashorn-core\15.4\f67f5ffaa5f5130cf6fb9b133da00c7df3b532a5\nashorn-core-15.4.jar;C:\Users\jraynor\.gradle\caches\modules-2\files-2.1\net.neoforged\mergetool\2.0.3\1275202cbbb248f49345cf6787ce299afd9a02fb\mergetool-2.0.3-api.jar;C:\Users\jraynor\.gradle\caches\modules-2\files-2.1\net.neoforged\bus\8.0.1\9df0ed904cec279eb33ca6df420f6f82706ebb4c\bus-8.0.1.jar;C:\Users\jraynor\.gradle\caches\modules-2\files-2.1\com.electronwill.night-config\toml\3.8.0\861dbcf2757dd6701c98b3949198549ccb5f62ff\toml-3.8.0.jar;C:\Users\jraynor\.gradle\caches\modules-2\files-2.1\com.electronwill.night-config\core\3.8.0\2498dd2b3120dd49e963e2feab8fa5d0c5f80e0a\core-3.8.0.jar;C:\Users\jraynor\.gradle\caches\modules-2\files-2.1\net.neoforged\JarJarSelector\0.4.1\fb3cc7a58af22ad2880adb98af6d518128c47dae\JarJarSelector-0.4.1.jar;C:\Users\jraynor\.gradle\caches\modules-2\files-2.1\net.neoforged\JarJarMetadata\0.4.1\f8da03683dc81694556dc3e177c5e3bb77ae6fcb\JarJarMetadata-0.4.1.jar;C:\Users\jraynor\.gradle\caches\modules-2\files-2.1\org.apache.maven\maven-artifact\3.8.5\4433f50c07debefaed0553bd0068f4f48d449313\maven-artifact-3.8.5.jar;C:\Users\jraynor\.gradle\caches\modules-2\files-2.1\net.jodah\typetools\0.6.3\a01aaa6ddaea9ec07ec4f209487b7a46a526283a\typetools-0.6.3.jar;C:\Users\jraynor\.gradle\caches\modules-2\files-2.1\net.minecrell\terminalconsoleappender\1.3.0\b562e9bb61235c9520e26282cdee71f8f802d1fc\terminalconsoleappender-1.3.0.jar;C:\Users\jraynor\.gradle\caches\modules-2\files-2.1\net.fabricmc\sponge-mixin\0.15.2+mixin.0.8.7\2af2f021d8e02a0220dc27a7a72b4666d66d44ca\sponge-mixin-0.15.2+mixin.0.8.7.jar;C:\Users\jraynor\.gradle\caches\modules-2\files-2.1\com.mojang\authlib\6.0.54\de8bc95660e1b2fe8793fd427a7a10dcec5b3ea7\authlib-6.0.54.jar;C:\Users\jraynor\.gradle\caches\modules-2\files-2.1\org.apache.commons\commons-compress\1.26.0\659feffdd12280201c8aacb8f7be94f9a883c824\commons-compress-1.26.0.jar;C:\Users\jraynor\.gradle\caches\modules-2\files-2.1\org.apache.commons\commons-lang3\3.14.0\1ed471194b02f2c6cb734a0cd6f6f107c673afae\commons-lang3-3.14.0.jar;C:\Users\jraynor\.gradle\caches\modules-2\files-2.1\com.mojang\logging\1.2.7\24cb95ffb0e3433fd6e844c04e68009e504ca1c0\logging-1.2.7.jar;C:\Users\jraynor\.gradle\caches\modules-2\files-2.1\org.apache.logging.log4j\log4j-slf4j2-impl\2.22.1\d7e6693c2606cb7e7335047d7bb96dec52db5665\log4j-slf4j2-impl-2.22.1.jar;C:\Users\jraynor\.gradle\caches\modules-2\files-2.1\org.apache.logging.log4j\log4j-core\2.22.1\7183a25510a02ad00cc6a95d3b3d2a7d3c5a8dc4\log4j-core-2.22.1.jar;C:\Users\jraynor\.gradle\caches\modules-2\files-2.1\org.apache.logging.log4j\log4j-api\2.22.1\bea6fede6328fabafd7e68363161a7ea6605abd1\log4j-api-2.22.1.jar;C:\Users\jraynor\.gradle\caches\modules-2\files-2.1\net.neoforged\neoform\1.21.1-20240808.144430\811e2bd86fa2cda2812e5e8e51d718ea8bd6d3f4\neoform-1.21.1-20240808.144430.zip;C:\Users\jraynor\.gradle\caches\modules-2\files-2.1\net.neoforged\JarJarFileSystems\0.4.1\78f59f89defcd032ed788b151ca6a0d40ace796a\JarJarFileSystems-0.4.1.jar;C:\Users\jraynor\.gradle\caches\modules-2\files-2.1\io.github.llamalad7\mixinextras-neoforge\0.4.1\eff97772ecd0dcf8e52cdbafd3b3ccec425f8314\mixinextras-neoforge-0.4.1.jar;C:\Users\jraynor\.gradle\caches\modules-2\files-2.1\com.github.oshi\oshi-core\6.4.10\b1d8ab82d11d92fd639b56d639f8f46f739dd5fa\oshi-core-6.4.10.jar;C:\Users\jraynor\.gradle\caches\modules-2\files-2.1\com.mojang\datafixerupper\8.0.16\67d4de6d7f95d89bcf5862995fb854ebaec02a34\datafixerupper-8.0.16.jar;C:\Users\jraynor\.gradle\caches\modules-2\files-2.1\com.mojang\text2speech\1.17.9\3cad216e3a7f0c19b4b394388bc9ffc446f13b14\text2speech-1.17.9.jar;C:\Users\jraynor\.gradle\caches\modules-2\files-2.1\org.slf4j\slf4j-api\2.0.9\7cf2726fdcfbc8610f9a71fb3ed639871f315340\slf4j-api-2.0.9.jar;C:\Users\jraynor\.gradle\caches\modules-2\files-2.1\com.mojang\patchy\2.2.10\da05971b07cbb379d002cf7eaec6a2048211fefc\patchy-2.2.10.jar;C:\Users\jraynor\.gradle\caches\modules-2\files-2.1\com.google.guava\guava\32.1.2-jre\5e64ec7e056456bef3a4bc4c6fdaef71e8ab6318\guava-32.1.2-jre.jar;C:\Users\jraynor\.gradle\caches\modules-2\files-2.1\com.google.guava\failureaccess\1.0.1\1dcf1de382a0bf95a3d8b0849546c88bac1292c9\failureaccess-1.0.1.jar;C:\Users\jraynor\.gradle\caches\modules-2\files-2.1\com.google.guava\listenablefuture\9999.0-empty-to-avoid-conflict-with-guava\b421526c5f297295adef1c886e5246c39d4ac629\listenablefuture-9999.0-empty-to-avoid-conflict-with-guava.jar;C:\Users\jraynor\.gradle\caches\modules-2\files-2.1\com.google.code.findbugs\jsr305\3.0.2\25ea2e8b0c338a877313bd4672d3fe056ea78f0d\jsr305-3.0.2.jar;C:\Users\jraynor\.gradle\caches\modules-2\files-2.1\org.checkerframework\checker-qual\3.33.0\de2b60b62da487644fc11f734e73c8b0b431238f\checker-qual-3.33.0.jar;C:\Users\jraynor\.gradle\caches\modules-2\files-2.1\com.google.errorprone\error_prone_annotations\2.18.0\89b684257096f548fa39a7df9fdaa409d4d4df91\error_prone_annotations-2.18.0.jar;C:\Users\jraynor\.gradle\caches\modules-2\files-2.1\com.google.j2objc\j2objc-annotations\2.8\c85270e307e7b822f1086b93689124b89768e273\j2objc-annotations-2.8.jar;C:\Users\jraynor\.gradle\caches\modules-2\files-2.1\commons-io\commons-io\2.15.1\f11560da189ab563a5c8e351941415430e9304ea\commons-io-2.15.1.jar;C:\Users\jraynor\.gradle\caches\modules-2\files-2.1\net.sf.jopt-simple\jopt-simple\5.0.4\4fdac2fbe92dfad86aa6e9301736f6b4342a3f5c\jopt-simple-5.0.4.jar;C:\Users\jraynor\.gradle\caches\modules-2\files-2.1\net.minecraftforge\srgutils\0.4.15\ca408b131759478f164e010fae0d73997e125fb5\srgutils-0.4.15.jar;C:\Users\jraynor\.gradle\caches\modules-2\files-2.1\org.antlr\antlr4-runtime\4.13.1\17125bae1d965624e265ef49552f6465a2bfa307\antlr4-runtime-4.13.1.jar;C:\Users\jraynor\.gradle\caches\modules-2\files-2.1\org.jline\jline-reader\3.20.0\8f15415b022a25b473e8e16c28ae913186ffb9c4\jline-reader-3.20.0.jar;C:\Users\jraynor\.gradle\caches\modules-2\files-2.1\org.jline\jline-terminal\3.20.0\d0ddcc708ddf527a3454c941b7b9225cc83a15ff\jline-terminal-3.20.0.jar;C:\Users\jraynor\.gradle\caches\modules-2\files-2.1\org.codehaus.plexus\plexus-utils\3.3.0\cf43b5391de623b36fe066a21127baef82c64022\plexus-utils-3.3.0.jar;C:\Users\jraynor\.gradle\caches\modules-2\files-2.1\com.machinezoo.noexception\noexception\1.7.1\b65330c98e38a1f915fa54a6e5eca496505e3f0a\noexception-1.7.1.jar;D:\meng.core\.gradle\repositories\ng_dummy_ng\net\minecraft\client\1.21.1\client-1.21.1-client-extra.jar;C:\Users\jraynor\.gradle\caches\modules-2\files-2.1\com.ibm.icu\icu4j\73.2\61ad4ef7f9131fcf6d25c34b817f90d6da06c9e9\icu4j-73.2.jar;C:\Users\jraynor\.gradle\caches\modules-2\files-2.1\com.mojang\blocklist\1.0.10\5c685c5ffa94c4cd39496c7184c1d122e515ecef\blocklist-1.0.10.jar;C:\Users\jraynor\.gradle\caches\modules-2\files-2.1\com.mojang\brigadier\1.3.10\d15b53a14cf20fdcaa98f731af5dda654452c010\brigadier-1.3.10.jar;C:\Users\jraynor\.gradle\caches\modules-2\files-2.1\org.apache.httpcomponents\httpclient\4.5.13\e5f6cae5ca7ecaac1ec2827a9e2d65ae2869cada\httpclient-4.5.13.jar;C:\Users\jraynor\.gradle\caches\modules-2\files-2.1\commons-codec\commons-codec\1.17.1\973638b7149d333563584137ebf13a691bb60579\commons-codec-1.17.1.jar;C:\Users\jraynor\.gradle\caches\modules-2\files-2.1\commons-logging\commons-logging\1.2\4bfc12adfe4842bf07b657f0369c4cb522955686\commons-logging-1.2.jar;C:\Users\jraynor\.gradle\caches\modules-2\files-2.1\io.netty\netty-handler\4.1.97.Final\abb86c6906bf512bf2b797a41cd7d2e8d3cd7c36\netty-handler-4.1.97.Final.jar;C:\Users\jraynor\.gradle\caches\modules-2\files-2.1\io.netty\netty-codec\4.1.97.Final\384ba4d75670befbedb45c4d3b497a93639c206d\netty-codec-4.1.97.Final.jar;C:\Users\jraynor\.gradle\caches\modules-2\files-2.1\io.netty\netty-transport-classes-epoll\4.1.97.Final\795da37ded759e862457a82d9d92c4d39ce8ecee\netty-transport-classes-epoll-4.1.97.Final.jar;C:\Users\jraynor\.gradle\caches\modules-2\files-2.1\io.netty\netty-transport-native-unix-common\4.1.97.Final\d469d84265ab70095b01b40886cabdd433b6e664\netty-transport-native-unix-common-4.1.97.Final.jar;C:\Users\jraynor\.gradle\caches\modules-2\files-2.1\io.netty\netty-transport\4.1.97.Final\f37380d23c9bb079bc702910833b2fd532c9abd0\netty-transport-4.1.97.Final.jar;C:\Users\jraynor\.gradle\caches\modules-2\files-2.1\io.netty\netty-buffer\4.1.97.Final\f8f3d8644afa5e6e1a40a3a6aeb9d9aa970ecb4f\netty-buffer-4.1.97.Final.jar;C:\Users\jraynor\.gradle\caches\modules-2\files-2.1\io.netty\netty-resolver\4.1.97.Final\cec8348108dc76c47cf87c669d514be52c922144\netty-resolver-4.1.97.Final.jar;C:\Users\jraynor\.gradle\caches\modules-2\files-2.1\io.netty\netty-common\4.1.97.Final\7cceacaf11df8dc63f23d0fb58e9d4640fc88404\netty-common-4.1.97.Final.jar;C:\Users\jraynor\.gradle\caches\modules-2\files-2.1\it.unimi.dsi\fastutil\8.5.12\c24946d46824bd528054bface3231d2ecb7e95e8\fastutil-8.5.12.jar;C:\Users\jraynor\.gradle\caches\modules-2\files-2.1\net.java.dev.jna\jna-platform\5.14.0\28934d48aed814f11e4c584da55c49fa7032b31b\jna-platform-5.14.0.jar;C:\Users\jraynor\.gradle\caches\modules-2\files-2.1\ca.weblite\java-objc-bridge\1.1\1227f9e0666314f9de41477e3ec277e542ed7f7b\java-objc-bridge-1.1.jar;C:\Users\jraynor\.gradle\caches\modules-2\files-2.1\net.java.dev.jna\jna\5.14.0\67bf3eaea4f0718cb376a181a629e5f88fa1c9dd\jna-5.14.0.jar;C:\Users\jraynor\.gradle\caches\modules-2\files-2.1\org.apache.httpcomponents\httpcore\4.4.16\51cf043c87253c9f58b539c9f7e44c8894223850\httpcore-4.4.16.jar;C:\Users\jraynor\.gradle\caches\modules-2\files-2.1\org.jcraft\jorbis\0.0.17\8872d22b293e8f5d7d56ff92be966e6dc28ebdc6\jorbis-0.0.17.jar;C:\Users\jraynor\.gradle\caches\modules-2\files-2.1\org.joml\joml\1.10.5\22566d58af70ad3d72308bab63b8339906deb649\joml-1.10.5.jar;C:\Users\jraynor\.gradle\caches\modules-2\files-2.1\org.lwjgl\lwjgl-freetype\3.3.4\23f7bf165068ef2ca80ae1b79fd905af20498600\lwjgl-freetype-3.3.4.jar;C:\Users\jraynor\.gradle\caches\modules-2\files-2.1\org.lwjgl\lwjgl-freetype\3.3.4\fe3f8d6b8ef3a31c7ea6fd0f37a8720c3d4418f4\lwjgl-freetype-3.3.4-natives-windows.jar;C:\Users\jraynor\.gradle\caches\modules-2\files-2.1\org.lwjgl\lwjgl-freetype\3.3.4\5d1721df3dc001b716b541b7f74c996ba2dce643\lwjgl-freetype-3.3.4-natives-windows-arm64.jar;C:\Users\jraynor\.gradle\caches\modules-2\files-2.1\org.lwjgl\lwjgl-freetype\3.3.4\7fe2a9f29a91d5467c4e63a059b389195b39a5b5\lwjgl-freetype-3.3.4-natives-windows-x86.jar;C:\Users\jraynor\.gradle\caches\modules-2\files-2.1\org.lwjgl\lwjgl-glfw\3.3.4\7e46ecdec85db8738053cfde1414352cd62dab74\lwjgl-glfw-3.3.4.jar;C:\Users\jraynor\.gradle\caches\modules-2\files-2.1\org.lwjgl\lwjgl-glfw\3.3.4\91e3d4b56d6d1369ef107b9d7801c9f38125c590\lwjgl-glfw-3.3.4-natives-linux.jar;C:\Users\jraynor\.gradle\caches\modules-2\files-2.1\org.lwjgl\lwjgl-glfw\3.3.4\753fa860987242ceefa990a6062a18dff4908a33\lwjgl-glfw-3.3.4-natives-macos.jar;C:\Users\jraynor\.gradle\caches\modules-2\files-2.1\org.lwjgl\lwjgl-glfw\3.3.4\4c358e983516fb6318b76c892ac35b79e8f2f8d9\lwjgl-glfw-3.3.4-natives-macos-arm64.jar;C:\Users\jraynor\.gradle\caches\modules-2\files-2.1\org.lwjgl\lwjgl-glfw\3.3.4\370ef92d15819a123c643dd2b0fc3a2d40bb263c\lwjgl-glfw-3.3.4-natives-windows.jar;C:\Users\jraynor\.gradle\caches\modules-2\files-2.1\org.lwjgl\lwjgl-glfw\3.3.4\2515ef0622345f43bef2de2cd32b7dd6d7951e97\lwjgl-glfw-3.3.4-natives-windows-arm64.jar;C:\Users\jraynor\.gradle\caches\modules-2\files-2.1\org.lwjgl\lwjgl-glfw\3.3.4\3dbc102949a66255b95a31c2471f4c6a22b22737\lwjgl-glfw-3.3.4-natives-windows-x86.jar;C:\Users\jraynor\.gradle\caches\modules-2\files-2.1\org.lwjgl\lwjgl-jemalloc\3.3.4\e3f5dcb8e13f3a5ed3f740fd30a114cee2a80bc4\lwjgl-jemalloc-3.3.4.jar;C:\Users\jraynor\.gradle\caches\modules-2\files-2.1\org.lwjgl\lwjgl-jemalloc\3.3.4\4fa19a3d8262e2d73d9632b70b753a2b67552951\lwjgl-jemalloc-3.3.4-natives-windows.jar;C:\Users\jraynor\.gradle\caches\modules-2\files-2.1\org.lwjgl\lwjgl-jemalloc\3.3.4\2b0fbe6d19ef7e3e0134dd08b28a08ed331d7213\lwjgl-jemalloc-3.3.4-natives-windows-arm64.jar;C:\Users\jraynor\.gradle\caches\modules-2\files-2.1\org.lwjgl\lwjgl-jemalloc\3.3.4\54087cafb7c5e0d5dc440d1aa61fae9a7b384785\lwjgl-jemalloc-3.3.4-natives-windows-x86.jar;C:\Users\jraynor\.gradle\caches\modules-2\files-2.1\org.lwjgl\lwjgl-openal\3.3.4\9b74d3ea380c83353d42af43ad9659e04dabe84a\lwjgl-openal-3.3.4.jar;C:\Users\jraynor\.gradle\caches\modules-2\files-2.1\org.lwjgl\lwjgl-openal\3.3.4\c4de8af803aacda71044418095a71cd63b569a15\lwjgl-openal-3.3.4-natives-windows.jar;C:\Users\jraynor\.gradle\caches\modules-2\files-2.1\org.lwjgl\lwjgl-openal\3.3.4\f20045cf3d2efbe2d34b48d348ca8b4578159f38\lwjgl-openal-3.3.4-natives-windows-arm64.jar;C:\Users\jraynor\.gradle\caches\modules-2\files-2.1\org.lwjgl\lwjgl-openal\3.3.4\35ccf6e634931b2f980bd232def11f81e66484a6\lwjgl-openal-3.3.4-natives-windows-x86.jar;C:\Users\jraynor\.gradle\caches\modules-2\files-2.1\org.lwjgl\lwjgl-opengl\3.3.4\2852ac7d9f6fc71349f1ce28e2708ff1977f18af\lwjgl-opengl-3.3.4.jar;C:\Users\jraynor\.gradle\caches\modules-2\files-2.1\org.lwjgl\lwjgl-opengl\3.3.4\789df76d2e3da55349d858dfb81442149af7c7f4\lwjgl-opengl-3.3.4-natives-linux.jar;C:\Users\jraynor\.gradle\caches\modules-2\files-2.1\org.lwjgl\lwjgl-opengl\3.3.4\ae0dd9d292744114f54d268a98cf1cd748b9994d\lwjgl-opengl-3.3.4-natives-macos.jar;C:\Users\jraynor\.gradle\caches\modules-2\files-2.1\org.lwjgl\lwjgl-opengl\3.3.4\832e7deef981577ee7aeb3b9e1c74bc0e5d26cce\lwjgl-opengl-3.3.4-natives-macos-arm64.jar;C:\Users\jraynor\.gradle\caches\modules-2\files-2.1\org.lwjgl\lwjgl-opengl\3.3.4\f7ca4e75573a9ce83075bd86bc8a3e49ff106696\lwjgl-opengl-3.3.4-natives-windows.jar;C:\Users\jraynor\.gradle\caches\modules-2\files-2.1\org.lwjgl\lwjgl-opengl\3.3.4\37f11e183244b924e4125f17c73fc0ae437b1da0\lwjgl-opengl-3.3.4-natives-windows-arm64.jar;C:\Users\jraynor\.gradle\caches\modules-2\files-2.1\org.lwjgl\lwjgl-opengl\3.3.4\b6d5c724826bac85640a6049f0a1ddf431181126\lwjgl-opengl-3.3.4-natives-windows-x86.jar;C:\Users\jraynor\.gradle\caches\modules-2\files-2.1\org.lwjgl\lwjgl-stb\3.3.4\5821735d5ef23f6da8542887344e57eb181b7cac\lwjgl-stb-3.3.4.jar;C:\Users\jraynor\.gradle\caches\modules-2\files-2.1\org.lwjgl\lwjgl-stb\3.3.4\8310e565463ec8d369528e8b26a9b1518d079a01\lwjgl-stb-3.3.4-natives-windows.jar;C:\Users\jraynor\.gradle\caches\modules-2\files-2.1\org.lwjgl\lwjgl-stb\3.3.4\e089eb15fa7ac8e2c0c86f8a09c1c0c81f40aa0b\lwjgl-stb-3.3.4-natives-windows-arm64.jar;C:\Users\jraynor\.gradle\caches\modules-2\files-2.1\org.lwjgl\lwjgl-stb\3.3.4\d09beab94b973d0d919b1ceb3e057508c1f203f8\lwjgl-stb-3.3.4-natives-windows-x86.jar;C:\Users\jraynor\.gradle\caches\modules-2\files-2.1\org.lwjgl\lwjgl-tinyfd\3.3.4\2d73789ffd8962b38d9d599cc38b2383ce818c7a\lwjgl-tinyfd-3.3.4.jar;C:\Users\jraynor\.gradle\caches\modules-2\files-2.1\org.lwjgl\lwjgl-tinyfd\3.3.4\edb114fba87b0bb02866f18fbd0e98e999c48676\lwjgl-tinyfd-3.3.4-natives-windows.jar;C:\Users\jraynor\.gradle\caches\modules-2\files-2.1\org.lwjgl\lwjgl-tinyfd\3.3.4\5b38a0f069a6e529a038779d5a32d801375c3895\lwjgl-tinyfd-3.3.4-natives-windows-arm64.jar;C:\Users\jraynor\.gradle\caches\modules-2\files-2.1\org.lwjgl\lwjgl-tinyfd\3.3.4\f4b1684b7aea11547699a87317f0c8e3a089d0ac\lwjgl-tinyfd-3.3.4-natives-windows-x86.jar;C:\Users\jraynor\.gradle\caches\modules-2\files-2.1\org.lwjgl\lwjgl\3.3.4\b86c3e4832426e8a6b466013b7cb34b40e9ce956\lwjgl-3.3.4.jar;C:\Users\jraynor\.gradle\caches\modules-2\files-2.1\org.lwjgl\lwjgl\3.3.4\a7ccba1d3f2fef214943e74335a80cc65d04e49\lwjgl-3.3.4-natives-linux.jar;C:\Users\jraynor\.gradle\caches\modules-2\files-2.1\org.lwjgl\lwjgl\3.3.4\f952bb0894c946445942431de2e311feee635c00\lwjgl-3.3.4-natives-macos.jar;C:\Users\jraynor\.gradle\caches\modules-2\files-2.1\org.lwjgl\lwjgl\3.3.4\d12785da7cdca4921603b5dd83f712f5cdba3fc4\lwjgl-3.3.4-natives-macos-arm64.jar;C:\Users\jraynor\.gradle\caches\modules-2\files-2.1\org.lwjgl\lwjgl\3.3.4\dd0927c1348cdcd9573fa24b7278ec1ac2bb0a76\lwjgl-3.3.4-natives-windows.jar;C:\Users\jraynor\.gradle\caches\modules-2\files-2.1\org.lwjgl\lwjgl\3.3.4\53cd90561967ab85b25e5216f7557dd027537b46\lwjgl-3.3.4-natives-windows-arm64.jar;C:\Users\jraynor\.gradle\caches\modules-2\files-2.1\org.lwjgl\lwjgl\3.3.4\4da2cf3d17e4f8c654f71b0ce003712e540c1a9f\lwjgl-3.3.4-natives-windows-x86.jar;C:\Users\jraynor\.gradle\caches\modules-2\files-2.1\org.lz4\lz4-java\1.8.0\4b986a99445e49ea5fbf5d149c4b63f6ed6c6780\lz4-java-1.8.0.jar;C:\Users\jraynor\.gradle\caches\modules-2\files-2.1\org.jetbrains\annotations\24.1.0\7af6a669488450c4a07c2c3254e2151df42d7d04\annotations-24.1.0.jar;C:\Users\jraynor\.gradle\caches\modules-2\files-2.1\thedarkcolour\kfflang-neoforge\5.5.0\6aa1754c54c7da2caddcb26eb90315172259284d\kfflang-neoforge-5.5.0.jar;C:\Users\jraynor\.gradle\caches\modules-2\files-2.1\thedarkcolour\kfflib-neoforge\5.5.0\79719ddfca0443dd6db8a3b663f128dd1f5a7ed4\kfflib-neoforge-5.5.0.jar;C:\Users\jraynor\.gradle\caches\modules-2\files-2.1\thedarkcolour\kffmod-neoforge\5.5.0\9fc6838c2aef23cc38bc650b951c4dd18bf10c4\kffmod-neoforge-5.5.0.jar;C:\Users\jraynor\.gradle\caches\modules-2\files-2.1\org.jetbrains.kotlinx\kotlinx-coroutines-core-jvm\1.8.1\bb0e192bd7c2b6b8217440d36e9758e377e450\kotlinx-coroutines-core-jvm-1.8.1.jar;C:\Users\jraynor\.gradle\caches\modules-2\files-2.1\org.jetbrains.kotlinx\kotlinx-serialization-json-jvm\1.7.2\6701e8c68d9e82387ce72ee96e8ddf058208d58f\kotlinx-serialization-json-jvm-1.7.2.jar;C:\Users\jraynor\.gradle\caches\modules-2\files-2.1\org.jetbrains.kotlinx\kotlinx-serialization-core-jvm\1.7.2\a8259bd311fb07aae6d757a980b662fb24551a4b\kotlinx-serialization-core-jvm-1.7.2.jar;C:\Users\jraynor\.gradle\caches\modules-2\files-2.1\com.googlecode.javaewah\JavaEWAH\1.2.3\13a27c856e0c8808cee9a64032c58eee11c3adc9\JavaEWAH-1.2.3.jar;C:\Users\jraynor\.gradle\caches\modules-2\files-2.1\org.jetbrains.kotlinx\kotlinx-coroutines-jdk8\1.8.1\a9c5828df815ab41dd9063fda549715c41e8bfab\kotlinx-coroutines-jdk8-1.8.1.jar;C:\Users\jraynor\.gradle\caches\modules-2\files-2.1\org.jetbrains.kotlin\kotlin-stdlib-jdk8\2.0.10\c534f832a521e51e0f7394a760faf307477c2b97\kotlin-stdlib-jdk8-2.0.10.jar;C:\Users\jraynor\.gradle\caches\modules-2\files-2.1\org.jetbrains.kotlin\kotlin-stdlib-jdk7\2.0.10\60653f9d72ff3febc3d4e64daa412edc090d0157\kotlin-stdlib-jdk7-2.0.10.jar;C:\Users\jraynor\.gradle\caches\modules-2\files-2.1\org.snakeyaml\snakeyaml-engine\2.6\235a7e571b33eda1a81e0f73a3173ef95dd020e5\snakeyaml-engine-2.6.jar;C:\Users\jraynor\.gradle\caches\modules-2\files-2.1\org.ow2.asm\asm-commons\9.6\f1a9e5508eff490744144565c47326c8648be309\asm-commons-9.6.jar;C:\Users\jraynor\.gradle\caches\modules-2\files-2.1\org.ow2.asm\asm-util\9.6\f77caf84eb93786a749b2baa40865b9613e3eaee\asm-util-9.6.jar;C:\Users\jraynor\.gradle\caches\modules-2\files-2.1\org.ow2.asm\asm-analysis\9.6\9ce6c7b174bd997fc2552dff47964546bd7a5ec3\asm-analysis-9.6.jar;C:\Users\jraynor\.gradle\caches\modules-2\files-2.1\org.ow2.asm\asm-tree\9.6\c0cdda9d211e965d2a4448aa3fd86110f2f8c2de\asm-tree-9.6.jar;C:\Users\jraynor\.gradle\caches\modules-2\files-2.1\org.ow2.asm\asm\9.6\aa205cf0a06dbd8e04ece91c0b37c3f5d567546a\asm-9.6.jar;C:\Users\jraynor\.gradle\caches\modules-2\files-2.1\com.badlogicgames.gdx\gdx-jnigen-loader\2.5.2\f35e90affe07c46b4f5e5958a1a4c1820c4890e2\gdx-jnigen-loader-2.5.2.jar;C:\Users\jraynor\AppData\Local\Programs\IntelliJ IDEA Ultimate\lib\idea_rt.jar
Launcher Type: SUN_STANDARD

[Global flags]
     intx CICompilerCount                          = 15                                        {product} {ergonomic}
     uint ConcGCThreads                            = 6                                         {product} {ergonomic}
     uint G1ConcRefinementThreads                  = 23                                        {product} {ergonomic}
   size_t G1HeapRegionSize                         = 4194304                                   {product} {ergonomic}
    uintx GCDrainStackTargetSize                   = 64                                        {product} {ergonomic}
   size_t InitialHeapSize                          = 532676608                                 {product} {ergonomic}
   size_t MarkStackSize                            = 4194304                                   {product} {ergonomic}
   size_t MaxHeapSize                              = 8514437120                                {product} {ergonomic}
   size_t MaxNewSize                               = 5108662272                                {product} {ergonomic}
   size_t MinHeapDeltaBytes                        = 4194304                                   {product} {ergonomic}
   size_t MinHeapSize                              = 8388608                                   {product} {ergonomic}
    uintx NonNMethodCodeHeapSize                   = 8192380                                {pd product} {ergonomic}
    uintx NonProfiledCodeHeapSize                  = 121732930                              {pd product} {ergonomic}
    uintx ProfiledCodeHeapSize                     = 121732930                              {pd product} {ergonomic}
    uintx ReservedCodeCacheSize                    = 251658240                              {pd product} {ergonomic}
     bool SegmentedCodeCache                       = true                                      {product} {ergonomic}
   size_t SoftMaxHeapSize                          = 8514437120                             {manageable} {ergonomic}
     bool UseCompressedOops                        = true                           {product lp64_product} {ergonomic}
     bool UseG1GC                                  = true                                      {product} {ergonomic}
     bool UseLargePagesIndividualAllocation        = false                                  {pd product} {ergonomic}

Logging:
Log output configuration:
 #0: stdout all=warning uptime,level,tags foldmultilines=false
 #1: stderr all=off uptime,level,tags foldmultilines=false

Environment Variables:
JAVA_HOME=C:\Program Files\Java\jdk-17
PATH=C:\Program Files\Common Files\Oracle\Java\javapath;C:\Users\jraynor\AppData\Local\Programs\Python\Python312\Scripts\;C:\Users\jraynor\AppData\Local\Programs\Python\Python312\;C:\WINDOWS\system32;C:\WINDOWS;C:\WINDOWS\System32\Wbem;C:\WINDOWS\System32\WindowsPowerShell\v1.0\;C:\WINDOWS\System32\OpenSSH\;C:\Program Files\Git\cmd;C:\Program Files (x86)\Windows Kits\10\Windows Performance Toolkit\;C:\ProgramData\chocolatey\bin;C:\Program Files\CMake\bin;C:\Program Files\dotnet\;C:\Program Files\nodejs\;C:\Program Files\Java\jdk-17\bin;C:\Program Files\GitHub CLI\;C:\Users\jraynor\AppData\Local\Programs\Python\Launcher\;C:\Users\jraynor\AppData\Local\Microsoft\WindowsApps;C:\Users\jraynor\AppData\Local\GitHubDesktop\bin;C:\Users\jraynor\AppData\Local\JetBrains\Toolbox\scripts;C:\Users\jraynor\AppData\Local\Microsoft\WinGet\Links;C:\Users\jraynor\AppData\Roaming\npm;C:\Users\jraynor\AppData\Local\Programs\Microsoft VS Code\bin
USERNAME=jraynor
OS=Windows_NT
PROCESSOR_IDENTIFIER=Intel64 Family 6 Model 183 Stepping 1, GenuineIntel
TMP=C:\Users\jraynor\AppData\Local\Temp
TEMP=C:\Users\jraynor\AppData\Local\Temp




Periodic native trim disabled

---------------  S Y S T E M  ---------------

OS:
 Windows 11 , 64 bit Build 22621 (10.0.22621.3958)
OS uptime: 0 days 7:19 hours

CPU: total 32 (initial active 32) (32 cores per cpu, 1 threads per core) family 6 model 183 stepping 1 microcode 0x125, cx8, cmov, fxsr, mmx, 3dnowpref, sse, sse2, sse3, ssse3, sse4.1, sse4.2, popcnt, lzcnt, tsc, tscinvbit, avx, avx2, aes, erms, clmul, bmi1, bmi2, adx, sha, fma, vzeroupper, clflush, clflushopt, clwb, serialize, rdtscp, rdpid, fsrm, f16c, pku, cet_ibt, cet_ss
Processor Information for all 32 processors :
  Max Mhz: 3000, Current Mhz: 3000, Mhz Limit: 3000

Memory: 4k page, system-wide physical 32475M (6667M free)
TotalPageFile size 44763M (AvailPageFile size 8551M)
current process WorkingSet (physical memory assigned to process): 639M, peak: 658M
current process commit charge ("private bytes"): 935M, peak: 1367M

vm_info: OpenJDK 64-Bit Server VM (21.0.2+13-LTS) for windows-amd64 JRE (21.0.2+13-LTS), built on 2024-01-10T23:18:03Z by "Administrator" with MS VC++ 16.10 / 16.11 (VS2019)

END.
